-------------------------------------------------------------------------------
Test set: com.example.LAB5.manual.DAO.FunctionDAOTest
-------------------------------------------------------------------------------
Tests run: 12, Failures: 0, Errors: 12, Skipped: 0, Time elapsed: 0.011 s <<< FAILURE! - in com.example.LAB5.manual.DAO.FunctionDAOTest
testCreateAndFindFunction  Time elapsed: 0.005 s  <<< ERROR!
java.lang.ExceptionInInitializerError: PostgreSQL JDBC Driver not found
	at com.example.LAB5.manual.DAO.FunctionDAOTest.createTestUser(FunctionDAOTest.java:44)
	at com.example.LAB5.manual.DAO.FunctionDAOTest.setUp(FunctionDAOTest.java:34)

testFindByUserId  Time elapsed: 0 s  <<< ERROR!
java.lang.NoClassDefFoundError: Could not initialize class com.example.LAB5.manual.config.DatabaseConfig
	at com.example.LAB5.manual.DAO.FunctionDAOTest.createTestUser(FunctionDAOTest.java:44)
	at com.example.LAB5.manual.DAO.FunctionDAOTest.setUp(FunctionDAOTest.java:34)
Caused by: java.lang.ExceptionInInitializerError: Exception java.lang.ExceptionInInitializerError: PostgreSQL JDBC Driver not found [in thread "main"]
	at com.example.LAB5.manual.DAO.FunctionDAOTest.createTestUser(FunctionDAOTest.java:44)
	at com.example.LAB5.manual.DAO.FunctionDAOTest.setUp(FunctionDAOTest.java:34)

testFindByName  Time elapsed: 0.001 s  <<< ERROR!
java.lang.NoClassDefFoundError: Could not initialize class com.example.LAB5.manual.config.DatabaseConfig
	at com.example.LAB5.manual.DAO.FunctionDAOTest.createTestUser(FunctionDAOTest.java:44)
	at com.example.LAB5.manual.DAO.FunctionDAOTest.setUp(FunctionDAOTest.java:34)
Caused by: java.lang.ExceptionInInitializerError: Exception java.lang.ExceptionInInitializerError: PostgreSQL JDBC Driver not found [in thread "main"]
	at com.example.LAB5.manual.DAO.FunctionDAOTest.createTestUser(FunctionDAOTest.java:44)
	at com.example.LAB5.manual.DAO.FunctionDAOTest.setUp(FunctionDAOTest.java:34)

testFindByExpression  Time elapsed: 0 s  <<< ERROR!
java.lang.NoClassDefFoundError: Could not initialize class com.example.LAB5.manual.config.DatabaseConfig
	at com.example.LAB5.manual.DAO.FunctionDAOTest.createTestUser(FunctionDAOTest.java:44)
	at com.example.LAB5.manual.DAO.FunctionDAOTest.setUp(FunctionDAOTest.java:34)
Caused by: java.lang.ExceptionInInitializerError: Exception java.lang.ExceptionInInitializerError: PostgreSQL JDBC Driver not found [in thread "main"]
	at com.example.LAB5.manual.DAO.FunctionDAOTest.createTestUser(FunctionDAOTest.java:44)
	at com.example.LAB5.manual.DAO.FunctionDAOTest.setUp(FunctionDAOTest.java:34)

testFunctionNotFound  Time elapsed: 0 s  <<< ERROR!
java.lang.NoClassDefFoundError: Could not initialize class com.example.LAB5.manual.config.DatabaseConfig
	at com.example.LAB5.manual.DAO.FunctionDAOTest.createTestUser(FunctionDAOTest.java:44)
	at com.example.LAB5.manual.DAO.FunctionDAOTest.setUp(FunctionDAOTest.java:34)
Caused by: java.lang.ExceptionInInitializerError: Exception java.lang.ExceptionInInitializerError: PostgreSQL JDBC Driver not found [in thread "main"]
	at com.example.LAB5.manual.DAO.FunctionDAOTest.createTestUser(FunctionDAOTest.java:44)
	at com.example.LAB5.manual.DAO.FunctionDAOTest.setUp(FunctionDAOTest.java:34)

testUpdateFunction  Time elapsed: 0.001 s  <<< ERROR!
java.lang.NoClassDefFoundError: Could not initialize class com.example.LAB5.manual.config.DatabaseConfig
	at com.example.LAB5.manual.DAO.FunctionDAOTest.createTestUser(FunctionDAOTest.java:44)
	at com.example.LAB5.manual.DAO.FunctionDAOTest.setUp(FunctionDAOTest.java:34)
Caused by: java.lang.ExceptionInInitializerError: Exception java.lang.ExceptionInInitializerError: PostgreSQL JDBC Driver not found [in thread "main"]
	at com.example.LAB5.manual.DAO.FunctionDAOTest.createTestUser(FunctionDAOTest.java:44)
	at com.example.LAB5.manual.DAO.FunctionDAOTest.setUp(FunctionDAOTest.java:34)

testUpdateFunctionExpression  Time elapsed: 0 s  <<< ERROR!
java.lang.NoClassDefFoundError: Could not initialize class com.example.LAB5.manual.config.DatabaseConfig
	at com.example.LAB5.manual.DAO.FunctionDAOTest.createTestUser(FunctionDAOTest.java:44)
	at com.example.LAB5.manual.DAO.FunctionDAOTest.setUp(FunctionDAOTest.java:34)
Caused by: java.lang.ExceptionInInitializerError: Exception java.lang.ExceptionInInitializerError: PostgreSQL JDBC Driver not found [in thread "main"]
	at com.example.LAB5.manual.DAO.FunctionDAOTest.createTestUser(FunctionDAOTest.java:44)
	at com.example.LAB5.manual.DAO.FunctionDAOTest.setUp(FunctionDAOTest.java:34)

testDeleteFunction  Time elapsed: 0 s  <<< ERROR!
java.lang.NoClassDefFoundError: Could not initialize class com.example.LAB5.manual.config.DatabaseConfig
	at com.example.LAB5.manual.DAO.FunctionDAOTest.createTestUser(FunctionDAOTest.java:44)
	at com.example.LAB5.manual.DAO.FunctionDAOTest.setUp(FunctionDAOTest.java:34)
Caused by: java.lang.ExceptionInInitializerError: Exception java.lang.ExceptionInInitializerError: PostgreSQL JDBC Driver not found [in thread "main"]
	at com.example.LAB5.manual.DAO.FunctionDAOTest.createTestUser(FunctionDAOTest.java:44)
	at com.example.LAB5.manual.DAO.FunctionDAOTest.setUp(FunctionDAOTest.java:34)

testDeleteFunctionsByUserId  Time elapsed: 0 s  <<< ERROR!
java.lang.NoClassDefFoundError: Could not initialize class com.example.LAB5.manual.config.DatabaseConfig
	at com.example.LAB5.manual.DAO.FunctionDAOTest.createTestUser(FunctionDAOTest.java:44)
	at com.example.LAB5.manual.DAO.FunctionDAOTest.setUp(FunctionDAOTest.java:34)
Caused by: java.lang.ExceptionInInitializerError: Exception java.lang.ExceptionInInitializerError: PostgreSQL JDBC Driver not found [in thread "main"]
	at com.example.LAB5.manual.DAO.FunctionDAOTest.createTestUser(FunctionDAOTest.java:44)
	at com.example.LAB5.manual.DAO.FunctionDAOTest.setUp(FunctionDAOTest.java:34)

testFindAllFunctions  Time elapsed: 0 s  <<< ERROR!
java.lang.NoClassDefFoundError: Could not initialize class com.example.LAB5.manual.config.DatabaseConfig
	at com.example.LAB5.manual.DAO.FunctionDAOTest.createTestUser(FunctionDAOTest.java:44)
	at com.example.LAB5.manual.DAO.FunctionDAOTest.setUp(FunctionDAOTest.java:34)
Caused by: java.lang.ExceptionInInitializerError: Exception java.lang.ExceptionInInitializerError: PostgreSQL JDBC Driver not found [in thread "main"]
	at com.example.LAB5.manual.DAO.FunctionDAOTest.createTestUser(FunctionDAOTest.java:44)
	at com.example.LAB5.manual.DAO.FunctionDAOTest.setUp(FunctionDAOTest.java:34)

testGetFunctionsWithUsername  Time elapsed: 0.001 s  <<< ERROR!
java.lang.NoClassDefFoundError: Could not initialize class com.example.LAB5.manual.config.DatabaseConfig
	at com.example.LAB5.manual.DAO.FunctionDAOTest.createTestUser(FunctionDAOTest.java:44)
	at com.example.LAB5.manual.DAO.FunctionDAOTest.setUp(FunctionDAOTest.java:34)
Caused by: java.lang.ExceptionInInitializerError: Exception java.lang.ExceptionInInitializerError: PostgreSQL JDBC Driver not found [in thread "main"]
	at com.example.LAB5.manual.DAO.FunctionDAOTest.createTestUser(FunctionDAOTest.java:44)
	at com.example.LAB5.manual.DAO.FunctionDAOTest.setUp(FunctionDAOTest.java:34)

testGetFunctionCountByUser  Time elapsed: 0 s  <<< ERROR!
java.lang.NoClassDefFoundError: Could not initialize class com.example.LAB5.manual.config.DatabaseConfig
	at com.example.LAB5.manual.DAO.FunctionDAOTest.createTestUser(FunctionDAOTest.java:44)
	at com.example.LAB5.manual.DAO.FunctionDAOTest.setUp(FunctionDAOTest.java:34)
Caused by: java.lang.ExceptionInInitializerError: Exception java.lang.ExceptionInInitializerError: PostgreSQL JDBC Driver not found [in thread "main"]
	at com.example.LAB5.manual.DAO.FunctionDAOTest.createTestUser(FunctionDAOTest.java:44)
	at com.example.LAB5.manual.DAO.FunctionDAOTest.setUp(FunctionDAOTest.java:34)

