-------------------------------------------------------------------------------
Test set: com.example.LAB5.framework.repository.UserRepositoryTest
-------------------------------------------------------------------------------
Tests run: 17, Failures: 0, Errors: 17, Skipped: 0, Time elapsed: 1.429 s <<< FAILURE! - in com.example.LAB5.framework.repository.UserRepositoryTest
testSaveAndFindById  Time elapsed: 0 s  <<< ERROR!
java.lang.NoClassDefFoundError: Could not initialize class org.springframework.data.jpa.util.BeanDefinitionUtils
Caused by: java.lang.ExceptionInInitializerError: Exception java.lang.NoClassDefFoundError: javax/persistence/EntityManagerFactory [in thread "main"]

testFindByUsername  Time elapsed: 0 s  <<< ERROR!
java.lang.NoClassDefFoundError: Could not initialize class org.springframework.data.jpa.util.BeanDefinitionUtils
Caused by: java.lang.ExceptionInInitializerError: Exception java.lang.NoClassDefFoundError: javax/persistence/EntityManagerFactory [in thread "main"]

testFindAll  Time elapsed: 0 s  <<< ERROR!
java.lang.NoClassDefFoundError: Could not initialize class org.springframework.data.jpa.util.BeanDefinitionUtils
Caused by: java.lang.ExceptionInInitializerError: Exception java.lang.NoClassDefFoundError: javax/persistence/EntityManagerFactory [in thread "main"]

testExistsByUsername  Time elapsed: 0 s  <<< ERROR!
java.lang.NoClassDefFoundError: Could not initialize class org.springframework.data.jpa.util.BeanDefinitionUtils
Caused by: java.lang.ExceptionInInitializerError: Exception java.lang.NoClassDefFoundError: javax/persistence/EntityManagerFactory [in thread "main"]

testFindByUsernameContaining  Time elapsed: 0.001 s  <<< ERROR!
java.lang.NoClassDefFoundError: Could not initialize class org.springframework.data.jpa.util.BeanDefinitionUtils
Caused by: java.lang.ExceptionInInitializerError: Exception java.lang.NoClassDefFoundError: javax/persistence/EntityManagerFactory [in thread "main"]

testCountUsers  Time elapsed: 0 s  <<< ERROR!
java.lang.NoClassDefFoundError: Could not initialize class org.springframework.data.jpa.util.BeanDefinitionUtils
Caused by: java.lang.ExceptionInInitializerError: Exception java.lang.NoClassDefFoundError: javax/persistence/EntityManagerFactory [in thread "main"]

testUpdateUser  Time elapsed: 0 s  <<< ERROR!
java.lang.NoClassDefFoundError: Could not initialize class org.springframework.data.jpa.util.BeanDefinitionUtils
Caused by: java.lang.ExceptionInInitializerError: Exception java.lang.NoClassDefFoundError: javax/persistence/EntityManagerFactory [in thread "main"]

testDeleteUser  Time elapsed: 0 s  <<< ERROR!
java.lang.NoClassDefFoundError: Could not initialize class org.springframework.data.jpa.util.BeanDefinitionUtils
Caused by: java.lang.ExceptionInInitializerError: Exception java.lang.NoClassDefFoundError: javax/persistence/EntityManagerFactory [in thread "main"]

testDeleteById  Time elapsed: 0.001 s  <<< ERROR!
java.lang.NoClassDefFoundError: Could not initialize class org.springframework.data.jpa.util.BeanDefinitionUtils
Caused by: java.lang.ExceptionInInitializerError: Exception java.lang.NoClassDefFoundError: javax/persistence/EntityManagerFactory [in thread "main"]

testUserNotFound  Time elapsed: 0 s  <<< ERROR!
java.lang.NoClassDefFoundError: Could not initialize class org.springframework.data.jpa.util.BeanDefinitionUtils
Caused by: java.lang.ExceptionInInitializerError: Exception java.lang.NoClassDefFoundError: javax/persistence/EntityManagerFactory [in thread "main"]

testFindUsersByUsernamePattern  Time elapsed: 0 s  <<< ERROR!
java.lang.NoClassDefFoundError: Could not initialize class org.springframework.data.jpa.util.BeanDefinitionUtils
Caused by: java.lang.ExceptionInInitializerError: Exception java.lang.NoClassDefFoundError: javax/persistence/EntityManagerFactory [in thread "main"]

testBatchOperations  Time elapsed: 0 s  <<< ERROR!
java.lang.NoClassDefFoundError: Could not initialize class org.springframework.data.jpa.util.BeanDefinitionUtils
Caused by: java.lang.ExceptionInInitializerError: Exception java.lang.NoClassDefFoundError: javax/persistence/EntityManagerFactory [in thread "main"]

testTransactionalBehavior  Time elapsed: 0.001 s  <<< ERROR!
java.lang.NoClassDefFoundError: Could not initialize class org.springframework.data.jpa.util.BeanDefinitionUtils
Caused by: java.lang.ExceptionInInitializerError: Exception java.lang.NoClassDefFoundError: javax/persistence/EntityManagerFactory [in thread "main"]

testUniqueUsernameConstraint  Time elapsed: 0 s  <<< ERROR!
java.lang.NoClassDefFoundError: Could not initialize class org.springframework.data.jpa.util.BeanDefinitionUtils
Caused by: java.lang.ExceptionInInitializerError: Exception java.lang.NoClassDefFoundError: javax/persistence/EntityManagerFactory [in thread "main"]

testDeleteAllUsers  Time elapsed: 0 s  <<< ERROR!
java.lang.NoClassDefFoundError: Could not initialize class org.springframework.data.jpa.util.BeanDefinitionUtils
Caused by: java.lang.ExceptionInInitializerError: Exception java.lang.NoClassDefFoundError: javax/persistence/EntityManagerFactory [in thread "main"]

testEmptyResultScenarios  Time elapsed: 0 s  <<< ERROR!
java.lang.NoClassDefFoundError: Could not initialize class org.springframework.data.jpa.util.BeanDefinitionUtils
Caused by: java.lang.ExceptionInInitializerError: Exception java.lang.NoClassDefFoundError: javax/persistence/EntityManagerFactory [in thread "main"]

testUserEntityProperties  Time elapsed: 0 s  <<< ERROR!
java.lang.NoClassDefFoundError: Could not initialize class org.springframework.data.jpa.util.BeanDefinitionUtils
Caused by: java.lang.ExceptionInInitializerError: Exception java.lang.NoClassDefFoundError: javax/persistence/EntityManagerFactory [in thread "main"]

