-------------------------------------------------------------------------------
Test set: com.example.LAB5.manual.DAO.UserDAOTest
-------------------------------------------------------------------------------
Tests run: 9, Failures: 0, Errors: 9, Skipped: 0, Time elapsed: 0 s <<< FAILURE! - in com.example.LAB5.manual.DAO.UserDAOTest
testCreateAndFindUser  Time elapsed: 0 s  <<< ERROR!
java.lang.NoClassDefFoundError: Could not initialize class com.example.LAB5.manual.config.DatabaseConfig
	at com.example.LAB5.manual.DAO.UserDAOTest.testCreateAndFindUser(UserDAOTest.java:40)
Caused by: java.lang.ExceptionInInitializerError: Exception java.lang.ExceptionInInitializerError: PostgreSQL JDBC Driver not found [in thread "main"]

testFindUserById  Time elapsed: 0 s  <<< ERROR!
java.lang.NoClassDefFoundError: Could not initialize class com.example.LAB5.manual.config.DatabaseConfig
	at com.example.LAB5.manual.DAO.UserDAOTest.testFindUserById(UserDAOTest.java:57)
Caused by: java.lang.ExceptionInInitializerError: Exception java.lang.ExceptionInInitializerError: PostgreSQL JDBC Driver not found [in thread "main"]

testFindByUsernameLike  Time elapsed: 0 s  <<< ERROR!
java.lang.NoClassDefFoundError: Could not initialize class com.example.LAB5.manual.config.DatabaseConfig
	at com.example.LAB5.manual.DAO.UserDAOTest.testFindByUsernameLike(UserDAOTest.java:69)
Caused by: java.lang.ExceptionInInitializerError: Exception java.lang.ExceptionInInitializerError: PostgreSQL JDBC Driver not found [in thread "main"]

testUserNotFound  Time elapsed: 0 s  <<< ERROR!
java.lang.NoClassDefFoundError: Could not initialize class com.example.LAB5.manual.config.DatabaseConfig
	at com.example.LAB5.manual.DAO.UserDAOTest.testUserNotFound(UserDAOTest.java:84)
Caused by: java.lang.ExceptionInInitializerError: Exception java.lang.ExceptionInInitializerError: PostgreSQL JDBC Driver not found [in thread "main"]

testUpdateUser  Time elapsed: 0 s  <<< ERROR!
java.lang.NoClassDefFoundError: Could not initialize class com.example.LAB5.manual.config.DatabaseConfig
	at com.example.LAB5.manual.DAO.UserDAOTest.testUpdateUser(UserDAOTest.java:97)
Caused by: java.lang.ExceptionInInitializerError: Exception java.lang.ExceptionInInitializerError: PostgreSQL JDBC Driver not found [in thread "main"]

testUpdatePassword  Time elapsed: 0 s  <<< ERROR!
java.lang.NoClassDefFoundError: Could not initialize class com.example.LAB5.manual.config.DatabaseConfig
	at com.example.LAB5.manual.DAO.UserDAOTest.testUpdatePassword(UserDAOTest.java:117)
Caused by: java.lang.ExceptionInInitializerError: Exception java.lang.ExceptionInInitializerError: PostgreSQL JDBC Driver not found [in thread "main"]

testDeleteUser  Time elapsed: 0 s  <<< ERROR!
java.lang.NoClassDefFoundError: Could not initialize class com.example.LAB5.manual.config.DatabaseConfig
	at com.example.LAB5.manual.DAO.UserDAOTest.testDeleteUser(UserDAOTest.java:135)
Caused by: java.lang.ExceptionInInitializerError: Exception java.lang.ExceptionInInitializerError: PostgreSQL JDBC Driver not found [in thread "main"]

testFindAllUsers  Time elapsed: 0 s  <<< ERROR!
java.lang.NoClassDefFoundError: Could not initialize class com.example.LAB5.manual.config.DatabaseConfig
	at com.example.LAB5.manual.DAO.UserDAOTest.testFindAllUsers(UserDAOTest.java:147)
Caused by: java.lang.ExceptionInInitializerError: Exception java.lang.ExceptionInInitializerError: PostgreSQL JDBC Driver not found [in thread "main"]

testGetTotalUsersCount  Time elapsed: 0 s  <<< ERROR!
java.lang.NoClassDefFoundError: Could not initialize class com.example.LAB5.manual.config.DatabaseConfig
	at com.example.LAB5.manual.DAO.UserDAOTest.testGetTotalUsersCount(UserDAOTest.java:162)
Caused by: java.lang.ExceptionInInitializerError: Exception java.lang.ExceptionInInitializerError: PostgreSQL JDBC Driver not found [in thread "main"]

