-------------------------------------------------------------------------------
Test set: com.example.LAB5.framework.service.FrameworkPerformanceComparisonServiceTest
-------------------------------------------------------------------------------
Tests run: 11, Failures: 0, Errors: 11, Skipped: 0, Time elapsed: 0.831 s <<< FAILURE! - in com.example.LAB5.framework.service.FrameworkPerformanceComparisonServiceTest
testDataAvailability  Time elapsed: 0 s  <<< ERROR!
java.lang.NoClassDefFoundError: Could not initialize class org.springframework.data.jpa.util.BeanDefinitionUtils
Caused by: java.lang.ExceptionInInitializerError: Exception java.lang.NoClassDefFoundError: javax/persistence/EntityManagerFactory [in thread "main"]

testPerformanceComparison  Time elapsed: 0 s  <<< ERROR!
java.lang.NoClassDefFoundError: Could not initialize class org.springframework.data.jpa.util.BeanDefinitionUtils
Caused by: java.lang.ExceptionInInitializerError: Exception java.lang.NoClassDefFoundError: javax/persistence/EntityManagerFactory [in thread "main"]

testReadOperationsPerformance  Time elapsed: 0 s  <<< ERROR!
java.lang.NoClassDefFoundError: Could not initialize class org.springframework.data.jpa.util.BeanDefinitionUtils
Caused by: java.lang.ExceptionInInitializerError: Exception java.lang.NoClassDefFoundError: javax/persistence/EntityManagerFactory [in thread "main"]

testWriteOperationsPerformance  Time elapsed: 0 s  <<< ERROR!
java.lang.NoClassDefFoundError: Could not initialize class org.springframework.data.jpa.util.BeanDefinitionUtils
Caused by: java.lang.ExceptionInInitializerError: Exception java.lang.NoClassDefFoundError: javax/persistence/EntityManagerFactory [in thread "main"]

testSearchOperationsPerformance  Time elapsed: 0 s  <<< ERROR!
java.lang.NoClassDefFoundError: Could not initialize class org.springframework.data.jpa.util.BeanDefinitionUtils
Caused by: java.lang.ExceptionInInitializerError: Exception java.lang.NoClassDefFoundError: javax/persistence/EntityManagerFactory [in thread "main"]

testExportFunctionality  Time elapsed: 0.001 s  <<< ERROR!
java.lang.NoClassDefFoundError: Could not initialize class org.springframework.data.jpa.util.BeanDefinitionUtils
Caused by: java.lang.ExceptionInInitializerError: Exception java.lang.NoClassDefFoundError: javax/persistence/EntityManagerFactory [in thread "main"]

testPerformanceStability  Time elapsed: 0 s  <<< ERROR!
java.lang.NoClassDefFoundError: Could not initialize class org.springframework.data.jpa.util.BeanDefinitionUtils
Caused by: java.lang.ExceptionInInitializerError: Exception java.lang.NoClassDefFoundError: javax/persistence/EntityManagerFactory [in thread "main"]

testDatabaseConsistency  Time elapsed: 0 s  <<< ERROR!
java.lang.NoClassDefFoundError: Could not initialize class org.springframework.data.jpa.util.BeanDefinitionUtils
Caused by: java.lang.ExceptionInInitializerError: Exception java.lang.NoClassDefFoundError: javax/persistence/EntityManagerFactory [in thread "main"]

testPerformanceWithDifferentDataSizes  Time elapsed: 0 s  <<< ERROR!
java.lang.NoClassDefFoundError: Could not initialize class org.springframework.data.jpa.util.BeanDefinitionUtils
Caused by: java.lang.ExceptionInInitializerError: Exception java.lang.NoClassDefFoundError: javax/persistence/EntityManagerFactory [in thread "main"]

testFinalResultsExport  Time elapsed: 0 s  <<< ERROR!
java.lang.NoClassDefFoundError: Could not initialize class org.springframework.data.jpa.util.BeanDefinitionUtils
Caused by: java.lang.ExceptionInInitializerError: Exception java.lang.NoClassDefFoundError: javax/persistence/EntityManagerFactory [in thread "main"]

testFrameworkComparison  Time elapsed: 0 s  <<< ERROR!
java.lang.NoClassDefFoundError: Could not initialize class org.springframework.data.jpa.util.BeanDefinitionUtils
Caused by: java.lang.ExceptionInInitializerError: Exception java.lang.NoClassDefFoundError: javax/persistence/EntityManagerFactory [in thread "main"]

