-------------------------------------------------------------------------------
Test set: com.example.LAB5.framework.repository.PointRepositoryTest
-------------------------------------------------------------------------------
Tests run: 4, Failures: 0, Errors: 4, Skipped: 0, Time elapsed: 0.32 s <<< FAILURE! - in com.example.LAB5.framework.repository.PointRepositoryTest
testFindByXValueBetween  Time elapsed: 0 s  <<< ERROR!
java.lang.NoClassDefFoundError: Could not initialize class org.springframework.data.jpa.util.BeanDefinitionUtils
Caused by: java.lang.ExceptionInInitializerError: Exception java.lang.NoClassDefFoundError: javax/persistence/EntityManagerFactory [in thread "main"]

testFindByYValueGreaterThan  Time elapsed: 0 s  <<< ERROR!
java.lang.NoClassDefFoundError: Could not initialize class org.springframework.data.jpa.util.BeanDefinitionUtils
Caused by: java.lang.ExceptionInInitializerError: Exception java.lang.NoClassDefFoundError: javax/persistence/EntityManagerFactory [in thread "main"]

testFindByYValueLessThan  Time elapsed: 0 s  <<< ERROR!
java.lang.NoClassDefFoundError: Could not initialize class org.springframework.data.jpa.util.BeanDefinitionUtils
Caused by: java.lang.ExceptionInInitializerError: Exception java.lang.NoClassDefFoundError: javax/persistence/EntityManagerFactory [in thread "main"]

testIsolation  Time elapsed: 0 s  <<< ERROR!
java.lang.NoClassDefFoundError: Could not initialize class org.springframework.data.jpa.util.BeanDefinitionUtils
Caused by: java.lang.ExceptionInInitializerError: Exception java.lang.NoClassDefFoundError: javax/persistence/EntityManagerFactory [in thread "main"]

