<?xml version="1.0" encoding="UTF-8"?>
<testsuite xmlns:xsi="http://www.w3.org/2001/XMLSchema-instance" xsi:noNamespaceSchemaLocation="https://maven.apache.org/surefire/maven-surefire-plugin/xsd/surefire-test-report.xsd" name="com.example.LAB5.framework.service.FrameworkPerformanceComparisonServiceTest" time="0.831" tests="11" errors="11" skipped="0" failures="0">
  <properties>
[...]
</properties>
  <testcase name="testDataAvailability" classname="com.example.LAB5.framework.service.FrameworkPerformanceComparisonServiceTest" time="0">
    <error message="Could not initialize class org.springframework.data.jpa.util.BeanDefinitionUtils" type="java.lang.NoClassDefFoundError">java.lang.NoClassDefFoundError: Could not initialize class org.springframework.data.jpa.util.BeanDefinitionUtils
Caused by: java.lang.ExceptionInInitializerError: Exception java.lang.NoClassDefFoundError: javax/persistence/EntityManagerFactory [in thread "main"]
</error>
    <system-out><![CDATA[20:39:15.306 [main] &amp#27;[39mDEBUG&amp#27;[0;39m &amp#27;[36mo.s.test.context.BootstrapUtils&amp#27;[0;39m - Instantiating CacheAwareContextLoaderDelegate from class [org.springframework.test.context.cache.DefaultCacheAwareContextLoaderDelegate]
20:39:15.306 [main] &amp#27;[39mDEBUG&amp#27;[0;39m &amp#27;[36mo.s.test.context.BootstrapUtils&amp#27;[0;39m - Instantiating BootstrapContext using constructor [public org.springframework.test.context.support.DefaultBootstrapContext(java.lang.Class,org.springframework.test.context.CacheAwareContextLoaderDelegate)]
20:39:15.306 [main] &amp#27;[39mDEBUG&amp#27;[0;39m &amp#27;[36mo.s.test.context.BootstrapUtils&amp#27;[0;39m - Instantiating TestContextBootstrapper for test class [com.example.LAB5.framework.service.FrameworkPerformanceComparisonServiceTest] from class [org.springframework.boot.test.context.SpringBootTestContextBootstrapper]
20:39:15.306 [main] &amp#27;[34mINFO &amp#27;[0;39m &amp#27;[36mo.s.b.t.c.SpringBootTestContextBootstrapper&amp#27;[0;39m - Neither @ContextConfiguration nor @ContextHierarchy found for test class [com.example.LAB5.framework.service.FrameworkPerformanceComparisonServiceTest], using SpringBootContextLoader
20:39:15.306 [main] &amp#27;[39mDEBUG&amp#27;[0;39m &amp#27;[36mo.s.t.c.s.AbstractContextLoader&amp#27;[0;39m - Did not detect default resource location for test class [com.example.LAB5.framework.service.FrameworkPerformanceComparisonServiceTest]: class path resource [com/example/LAB5/framework/service/FrameworkPerformanceComparisonServiceTest-context.xml] does not exist
20:39:15.306 [main] &amp#27;[39mDEBUG&amp#27;[0;39m &amp#27;[36mo.s.t.c.s.AbstractContextLoader&amp#27;[0;39m - Did not detect default resource location for test class [com.example.LAB5.framework.service.FrameworkPerformanceComparisonServiceTest]: class path resource [com/example/LAB5/framework/service/FrameworkPerformanceComparisonServiceTestContext.groovy] does not exist
20:39:15.306 [main] &amp#27;[34mINFO &amp#27;[0;39m &amp#27;[36mo.s.t.c.s.AbstractContextLoader&amp#27;[0;39m - Could not detect default resource locations for test class [com.example.LAB5.framework.service.FrameworkPerformanceComparisonServiceTest]: no resource found for suffixes {-context.xml, Context.groovy}.
20:39:15.306 [main] &amp#27;[39mDEBUG&amp#27;[0;39m &amp#27;[36mo.s.t.c.s.AnnotationConfigContextLoaderUtils&amp#27;[0;39m - Ignoring class [com.example.LAB5.framework.service.FrameworkPerformanceComparisonServiceTest$ComparisonResult]; it must be static, non-private, non-final, and annotated with @Configuration to be considered a default configuration class.
20:39:15.307 [main] &amp#27;[34mINFO &amp#27;[0;39m &amp#27;[36mo.s.t.c.s.AnnotationConfigContextLoaderUtils&amp#27;[0;39m - Could not detect default configuration classes for test class [com.example.LAB5.framework.service.FrameworkPerformanceComparisonServiceTest]: FrameworkPerformanceComparisonServiceTest does not declare any static, non-private, non-final, nested classes annotated with @Configuration.
20:39:15.307 [main] &amp#27;[39mDEBUG&amp#27;[0;39m &amp#27;[36mo.s.t.c.support.ActiveProfilesUtils&amp#27;[0;39m - Could not find an 'annotation declaring class' for annotation type [org.springframework.test.context.ActiveProfiles] and class [com.example.LAB5.framework.service.FrameworkPerformanceComparisonServiceTest]
20:39:15.311 [main] &amp#27;[39mDEBUG&amp#27;[0;39m &amp#27;[36mo.s.c.a.ClassPathScanningCandidateComponentProvider&amp#27;[0;39m - Identified candidate component class: file [C:\Users\user\Desktop\oopLabsTogether\LAB5\target\classes\com\example\LAB5\LAB5Application.class]
20:39:15.311 [main] &amp#27;[34mINFO &amp#27;[0;39m &amp#27;[36mo.s.b.t.c.SpringBootTestContextBootstrapper&amp#27;[0;39m - Found @SpringBootConfiguration com.example.LAB5.LAB5Application for test class com.example.LAB5.framework.service.FrameworkPerformanceComparisonServiceTest
20:39:15.312 [main] &amp#27;[39mDEBUG&amp#27;[0;39m &amp#27;[36mo.s.b.t.c.SpringBootTestContextBootstrapper&amp#27;[0;39m - @TestExecutionListeners is not present for class [com.example.LAB5.framework.service.FrameworkPerformanceComparisonServiceTest]: using defaults.
20:39:15.312 [main] &amp#27;[34mINFO &amp#27;[0;39m &amp#27;[36mo.s.b.t.c.SpringBootTestContextBootstrapper&amp#27;[0;39m - Loaded default TestExecutionListener class names from location [META-INF/spring.factories]: [org.springframework.boot.test.mock.mockito.MockitoTestExecutionListener, org.springframework.boot.test.mock.mockito.ResetMocksTestExecutionListener, org.springframework.boot.test.autoconfigure.restdocs.RestDocsTestExecutionListener, org.springframework.boot.test.autoconfigure.web.client.MockRestServiceServerResetTestExecutionListener, org.springframework.boot.test.autoconfigure.web.servlet.MockMvcPrintOnlyOnFailureTestExecutionListener, org.springframework.boot.test.autoconfigure.web.servlet.WebDriverTestExecutionListener, org.springframework.boot.test.autoconfigure.webservices.client.MockWebServiceServerTestExecutionListener, org.springframework.test.context.web.ServletTestExecutionListener, org.springframework.test.context.support.DirtiesContextBeforeModesTestExecutionListener, org.springframework.test.context.event.ApplicationEventsTestExecutionListener, org.springframework.test.context.support.DependencyInjectionTestExecutionListener, org.springframework.test.context.support.DirtiesContextTestExecutionListener, org.springframework.test.context.transaction.TransactionalTestExecutionListener, org.springframework.test.context.jdbc.SqlScriptsTestExecutionListener, org.springframework.test.context.event.EventPublishingTestExecutionListener]
20:39:15.312 [main] &amp#27;[34mINFO &amp#27;[0;39m &amp#27;[36mo.s.b.t.c.SpringBootTestContextBootstrapper&amp#27;[0;39m - Using TestExecutionListeners: [org.springframework.test.context.web.ServletTestExecutionListener@46e77fb7, org.springframework.test.context.support.DirtiesContextBeforeModesTestExecutionListener@43c73b5c, org.springframework.test.context.event.ApplicationEventsTestExecutionListener@6b1381fc, org.springframework.boot.test.mock.mockito.MockitoTestExecutionListener@48b53f3d, org.springframework.boot.test.autoconfigure.SpringBootDependencyInjectionTestExecutionListener@3552eb5b, org.springframework.test.context.support.DirtiesContextTestExecutionListener@4fb53b76, org.springframework.test.context.transaction.TransactionalTestExecutionListener@38de4f1d, org.springframework.test.context.jdbc.SqlScriptsTestExecutionListener@5973d3ec, org.springframework.test.context.event.EventPublishingTestExecutionListener@7b59f3aa, org.springframework.boot.test.mock.mockito.ResetMocksTestExecutionListener@1dd1093c, org.springframework.boot.test.autoconfigure.restdocs.RestDocsTestExecutionListener@57bd0b3c, org.springframework.boot.test.autoconfigure.web.client.MockRestServiceServerResetTestExecutionListener@10164e94, org.springframework.boot.test.autoconfigure.web.servlet.MockMvcPrintOnlyOnFailureTestExecutionListener@24e63b9f, org.springframework.boot.test.autoconfigure.web.servlet.WebDriverTestExecutionListener@31eb5ed6, org.springframework.boot.test.autoconfigure.webservices.client.MockWebServiceServerTestExecutionListener@e30573c]
20:39:15.313 [main] &amp#27;[39mDEBUG&amp#27;[0;39m &amp#27;[36mo.s.t.c.s.AbstractDirtiesContextTestExecutionListener&amp#27;[0;39m - Before test class: context [DefaultTestContext@2c70da80 testClass = FrameworkPerformanceComparisonServiceTest, testInstance = [null], testMethod = [null], testException = [null], mergedContextConfiguration = [WebMergedContextConfiguration@39df2652 testClass = FrameworkPerformanceComparisonServiceTest, locations = '{}', classes = '{class com.example.LAB5.LAB5Application}', contextInitializerClasses = '[]', activeProfiles = '{}', propertySourceLocations = '{}', propertySourceProperties = '{org.springframework.boot.test.context.SpringBootTestContextBootstrapper=true}', contextCustomizers = set[org.springframework.boot.test.context.filter.ExcludeFilterContextCustomizer@60856961, org.springframework.boot.test.json.DuplicateJsonObjectContextCustomizerFactory$DuplicateJsonObjectContextCustomizer@3abada5a, org.springframework.boot.test.mock.mockito.MockitoContextCustomizer@0, org.springframework.boot.test.web.client.TestRestTemplateContextCustomizer@1c33c17b, org.springframework.boot.test.autoconfigure.actuate.metrics.MetricsExportContextCustomizerFactory$DisableMetricExportContextCustomizer@32c4e8b2, org.springframework.boot.test.autoconfigure.properties.PropertyMappingContextCustomizer@0, org.springframework.boot.test.autoconfigure.web.servlet.WebDriverContextCustomizerFactory$Customizer@58be6e8, org.springframework.boot.test.context.SpringBootTestArgs@1, org.springframework.boot.test.context.SpringBootTestWebEnvironment@77caeb3e], resourceBasePath = 'src/main/webapp', contextLoader = 'org.springframework.boot.test.context.SpringBootContextLoader', parent = [null]], attributes = map['org.springframework.test.context.web.ServletTestExecutionListener.activateListener' -> true]], class annotated with @DirtiesContext [false] with mode [null].
20:39:15.313 [main] &amp#27;[34mINFO &amp#27;[0;39m &amp#27;[36mc.e.L.f.s.FrameworkPerformanceComparisonServiceTest&amp#27;[0;39m - === ИНИЦИАЛИЗАЦИЯ ТЕСТИРОВАНИЯ ПРОИЗВОДИТЕЛЬНОСТИ ===
20:39:15.314 [main] &amp#27;[39mDEBUG&amp#27;[0;39m &amp#27;[36mo.s.t.c.s.TestPropertySourceUtils&amp#27;[0;39m - Adding inlined properties to environment: {spring.jmx.enabled=false, org.springframework.boot.test.context.SpringBootTestContextBootstrapper=true}
20:39:15.319 [main] &amp#27;[39mDEBUG&amp#27;[0;39m &amp#27;[36mo.s.b.w.s.c.ApplicationServletEnvironment&amp#27;[0;39m - Activating profiles []

  .   ____          _            __ _ _
 /\\ / ___'_ __ _ _(_)_ __  __ _ \ \ \ \
( ( )\___ | '_ | '_| | '_ \/ _` | \ \ \ \
 \\/  ___)| |_)| | | | | || (_| |  ) ) ) )
  '  |____| .__|_| |_|_| |_\__, | / / / /
 =========|_|==============|___/=/_/_/_/
 :: Spring Boot ::               (v2.7.18)

20:39:15.323 [main] &amp#27;[34mINFO &amp#27;[0;39m &amp#27;[36mc.e.L.f.s.FrameworkPerformanceComparisonServiceTest&amp#27;[0;39m - Starting FrameworkPerformanceComparisonServiceTest using Java 25 on WIN-3P73ASE80P5 with PID 572 (started by user in C:\Users\user\Desktop\oopLabsTogether\LAB5)
20:39:15.323 [main] &amp#27;[39mDEBUG&amp#27;[0;39m &amp#27;[36mc.e.L.f.s.FrameworkPerformanceComparisonServiceTest&amp#27;[0;39m - Running with Spring Boot v2.7.18, Spring v5.3.31
20:39:15.323 [main] &amp#27;[34mINFO &amp#27;[0;39m &amp#27;[36mc.e.L.f.s.FrameworkPerformanceComparisonServiceTest&amp#27;[0;39m - No active profile set, falling back to 1 default profile: "default"
20:39:15.323 [main] &amp#27;[39mDEBUG&amp#27;[0;39m &amp#27;[36mo.s.boot.SpringApplication&amp#27;[0;39m - Loading source class com.example.LAB5.LAB5Application
20:39:15.324 [main] &amp#27;[39mDEBUG&amp#27;[0;39m &amp#27;[36mo.s.w.c.s.GenericWebApplicationContext&amp#27;[0;39m - Refreshing org.springframework.web.context.support.GenericWebApplicationContext@630e5803
20:39:15.324 [main] &amp#27;[39mDEBUG&amp#27;[0;39m &amp#27;[36mo.s.b.f.s.DefaultListableBeanFactory&amp#27;[0;39m - Creating shared instance of singleton bean 'org.springframework.context.annotation.internalConfigurationAnnotationProcessor'
20:39:15.324 [main] &amp#27;[39mDEBUG&amp#27;[0;39m &amp#27;[36mo.s.b.f.s.DefaultListableBeanFactory&amp#27;[0;39m - Creating shared instance of singleton bean 'org.springframework.boot.autoconfigure.internalCachingMetadataReaderFactory'
20:39:15.335 [main] &amp#27;[39mDEBUG&amp#27;[0;39m &amp#27;[36mo.s.c.a.ClassPathBeanDefinitionScanner&amp#27;[0;39m - Identified candidate component class: file [C:\Users\user\Desktop\oopLabsTogether\LAB5\target\classes\com\example\LAB5\comparsion\service\PerformanceComparisonService.class]
20:39:15.336 [main] &amp#27;[39mDEBUG&amp#27;[0;39m &amp#27;[36mo.s.c.a.ClassPathBeanDefinitionScanner&amp#27;[0;39m - Identified candidate component class: file [C:\Users\user\Desktop\oopLabsTogether\LAB5\target\classes\com\example\LAB5\framework\Search\FrameworkSearchService.class]
20:39:15.337 [main] &amp#27;[39mDEBUG&amp#27;[0;39m &amp#27;[36mo.s.c.a.ClassPathBeanDefinitionScanner&amp#27;[0;39m - Ignored because not a concrete top-level class: file [C:\Users\user\Desktop\oopLabsTogether\LAB5\target\classes\com\example\LAB5\framework\repository\FunctionRepository.class]
20:39:15.337 [main] &amp#27;[39mDEBUG&amp#27;[0;39m &amp#27;[36mo.s.c.a.ClassPathBeanDefinitionScanner&amp#27;[0;39m - Ignored because not a concrete top-level class: file [C:\Users\user\Desktop\oopLabsTogether\LAB5\target\classes\com\example\LAB5\framework\repository\PointRepository.class]
20:39:15.337 [main] &amp#27;[39mDEBUG&amp#27;[0;39m &amp#27;[36mo.s.c.a.ClassPathBeanDefinitionScanner&amp#27;[0;39m - Ignored because not a concrete top-level class: file [C:\Users\user\Desktop\oopLabsTogether\LAB5\target\classes\com\example\LAB5\framework\repository\UserRepository.class]
20:39:15.337 [main] &amp#27;[39mDEBUG&amp#27;[0;39m &amp#27;[36mo.s.c.a.ClassPathBeanDefinitionScanner&amp#27;[0;39m - Identified candidate component class: file [C:\Users\user\Desktop\oopLabsTogether\LAB5\target\classes\com\example\LAB5\framework\service\FrameworkPerformanceComparisonService.class]
20:39:15.338 [main] &amp#27;[39mDEBUG&amp#27;[0;39m &amp#27;[36mo.s.c.a.ClassPathBeanDefinitionScanner&amp#27;[0;39m - Identified candidate component class: file [C:\Users\user\Desktop\oopLabsTogether\LAB5\target\classes\com\example\LAB5\framework\service\FunctionService.class]
20:39:15.338 [main] &amp#27;[39mDEBUG&amp#27;[0;39m &amp#27;[36mo.s.c.a.ClassPathBeanDefinitionScanner&amp#27;[0;39m - Identified candidate component class: file [C:\Users\user\Desktop\oopLabsTogether\LAB5\target\classes\com\example\LAB5\framework\service\PointService.class]
20:39:15.338 [main] &amp#27;[39mDEBUG&amp#27;[0;39m &amp#27;[36mo.s.c.a.ClassPathBeanDefinitionScanner&amp#27;[0;39m - Identified candidate component class: file [C:\Users\user\Desktop\oopLabsTogether\LAB5\target\classes\com\example\LAB5\framework\service\UserService.class]
20:39:15.340 [main] &amp#27;[39mDEBUG&amp#27;[0;39m &amp#27;[36mo.s.c.a.ClassPathBeanDefinitionScanner&amp#27;[0;39m - Identified candidate component class: file [C:\Users\user\Desktop\oopLabsTogether\LAB5\target\classes\com\example\LAB5\manual\service\DTOTransformationService.class]
20:39:15.340 [main] &amp#27;[39mDEBUG&amp#27;[0;39m &amp#27;[36mo.s.c.a.ClassPathBeanDefinitionScanner&amp#27;[0;39m - Identified candidate component class: file [C:\Users\user\Desktop\oopLabsTogether\LAB5\target\classes\com\example\LAB5\manual\service\ManualJdbcService.class]
20:39:15.376 [main] &amp#27;[34mINFO &amp#27;[0;39m &amp#27;[36mo.s.d.r.c.RepositoryConfigurationDelegate&amp#27;[0;39m - Bootstrapping Spring Data JPA repositories in DEFAULT mode.
20:39:15.377 [main] &amp#27;[39mDEBUG&amp#27;[0;39m &amp#27;[36mo.s.d.r.c.RepositoryConfigurationDelegate&amp#27;[0;39m - Scanning for JPA repositories in packages com.example.LAB5.framework.repository.
20:39:15.378 [main] &amp#27;[39mDEBUG&amp#27;[0;39m &amp#27;[36mo.s.d.r.c.RepositoryComponentProvider&amp#27;[0;39m - Identified candidate component class: file [C:\Users\user\Desktop\oopLabsTogether\LAB5\target\classes\com\example\LAB5\framework\repository\FunctionRepository.class]
20:39:15.378 [main] &amp#27;[39mDEBUG&amp#27;[0;39m &amp#27;[36mo.s.d.r.c.RepositoryComponentProvider&amp#27;[0;39m - Identified candidate component class: file [C:\Users\user\Desktop\oopLabsTogether\LAB5\target\classes\com\example\LAB5\framework\repository\PointRepository.class]
20:39:15.378 [main] &amp#27;[39mDEBUG&amp#27;[0;39m &amp#27;[36mo.s.d.r.c.RepositoryComponentProvider&amp#27;[0;39m - Identified candidate component class: file [C:\Users\user\Desktop\oopLabsTogether\LAB5\target\classes\com\example\LAB5\framework\repository\UserRepository.class]
20:39:15.381 [main] &amp#27;[34mINFO &amp#27;[0;39m &amp#27;[36mo.s.d.r.c.RepositoryConfigurationDelegate&amp#27;[0;39m - Finished Spring Data repository scanning in 4 ms. Found 3 JPA repository interfaces.
20:39:15.392 [main] &amp#27;[39mDEBUG&amp#27;[0;39m &amp#27;[36mo.s.c.a.ConfigurationClassUtils&amp#27;[0;39m - Failed to introspect @Bean methods on class [org.springframework.data.jpa.repository.support.DefaultJpaContext]: java.lang.IllegalStateException: Failed to introspect annotated methods on class org.springframework.data.jpa.repository.support.DefaultJpaContext
20:39:15.393 [main] &amp#27;[39mDEBUG&amp#27;[0;39m &amp#27;[36mo.s.b.f.s.DefaultListableBeanFactory&amp#27;[0;39m - Creating shared instance of singleton bean 'propertySourcesPlaceholderConfigurer'
20:39:15.393 [main] &amp#27;[39mDEBUG&amp#27;[0;39m &amp#27;[36mo.s.b.f.s.DefaultListableBeanFactory&amp#27;[0;39m - Creating shared instance of singleton bean 'org.springframework.boot.test.mock.mockito.MockitoPostProcessor'
20:39:15.394 [main] &amp#27;[39mDEBUG&amp#27;[0;39m &amp#27;[36mo.s.b.f.s.DefaultListableBeanFactory&amp#27;[0;39m - Creating shared instance of singleton bean 'emBeanDefinitionRegistrarPostProcessor'
20:39:15.394 [main] &amp#27;[39mDEBUG&amp#27;[0;39m &amp#27;[36mo.s.b.f.s.DefaultListableBeanFactory&amp#27;[0;39m - Creating shared instance of singleton bean 'org.springframework.boot.sql.init.dependency.DatabaseInitializationDependencyConfigurer$DependsOnDatabaseInitializationPostProcessor'
20:39:15.395 [main] &amp#27;[1;31mERROR&amp#27;[0;39m &amp#27;[36mo.s.boot.SpringApplication&amp#27;[0;39m - Application run failed
java.lang.NoClassDefFoundError: Could not initialize class org.springframework.data.jpa.util.BeanDefinitionUtils
	at org.springframework.data.jpa.repository.support.EntityManagerBeanDefinitionRegistrarPostProcessor.postProcessBeanFactory(EntityManagerBeanDefinitionRegistrarPostProcessor.java:72)
	at org.springframework.context.support.PostProcessorRegistrationDelegate.invokeBeanFactoryPostProcessors(PostProcessorRegistrationDelegate.java:325)
	at org.springframework.context.support.PostProcessorRegistrationDelegate.invokeBeanFactoryPostProcessors(PostProcessorRegistrationDelegate.java:191)
	at org.springframework.context.support.AbstractApplicationContext.invokeBeanFactoryPostProcessors(AbstractApplicationContext.java:756)
	at org.springframework.context.support.AbstractApplicationContext.refresh(AbstractApplicationContext.java:572)
	at org.springframework.boot.SpringApplication.refresh(SpringApplication.java:732)
	at org.springframework.boot.SpringApplication.refreshContext(SpringApplication.java:409)
	at org.springframework.boot.SpringApplication.run(SpringApplication.java:308)
	at org.springframework.boot.test.context.SpringBootContextLoader.loadContext(SpringBootContextLoader.java:136)
	at org.springframework.test.context.cache.DefaultCacheAwareContextLoaderDelegate.loadContextInternal(DefaultCacheAwareContextLoaderDelegate.java:141)
	at org.springframework.test.context.cache.DefaultCacheAwareContextLoaderDelegate.loadContext(DefaultCacheAwareContextLoaderDelegate.java:90)
	at org.springframework.test.context.support.DefaultTestContext.getApplicationContext(DefaultTestContext.java:124)
	at org.springframework.test.context.web.ServletTestExecutionListener.setUpRequestContextIfNecessary(ServletTestExecutionListener.java:190)
	at org.springframework.test.context.web.ServletTestExecutionListener.prepareTestInstance(ServletTestExecutionListener.java:132)
	at org.springframework.test.context.TestContextManager.prepareTestInstance(TestContextManager.java:248)
	at org.springframework.test.context.junit.jupiter.SpringExtension.postProcessTestInstance(SpringExtension.java:138)
	at org.junit.jupiter.engine.descriptor.ClassBasedTestDescriptor.lambda$invokeTestInstancePostProcessors$8(ClassBasedTestDescriptor.java:363)
	at org.junit.jupiter.engine.descriptor.ClassBasedTestDescriptor.executeAndMaskThrowable(ClassBasedTestDescriptor.java:368)
	at org.junit.jupiter.engine.descriptor.ClassBasedTestDescriptor.lambda$invokeTestInstancePostProcessors$9(ClassBasedTestDescriptor.java:363)
	at java.base/java.util.stream.ReferencePipeline$3$1.accept(ReferencePipeline.java:214)
	at java.base/java.util.stream.ReferencePipeline$2$1.accept(ReferencePipeline.java:197)
	at java.base/java.util.ArrayList$ArrayListSpliterator.forEachRemaining(ArrayList.java:1716)
	at java.base/java.util.stream.AbstractPipeline.copyInto(AbstractPipeline.java:570)
	at java.base/java.util.stream.AbstractPipeline.wrapAndCopyInto(AbstractPipeline.java:560)
	at java.base/java.util.stream.StreamSpliterators$WrappingSpliterator.forEachRemaining(StreamSpliterators.java:315)
	at java.base/java.util.stream.Streams$ConcatSpliterator.forEachRemaining(Streams.java:735)
	at java.base/java.util.stream.Streams$ConcatSpliterator.forEachRemaining(Streams.java:734)
	at java.base/java.util.stream.ReferencePipeline$Head.forEach(ReferencePipeline.java:803)
	at org.junit.jupiter.engine.descriptor.ClassBasedTestDescriptor.invokeTestInstancePostProcessors(ClassBasedTestDescriptor.java:362)
	at org.junit.jupiter.engine.descriptor.ClassBasedTestDescriptor.lambda$instantiateAndPostProcessTestInstance$6(ClassBasedTestDescriptor.java:283)
	at org.junit.platform.engine.support.hierarchical.ThrowableCollector.execute(ThrowableCollector.java:73)
	at org.junit.jupiter.engine.descriptor.ClassBasedTestDescriptor.instantiateAndPostProcessTestInstance(ClassBasedTestDescriptor.java:282)
	at org.junit.jupiter.engine.descriptor.ClassBasedTestDescriptor.lambda$testInstancesProvider$4(ClassBasedTestDescriptor.java:272)
	at java.base/java.util.Optional.orElseGet(Optional.java:364)
	at org.junit.jupiter.engine.descriptor.ClassBasedTestDescriptor.lambda$testInstancesProvider$5(ClassBasedTestDescriptor.java:271)
	at org.junit.jupiter.engine.execution.TestInstancesProvider.getTestInstances(TestInstancesProvider.java:31)
	at org.junit.jupiter.engine.descriptor.TestMethodTestDescriptor.lambda$prepare$0(TestMethodTestDescriptor.java:102)
	at org.junit.platform.engine.support.hierarchical.ThrowableCollector.execute(ThrowableCollector.java:73)
	at org.junit.jupiter.engine.descriptor.TestMethodTestDescriptor.prepare(TestMethodTestDescriptor.java:101)
	at org.junit.jupiter.engine.descriptor.TestMethodTestDescriptor.prepare(TestMethodTestDescriptor.java:66)
	at org.junit.platform.engine.support.hierarchical.NodeTestTask.lambda$prepare$2(NodeTestTask.java:123)
	at org.junit.platform.engine.support.hierarchical.ThrowableCollector.execute(ThrowableCollector.java:73)
	at org.junit.platform.engine.support.hierarchical.NodeTestTask.prepare(NodeTestTask.java:123)
	at org.junit.platform.engine.support.hierarchical.NodeTestTask.execute(NodeTestTask.java:90)
	at java.base/java.util.ArrayList.forEach(ArrayList.java:1604)
	at org.junit.platform.engine.support.hierarchical.SameThreadHierarchicalTestExecutorService.invokeAll(SameThreadHierarchicalTestExecutorService.java:41)
	at org.junit.platform.engine.support.hierarchical.NodeTestTask.lambda$executeRecursively$6(NodeTestTask.java:155)
	at org.junit.platform.engine.support.hierarchical.ThrowableCollector.execute(ThrowableCollector.java:73)
	at org.junit.platform.engine.support.hierarchical.NodeTestTask.lambda$executeRecursively$8(NodeTestTask.java:141)
	at org.junit.platform.engine.support.hierarchical.Node.around(Node.java:137)
	at org.junit.platform.engine.support.hierarchical.NodeTestTask.lambda$executeRecursively$9(NodeTestTask.java:139)
	at org.junit.platform.engine.support.hierarchical.ThrowableCollector.execute(ThrowableCollector.java:73)
	at org.junit.platform.engine.support.hierarchical.NodeTestTask.executeRecursively(NodeTestTask.java:138)
	at org.junit.platform.engine.support.hierarchical.NodeTestTask.execute(NodeTestTask.java:95)
	at java.base/java.util.ArrayList.forEach(ArrayList.java:1604)
	at org.junit.platform.engine.support.hierarchical.SameThreadHierarchicalTestExecutorService.invokeAll(SameThreadHierarchicalTestExecutorService.java:41)
	at org.junit.platform.engine.support.hierarchical.NodeTestTask.lambda$executeRecursively$6(NodeTestTask.java:155)
	at org.junit.platform.engine.support.hierarchical.ThrowableCollector.execute(ThrowableCollector.java:73)
	at org.junit.platform.engine.support.hierarchical.NodeTestTask.lambda$executeRecursively$8(NodeTestTask.java:141)
	at org.junit.platform.engine.support.hierarchical.Node.around(Node.java:137)
	at org.junit.platform.engine.support.hierarchical.NodeTestTask.lambda$executeRecursively$9(NodeTestTask.java:139)
	at org.junit.platform.engine.support.hierarchical.ThrowableCollector.execute(ThrowableCollector.java:73)
	at org.junit.platform.engine.support.hierarchical.NodeTestTask.executeRecursively(NodeTestTask.java:138)
	at org.junit.platform.engine.support.hierarchical.NodeTestTask.execute(NodeTestTask.java:95)
	at org.junit.platform.engine.support.hierarchical.SameThreadHierarchicalTestExecutorService.submit(SameThreadHierarchicalTestExecutorService.java:35)
	at org.junit.platform.engine.support.hierarchical.HierarchicalTestExecutor.execute(HierarchicalTestExecutor.java:57)
	at org.junit.platform.engine.support.hierarchical.HierarchicalTestEngine.execute(HierarchicalTestEngine.java:54)
	at org.junit.platform.launcher.core.DefaultLauncher.execute(DefaultLauncher.java:220)
	at org.junit.platform.launcher.core.DefaultLauncher.lambda$execute$6(DefaultLauncher.java:188)
	at org.junit.platform.launcher.core.DefaultLauncher.withInterceptedStreams(DefaultLauncher.java:202)
	at org.junit.platform.launcher.core.DefaultLauncher.execute(DefaultLauncher.java:181)
	at org.junit.platform.launcher.core.DefaultLauncher.execute(DefaultLauncher.java:128)
	at org.apache.maven.surefire.junitplatform.JUnitPlatformProvider.invokeAllTests(JUnitPlatformProvider.java:150)
	at org.apache.maven.surefire.junitplatform.JUnitPlatformProvider.invoke(JUnitPlatformProvider.java:124)
	at org.apache.maven.surefire.booter.ForkedBooter.invokeProviderInSameClassLoader(ForkedBooter.java:384)
	at org.apache.maven.surefire.booter.ForkedBooter.runSuitesInProcess(ForkedBooter.java:345)
	at org.apache.maven.surefire.booter.ForkedBooter.execute(ForkedBooter.java:126)
	at org.apache.maven.surefire.booter.ForkedBooter.main(ForkedBooter.java:418)
Caused by: java.lang.ExceptionInInitializerError: Exception java.lang.NoClassDefFoundError: javax/persistence/EntityManagerFactory [in thread "main"]
	at org.springframework.data.jpa.util.BeanDefinitionUtils.<clinit>(BeanDefinitionUtils.java:57)
	... 78 common frames omitted
20:39:15.397 [main] &amp#27;[39mDEBUG&amp#27;[0;39m &amp#27;[36mo.s.w.c.s.GenericWebApplicationContext&amp#27;[0;39m - Closing org.springframework.web.context.support.GenericWebApplicationContext@630e5803, started on Sun Dec 07 20:39:15 GMT+04:00 2025
20:39:15.397 [main] &amp#27;[1;31mERROR&amp#27;[0;39m &amp#27;[36mo.s.test.context.TestContextManager&amp#27;[0;39m - Caught exception while allowing TestExecutionListener [org.springframework.test.context.web.ServletTestExecutionListener@46e77fb7] to prepare test instance [com.example.LAB5.framework.service.FrameworkPerformanceComparisonServiceTest@3abe1c9e]
java.lang.NoClassDefFoundError: Could not initialize class org.springframework.data.jpa.util.BeanDefinitionUtils
	at org.springframework.data.jpa.repository.support.EntityManagerBeanDefinitionRegistrarPostProcessor.postProcessBeanFactory(EntityManagerBeanDefinitionRegistrarPostProcessor.java:72)
	at org.springframework.context.support.PostProcessorRegistrationDelegate.invokeBeanFactoryPostProcessors(PostProcessorRegistrationDelegate.java:325)
	at org.springframework.context.support.PostProcessorRegistrationDelegate.invokeBeanFactoryPostProcessors(PostProcessorRegistrationDelegate.java:191)
	at org.springframework.context.support.AbstractApplicationContext.invokeBeanFactoryPostProcessors(AbstractApplicationContext.java:756)
	at org.springframework.context.support.AbstractApplicationContext.refresh(AbstractApplicationContext.java:572)
	at org.springframework.boot.SpringApplication.refresh(SpringApplication.java:732)
	at org.springframework.boot.SpringApplication.refreshContext(SpringApplication.java:409)
	at org.springframework.boot.SpringApplication.run(SpringApplication.java:308)
	at org.springframework.boot.test.context.SpringBootContextLoader.loadContext(SpringBootContextLoader.java:136)
	at org.springframework.test.context.cache.DefaultCacheAwareContextLoaderDelegate.loadContextInternal(DefaultCacheAwareContextLoaderDelegate.java:141)
	at org.springframework.test.context.cache.DefaultCacheAwareContextLoaderDelegate.loadContext(DefaultCacheAwareContextLoaderDelegate.java:90)
	at org.springframework.test.context.support.DefaultTestContext.getApplicationContext(DefaultTestContext.java:124)
	at org.springframework.test.context.web.ServletTestExecutionListener.setUpRequestContextIfNecessary(ServletTestExecutionListener.java:190)
	at org.springframework.test.context.web.ServletTestExecutionListener.prepareTestInstance(ServletTestExecutionListener.java:132)
	at org.springframework.test.context.TestContextManager.prepareTestInstance(TestContextManager.java:248)
	at org.springframework.test.context.junit.jupiter.SpringExtension.postProcessTestInstance(SpringExtension.java:138)
	at org.junit.jupiter.engine.descriptor.ClassBasedTestDescriptor.lambda$invokeTestInstancePostProcessors$8(ClassBasedTestDescriptor.java:363)
	at org.junit.jupiter.engine.descriptor.ClassBasedTestDescriptor.executeAndMaskThrowable(ClassBasedTestDescriptor.java:368)
	at org.junit.jupiter.engine.descriptor.ClassBasedTestDescriptor.lambda$invokeTestInstancePostProcessors$9(ClassBasedTestDescriptor.java:363)
	at java.base/java.util.stream.ReferencePipeline$3$1.accept(ReferencePipeline.java:214)
	at java.base/java.util.stream.ReferencePipeline$2$1.accept(ReferencePipeline.java:197)
	at java.base/java.util.ArrayList$ArrayListSpliterator.forEachRemaining(ArrayList.java:1716)
	at java.base/java.util.stream.AbstractPipeline.copyInto(AbstractPipeline.java:570)
	at java.base/java.util.stream.AbstractPipeline.wrapAndCopyInto(AbstractPipeline.java:560)
	at java.base/java.util.stream.StreamSpliterators$WrappingSpliterator.forEachRemaining(StreamSpliterators.java:315)
	at java.base/java.util.stream.Streams$ConcatSpliterator.forEachRemaining(Streams.java:735)
	at java.base/java.util.stream.Streams$ConcatSpliterator.forEachRemaining(Streams.java:734)
	at java.base/java.util.stream.ReferencePipeline$Head.forEach(ReferencePipeline.java:803)
	at org.junit.jupiter.engine.descriptor.ClassBasedTestDescriptor.invokeTestInstancePostProcessors(ClassBasedTestDescriptor.java:362)
	at org.junit.jupiter.engine.descriptor.ClassBasedTestDescriptor.lambda$instantiateAndPostProcessTestInstance$6(ClassBasedTestDescriptor.java:283)
	at org.junit.platform.engine.support.hierarchical.ThrowableCollector.execute(ThrowableCollector.java:73)
	at org.junit.jupiter.engine.descriptor.ClassBasedTestDescriptor.instantiateAndPostProcessTestInstance(ClassBasedTestDescriptor.java:282)
	at org.junit.jupiter.engine.descriptor.ClassBasedTestDescriptor.lambda$testInstancesProvider$4(ClassBasedTestDescriptor.java:272)
	at java.base/java.util.Optional.orElseGet(Optional.java:364)
	at org.junit.jupiter.engine.descriptor.ClassBasedTestDescriptor.lambda$testInstancesProvider$5(ClassBasedTestDescriptor.java:271)
	at org.junit.jupiter.engine.execution.TestInstancesProvider.getTestInstances(TestInstancesProvider.java:31)
	at org.junit.jupiter.engine.descriptor.TestMethodTestDescriptor.lambda$prepare$0(TestMethodTestDescriptor.java:102)
	at org.junit.platform.engine.support.hierarchical.ThrowableCollector.execute(ThrowableCollector.java:73)
	at org.junit.jupiter.engine.descriptor.TestMethodTestDescriptor.prepare(TestMethodTestDescriptor.java:101)
	at org.junit.jupiter.engine.descriptor.TestMethodTestDescriptor.prepare(TestMethodTestDescriptor.java:66)
	at org.junit.platform.engine.support.hierarchical.NodeTestTask.lambda$prepare$2(NodeTestTask.java:123)
	at org.junit.platform.engine.support.hierarchical.ThrowableCollector.execute(ThrowableCollector.java:73)
	at org.junit.platform.engine.support.hierarchical.NodeTestTask.prepare(NodeTestTask.java:123)
	at org.junit.platform.engine.support.hierarchical.NodeTestTask.execute(NodeTestTask.java:90)
	at java.base/java.util.ArrayList.forEach(ArrayList.java:1604)
	at org.junit.platform.engine.support.hierarchical.SameThreadHierarchicalTestExecutorService.invokeAll(SameThreadHierarchicalTestExecutorService.java:41)
	at org.junit.platform.engine.support.hierarchical.NodeTestTask.lambda$executeRecursively$6(NodeTestTask.java:155)
	at org.junit.platform.engine.support.hierarchical.ThrowableCollector.execute(ThrowableCollector.java:73)
	at org.junit.platform.engine.support.hierarchical.NodeTestTask.lambda$executeRecursively$8(NodeTestTask.java:141)
	at org.junit.platform.engine.support.hierarchical.Node.around(Node.java:137)
	at org.junit.platform.engine.support.hierarchical.NodeTestTask.lambda$executeRecursively$9(NodeTestTask.java:139)
	at org.junit.platform.engine.support.hierarchical.ThrowableCollector.execute(ThrowableCollector.java:73)
	at org.junit.platform.engine.support.hierarchical.NodeTestTask.executeRecursively(NodeTestTask.java:138)
	at org.junit.platform.engine.support.hierarchical.NodeTestTask.execute(NodeTestTask.java:95)
	at java.base/java.util.ArrayList.forEach(ArrayList.java:1604)
	at org.junit.platform.engine.support.hierarchical.SameThreadHierarchicalTestExecutorService.invokeAll(SameThreadHierarchicalTestExecutorService.java:41)
	at org.junit.platform.engine.support.hierarchical.NodeTestTask.lambda$executeRecursively$6(NodeTestTask.java:155)
	at org.junit.platform.engine.support.hierarchical.ThrowableCollector.execute(ThrowableCollector.java:73)
	at org.junit.platform.engine.support.hierarchical.NodeTestTask.lambda$executeRecursively$8(NodeTestTask.java:141)
	at org.junit.platform.engine.support.hierarchical.Node.around(Node.java:137)
	at org.junit.platform.engine.support.hierarchical.NodeTestTask.lambda$executeRecursively$9(NodeTestTask.java:139)
	at org.junit.platform.engine.support.hierarchical.ThrowableCollector.execute(ThrowableCollector.java:73)
	at org.junit.platform.engine.support.hierarchical.NodeTestTask.executeRecursively(NodeTestTask.java:138)
	at org.junit.platform.engine.support.hierarchical.NodeTestTask.execute(NodeTestTask.java:95)
	at org.junit.platform.engine.support.hierarchical.SameThreadHierarchicalTestExecutorService.submit(SameThreadHierarchicalTestExecutorService.java:35)
	at org.junit.platform.engine.support.hierarchical.HierarchicalTestExecutor.execute(HierarchicalTestExecutor.java:57)
	at org.junit.platform.engine.support.hierarchical.HierarchicalTestEngine.execute(HierarchicalTestEngine.java:54)
	at org.junit.platform.launcher.core.DefaultLauncher.execute(DefaultLauncher.java:220)
	at org.junit.platform.launcher.core.DefaultLauncher.lambda$execute$6(DefaultLauncher.java:188)
	at org.junit.platform.launcher.core.DefaultLauncher.withInterceptedStreams(DefaultLauncher.java:202)
	at org.junit.platform.launcher.core.DefaultLauncher.execute(DefaultLauncher.java:181)
	at org.junit.platform.launcher.core.DefaultLauncher.execute(DefaultLauncher.java:128)
	at org.apache.maven.surefire.junitplatform.JUnitPlatformProvider.invokeAllTests(JUnitPlatformProvider.java:150)
	at org.apache.maven.surefire.junitplatform.JUnitPlatformProvider.invoke(JUnitPlatformProvider.java:124)
	at org.apache.maven.surefire.booter.ForkedBooter.invokeProviderInSameClassLoader(ForkedBooter.java:384)
	at org.apache.maven.surefire.booter.ForkedBooter.runSuitesInProcess(ForkedBooter.java:345)
	at org.apache.maven.surefire.booter.ForkedBooter.execute(ForkedBooter.java:126)
	at org.apache.maven.surefire.booter.ForkedBooter.main(ForkedBooter.java:418)
Caused by: java.lang.ExceptionInInitializerError: Exception java.lang.NoClassDefFoundError: javax/persistence/EntityManagerFactory [in thread "main"]
	at org.springframework.data.jpa.util.BeanDefinitionUtils.<clinit>(BeanDefinitionUtils.java:57)
	... 78 common frames omitted
]]></system-out>
  </testcase>
  <testcase name="testPerformanceComparison" classname="com.example.LAB5.framework.service.FrameworkPerformanceComparisonServiceTest" time="0">
    <error message="Could not initialize class org.springframework.data.jpa.util.BeanDefinitionUtils" type="java.lang.NoClassDefFoundError">java.lang.NoClassDefFoundError: Could not initialize class org.springframework.data.jpa.util.BeanDefinitionUtils
Caused by: java.lang.ExceptionInInitializerError: Exception java.lang.NoClassDefFoundError: javax/persistence/EntityManagerFactory [in thread "main"]
</error>
    <system-out><![CDATA[20:39:15.400 [main] &amp#27;[39mDEBUG&amp#27;[0;39m &amp#27;[36mo.s.t.c.s.TestPropertySourceUtils&amp#27;[0;39m - Adding inlined properties to environment: {spring.jmx.enabled=false, org.springframework.boot.test.context.SpringBootTestContextBootstrapper=true}
20:39:15.405 [main] &amp#27;[39mDEBUG&amp#27;[0;39m &amp#27;[36mo.s.b.w.s.c.ApplicationServletEnvironment&amp#27;[0;39m - Activating profiles []

  .   ____          _            __ _ _
 /\\ / ___'_ __ _ _(_)_ __  __ _ \ \ \ \
( ( )\___ | '_ | '_| | '_ \/ _` | \ \ \ \
 \\/  ___)| |_)| | | | | || (_| |  ) ) ) )
  '  |____| .__|_| |_|_| |_\__, | / / / /
 =========|_|==============|___/=/_/_/_/
 :: Spring Boot ::               (v2.7.18)

20:39:15.408 [main] &amp#27;[34mINFO &amp#27;[0;39m &amp#27;[36mc.e.L.f.s.FrameworkPerformanceComparisonServiceTest&amp#27;[0;39m - Starting FrameworkPerformanceComparisonServiceTest using Java 25 on WIN-3P73ASE80P5 with PID 572 (started by user in C:\Users\user\Desktop\oopLabsTogether\LAB5)
20:39:15.408 [main] &amp#27;[39mDEBUG&amp#27;[0;39m &amp#27;[36mc.e.L.f.s.FrameworkPerformanceComparisonServiceTest&amp#27;[0;39m - Running with Spring Boot v2.7.18, Spring v5.3.31
20:39:15.408 [main] &amp#27;[34mINFO &amp#27;[0;39m &amp#27;[36mc.e.L.f.s.FrameworkPerformanceComparisonServiceTest&amp#27;[0;39m - No active profile set, falling back to 1 default profile: "default"
20:39:15.408 [main] &amp#27;[39mDEBUG&amp#27;[0;39m &amp#27;[36mo.s.boot.SpringApplication&amp#27;[0;39m - Loading source class com.example.LAB5.LAB5Application
20:39:15.409 [main] &amp#27;[39mDEBUG&amp#27;[0;39m &amp#27;[36mo.s.w.c.s.GenericWebApplicationContext&amp#27;[0;39m - Refreshing org.springframework.web.context.support.GenericWebApplicationContext@1caff0db
20:39:15.410 [main] &amp#27;[39mDEBUG&amp#27;[0;39m &amp#27;[36mo.s.b.f.s.DefaultListableBeanFactory&amp#27;[0;39m - Creating shared instance of singleton bean 'org.springframework.context.annotation.internalConfigurationAnnotationProcessor'
20:39:15.410 [main] &amp#27;[39mDEBUG&amp#27;[0;39m &amp#27;[36mo.s.b.f.s.DefaultListableBeanFactory&amp#27;[0;39m - Creating shared instance of singleton bean 'org.springframework.boot.autoconfigure.internalCachingMetadataReaderFactory'
20:39:15.422 [main] &amp#27;[39mDEBUG&amp#27;[0;39m &amp#27;[36mo.s.c.a.ClassPathBeanDefinitionScanner&amp#27;[0;39m - Identified candidate component class: file [C:\Users\user\Desktop\oopLabsTogether\LAB5\target\classes\com\example\LAB5\comparsion\service\PerformanceComparisonService.class]
20:39:15.422 [main] &amp#27;[39mDEBUG&amp#27;[0;39m &amp#27;[36mo.s.c.a.ClassPathBeanDefinitionScanner&amp#27;[0;39m - Identified candidate component class: file [C:\Users\user\Desktop\oopLabsTogether\LAB5\target\classes\com\example\LAB5\framework\Search\FrameworkSearchService.class]
20:39:15.424 [main] &amp#27;[39mDEBUG&amp#27;[0;39m &amp#27;[36mo.s.c.a.ClassPathBeanDefinitionScanner&amp#27;[0;39m - Ignored because not a concrete top-level class: file [C:\Users\user\Desktop\oopLabsTogether\LAB5\target\classes\com\example\LAB5\framework\repository\FunctionRepository.class]
20:39:15.424 [main] &amp#27;[39mDEBUG&amp#27;[0;39m &amp#27;[36mo.s.c.a.ClassPathBeanDefinitionScanner&amp#27;[0;39m - Ignored because not a concrete top-level class: file [C:\Users\user\Desktop\oopLabsTogether\LAB5\target\classes\com\example\LAB5\framework\repository\PointRepository.class]
20:39:15.424 [main] &amp#27;[39mDEBUG&amp#27;[0;39m &amp#27;[36mo.s.c.a.ClassPathBeanDefinitionScanner&amp#27;[0;39m - Ignored because not a concrete top-level class: file [C:\Users\user\Desktop\oopLabsTogether\LAB5\target\classes\com\example\LAB5\framework\repository\UserRepository.class]
20:39:15.424 [main] &amp#27;[39mDEBUG&amp#27;[0;39m &amp#27;[36mo.s.c.a.ClassPathBeanDefinitionScanner&amp#27;[0;39m - Identified candidate component class: file [C:\Users\user\Desktop\oopLabsTogether\LAB5\target\classes\com\example\LAB5\framework\service\FrameworkPerformanceComparisonService.class]
20:39:15.425 [main] &amp#27;[39mDEBUG&amp#27;[0;39m &amp#27;[36mo.s.c.a.ClassPathBeanDefinitionScanner&amp#27;[0;39m - Identified candidate component class: file [C:\Users\user\Desktop\oopLabsTogether\LAB5\target\classes\com\example\LAB5\framework\service\FunctionService.class]
20:39:15.425 [main] &amp#27;[39mDEBUG&amp#27;[0;39m &amp#27;[36mo.s.c.a.ClassPathBeanDefinitionScanner&amp#27;[0;39m - Identified candidate component class: file [C:\Users\user\Desktop\oopLabsTogether\LAB5\target\classes\com\example\LAB5\framework\service\PointService.class]
20:39:15.426 [main] &amp#27;[39mDEBUG&amp#27;[0;39m &amp#27;[36mo.s.c.a.ClassPathBeanDefinitionScanner&amp#27;[0;39m - Identified candidate component class: file [C:\Users\user\Desktop\oopLabsTogether\LAB5\target\classes\com\example\LAB5\framework\service\UserService.class]
20:39:15.427 [main] &amp#27;[39mDEBUG&amp#27;[0;39m &amp#27;[36mo.s.c.a.ClassPathBeanDefinitionScanner&amp#27;[0;39m - Identified candidate component class: file [C:\Users\user\Desktop\oopLabsTogether\LAB5\target\classes\com\example\LAB5\manual\service\DTOTransformationService.class]
20:39:15.428 [main] &amp#27;[39mDEBUG&amp#27;[0;39m &amp#27;[36mo.s.c.a.ClassPathBeanDefinitionScanner&amp#27;[0;39m - Identified candidate component class: file [C:\Users\user\Desktop\oopLabsTogether\LAB5\target\classes\com\example\LAB5\manual\service\ManualJdbcService.class]
20:39:15.466 [main] &amp#27;[34mINFO &amp#27;[0;39m &amp#27;[36mo.s.d.r.c.RepositoryConfigurationDelegate&amp#27;[0;39m - Bootstrapping Spring Data JPA repositories in DEFAULT mode.
20:39:15.466 [main] &amp#27;[39mDEBUG&amp#27;[0;39m &amp#27;[36mo.s.d.r.c.RepositoryConfigurationDelegate&amp#27;[0;39m - Scanning for JPA repositories in packages com.example.LAB5.framework.repository.
20:39:15.467 [main] &amp#27;[39mDEBUG&amp#27;[0;39m &amp#27;[36mo.s.d.r.c.RepositoryComponentProvider&amp#27;[0;39m - Identified candidate component class: file [C:\Users\user\Desktop\oopLabsTogether\LAB5\target\classes\com\example\LAB5\framework\repository\FunctionRepository.class]
20:39:15.467 [main] &amp#27;[39mDEBUG&amp#27;[0;39m &amp#27;[36mo.s.d.r.c.RepositoryComponentProvider&amp#27;[0;39m - Identified candidate component class: file [C:\Users\user\Desktop\oopLabsTogether\LAB5\target\classes\com\example\LAB5\framework\repository\PointRepository.class]
20:39:15.467 [main] &amp#27;[39mDEBUG&amp#27;[0;39m &amp#27;[36mo.s.d.r.c.RepositoryComponentProvider&amp#27;[0;39m - Identified candidate component class: file [C:\Users\user\Desktop\oopLabsTogether\LAB5\target\classes\com\example\LAB5\framework\repository\UserRepository.class]
20:39:15.470 [main] &amp#27;[34mINFO &amp#27;[0;39m &amp#27;[36mo.s.d.r.c.RepositoryConfigurationDelegate&amp#27;[0;39m - Finished Spring Data repository scanning in 4 ms. Found 3 JPA repository interfaces.
20:39:15.480 [main] &amp#27;[39mDEBUG&amp#27;[0;39m &amp#27;[36mo.s.c.a.ConfigurationClassUtils&amp#27;[0;39m - Failed to introspect @Bean methods on class [org.springframework.data.jpa.repository.support.DefaultJpaContext]: java.lang.IllegalStateException: Failed to introspect annotated methods on class org.springframework.data.jpa.repository.support.DefaultJpaContext
20:39:15.480 [main] &amp#27;[39mDEBUG&amp#27;[0;39m &amp#27;[36mo.s.b.f.s.DefaultListableBeanFactory&amp#27;[0;39m - Creating shared instance of singleton bean 'propertySourcesPlaceholderConfigurer'
20:39:15.481 [main] &amp#27;[39mDEBUG&amp#27;[0;39m &amp#27;[36mo.s.b.f.s.DefaultListableBeanFactory&amp#27;[0;39m - Creating shared instance of singleton bean 'org.springframework.boot.test.mock.mockito.MockitoPostProcessor'
20:39:15.481 [main] &amp#27;[39mDEBUG&amp#27;[0;39m &amp#27;[36mo.s.b.f.s.DefaultListableBeanFactory&amp#27;[0;39m - Creating shared instance of singleton bean 'emBeanDefinitionRegistrarPostProcessor'
20:39:15.481 [main] &amp#27;[39mDEBUG&amp#27;[0;39m &amp#27;[36mo.s.b.f.s.DefaultListableBeanFactory&amp#27;[0;39m - Creating shared instance of singleton bean 'org.springframework.boot.sql.init.dependency.DatabaseInitializationDependencyConfigurer$DependsOnDatabaseInitializationPostProcessor'
20:39:15.482 [main] &amp#27;[1;31mERROR&amp#27;[0;39m &amp#27;[36mo.s.boot.SpringApplication&amp#27;[0;39m - Application run failed
java.lang.NoClassDefFoundError: Could not initialize class org.springframework.data.jpa.util.BeanDefinitionUtils
	at org.springframework.data.jpa.repository.support.EntityManagerBeanDefinitionRegistrarPostProcessor.postProcessBeanFactory(EntityManagerBeanDefinitionRegistrarPostProcessor.java:72)
	at org.springframework.context.support.PostProcessorRegistrationDelegate.invokeBeanFactoryPostProcessors(PostProcessorRegistrationDelegate.java:325)
	at org.springframework.context.support.PostProcessorRegistrationDelegate.invokeBeanFactoryPostProcessors(PostProcessorRegistrationDelegate.java:191)
	at org.springframework.context.support.AbstractApplicationContext.invokeBeanFactoryPostProcessors(AbstractApplicationContext.java:756)
	at org.springframework.context.support.AbstractApplicationContext.refresh(AbstractApplicationContext.java:572)
	at org.springframework.boot.SpringApplication.refresh(SpringApplication.java:732)
	at org.springframework.boot.SpringApplication.refreshContext(SpringApplication.java:409)
	at org.springframework.boot.SpringApplication.run(SpringApplication.java:308)
	at org.springframework.boot.test.context.SpringBootContextLoader.loadContext(SpringBootContextLoader.java:136)
	at org.springframework.test.context.cache.DefaultCacheAwareContextLoaderDelegate.loadContextInternal(DefaultCacheAwareContextLoaderDelegate.java:141)
	at org.springframework.test.context.cache.DefaultCacheAwareContextLoaderDelegate.loadContext(DefaultCacheAwareContextLoaderDelegate.java:90)
	at org.springframework.test.context.support.DefaultTestContext.getApplicationContext(DefaultTestContext.java:124)
	at org.springframework.test.context.web.ServletTestExecutionListener.setUpRequestContextIfNecessary(ServletTestExecutionListener.java:190)
	at org.springframework.test.context.web.ServletTestExecutionListener.prepareTestInstance(ServletTestExecutionListener.java:132)
	at org.springframework.test.context.TestContextManager.prepareTestInstance(TestContextManager.java:248)
	at org.springframework.test.context.junit.jupiter.SpringExtension.postProcessTestInstance(SpringExtension.java:138)
	at org.junit.jupiter.engine.descriptor.ClassBasedTestDescriptor.lambda$invokeTestInstancePostProcessors$8(ClassBasedTestDescriptor.java:363)
	at org.junit.jupiter.engine.descriptor.ClassBasedTestDescriptor.executeAndMaskThrowable(ClassBasedTestDescriptor.java:368)
	at org.junit.jupiter.engine.descriptor.ClassBasedTestDescriptor.lambda$invokeTestInstancePostProcessors$9(ClassBasedTestDescriptor.java:363)
	at java.base/java.util.stream.ReferencePipeline$3$1.accept(ReferencePipeline.java:214)
	at java.base/java.util.stream.ReferencePipeline$2$1.accept(ReferencePipeline.java:197)
	at java.base/java.util.ArrayList$ArrayListSpliterator.forEachRemaining(ArrayList.java:1716)
	at java.base/java.util.stream.AbstractPipeline.copyInto(AbstractPipeline.java:570)
	at java.base/java.util.stream.AbstractPipeline.wrapAndCopyInto(AbstractPipeline.java:560)
	at java.base/java.util.stream.StreamSpliterators$WrappingSpliterator.forEachRemaining(StreamSpliterators.java:315)
	at java.base/java.util.stream.Streams$ConcatSpliterator.forEachRemaining(Streams.java:735)
	at java.base/java.util.stream.Streams$ConcatSpliterator.forEachRemaining(Streams.java:734)
	at java.base/java.util.stream.ReferencePipeline$Head.forEach(ReferencePipeline.java:803)
	at org.junit.jupiter.engine.descriptor.ClassBasedTestDescriptor.invokeTestInstancePostProcessors(ClassBasedTestDescriptor.java:362)
	at org.junit.jupiter.engine.descriptor.ClassBasedTestDescriptor.lambda$instantiateAndPostProcessTestInstance$6(ClassBasedTestDescriptor.java:283)
	at org.junit.platform.engine.support.hierarchical.ThrowableCollector.execute(ThrowableCollector.java:73)
	at org.junit.jupiter.engine.descriptor.ClassBasedTestDescriptor.instantiateAndPostProcessTestInstance(ClassBasedTestDescriptor.java:282)
	at org.junit.jupiter.engine.descriptor.ClassBasedTestDescriptor.lambda$testInstancesProvider$4(ClassBasedTestDescriptor.java:272)
	at java.base/java.util.Optional.orElseGet(Optional.java:364)
	at org.junit.jupiter.engine.descriptor.ClassBasedTestDescriptor.lambda$testInstancesProvider$5(ClassBasedTestDescriptor.java:271)
	at org.junit.jupiter.engine.execution.TestInstancesProvider.getTestInstances(TestInstancesProvider.java:31)
	at org.junit.jupiter.engine.descriptor.TestMethodTestDescriptor.lambda$prepare$0(TestMethodTestDescriptor.java:102)
	at org.junit.platform.engine.support.hierarchical.ThrowableCollector.execute(ThrowableCollector.java:73)
	at org.junit.jupiter.engine.descriptor.TestMethodTestDescriptor.prepare(TestMethodTestDescriptor.java:101)
	at org.junit.jupiter.engine.descriptor.TestMethodTestDescriptor.prepare(TestMethodTestDescriptor.java:66)
	at org.junit.platform.engine.support.hierarchical.NodeTestTask.lambda$prepare$2(NodeTestTask.java:123)
	at org.junit.platform.engine.support.hierarchical.ThrowableCollector.execute(ThrowableCollector.java:73)
	at org.junit.platform.engine.support.hierarchical.NodeTestTask.prepare(NodeTestTask.java:123)
	at org.junit.platform.engine.support.hierarchical.NodeTestTask.execute(NodeTestTask.java:90)
	at java.base/java.util.ArrayList.forEach(ArrayList.java:1604)
	at org.junit.platform.engine.support.hierarchical.SameThreadHierarchicalTestExecutorService.invokeAll(SameThreadHierarchicalTestExecutorService.java:41)
	at org.junit.platform.engine.support.hierarchical.NodeTestTask.lambda$executeRecursively$6(NodeTestTask.java:155)
	at org.junit.platform.engine.support.hierarchical.ThrowableCollector.execute(ThrowableCollector.java:73)
	at org.junit.platform.engine.support.hierarchical.NodeTestTask.lambda$executeRecursively$8(NodeTestTask.java:141)
	at org.junit.platform.engine.support.hierarchical.Node.around(Node.java:137)
	at org.junit.platform.engine.support.hierarchical.NodeTestTask.lambda$executeRecursively$9(NodeTestTask.java:139)
	at org.junit.platform.engine.support.hierarchical.ThrowableCollector.execute(ThrowableCollector.java:73)
	at org.junit.platform.engine.support.hierarchical.NodeTestTask.executeRecursively(NodeTestTask.java:138)
	at org.junit.platform.engine.support.hierarchical.NodeTestTask.execute(NodeTestTask.java:95)
	at java.base/java.util.ArrayList.forEach(ArrayList.java:1604)
	at org.junit.platform.engine.support.hierarchical.SameThreadHierarchicalTestExecutorService.invokeAll(SameThreadHierarchicalTestExecutorService.java:41)
	at org.junit.platform.engine.support.hierarchical.NodeTestTask.lambda$executeRecursively$6(NodeTestTask.java:155)
	at org.junit.platform.engine.support.hierarchical.ThrowableCollector.execute(ThrowableCollector.java:73)
	at org.junit.platform.engine.support.hierarchical.NodeTestTask.lambda$executeRecursively$8(NodeTestTask.java:141)
	at org.junit.platform.engine.support.hierarchical.Node.around(Node.java:137)
	at org.junit.platform.engine.support.hierarchical.NodeTestTask.lambda$executeRecursively$9(NodeTestTask.java:139)
	at org.junit.platform.engine.support.hierarchical.ThrowableCollector.execute(ThrowableCollector.java:73)
	at org.junit.platform.engine.support.hierarchical.NodeTestTask.executeRecursively(NodeTestTask.java:138)
	at org.junit.platform.engine.support.hierarchical.NodeTestTask.execute(NodeTestTask.java:95)
	at org.junit.platform.engine.support.hierarchical.SameThreadHierarchicalTestExecutorService.submit(SameThreadHierarchicalTestExecutorService.java:35)
	at org.junit.platform.engine.support.hierarchical.HierarchicalTestExecutor.execute(HierarchicalTestExecutor.java:57)
	at org.junit.platform.engine.support.hierarchical.HierarchicalTestEngine.execute(HierarchicalTestEngine.java:54)
	at org.junit.platform.launcher.core.DefaultLauncher.execute(DefaultLauncher.java:220)
	at org.junit.platform.launcher.core.DefaultLauncher.lambda$execute$6(DefaultLauncher.java:188)
	at org.junit.platform.launcher.core.DefaultLauncher.withInterceptedStreams(DefaultLauncher.java:202)
	at org.junit.platform.launcher.core.DefaultLauncher.execute(DefaultLauncher.java:181)
	at org.junit.platform.launcher.core.DefaultLauncher.execute(DefaultLauncher.java:128)
	at org.apache.maven.surefire.junitplatform.JUnitPlatformProvider.invokeAllTests(JUnitPlatformProvider.java:150)
	at org.apache.maven.surefire.junitplatform.JUnitPlatformProvider.invoke(JUnitPlatformProvider.java:124)
	at org.apache.maven.surefire.booter.ForkedBooter.invokeProviderInSameClassLoader(ForkedBooter.java:384)
	at org.apache.maven.surefire.booter.ForkedBooter.runSuitesInProcess(ForkedBooter.java:345)
	at org.apache.maven.surefire.booter.ForkedBooter.execute(ForkedBooter.java:126)
	at org.apache.maven.surefire.booter.ForkedBooter.main(ForkedBooter.java:418)
Caused by: java.lang.ExceptionInInitializerError: Exception java.lang.NoClassDefFoundError: javax/persistence/EntityManagerFactory [in thread "main"]
	at org.springframework.data.jpa.util.BeanDefinitionUtils.<clinit>(BeanDefinitionUtils.java:57)
	... 78 common frames omitted
20:39:15.482 [main] &amp#27;[39mDEBUG&amp#27;[0;39m &amp#27;[36mo.s.w.c.s.GenericWebApplicationContext&amp#27;[0;39m - Closing org.springframework.web.context.support.GenericWebApplicationContext@1caff0db, started on Sun Dec 07 20:39:15 GMT+04:00 2025
20:39:15.483 [main] &amp#27;[1;31mERROR&amp#27;[0;39m &amp#27;[36mo.s.test.context.TestContextManager&amp#27;[0;39m - Caught exception while allowing TestExecutionListener [org.springframework.test.context.web.ServletTestExecutionListener@46e77fb7] to prepare test instance [com.example.LAB5.framework.service.FrameworkPerformanceComparisonServiceTest@72f112d1]
java.lang.NoClassDefFoundError: Could not initialize class org.springframework.data.jpa.util.BeanDefinitionUtils
	at org.springframework.data.jpa.repository.support.EntityManagerBeanDefinitionRegistrarPostProcessor.postProcessBeanFactory(EntityManagerBeanDefinitionRegistrarPostProcessor.java:72)
	at org.springframework.context.support.PostProcessorRegistrationDelegate.invokeBeanFactoryPostProcessors(PostProcessorRegistrationDelegate.java:325)
	at org.springframework.context.support.PostProcessorRegistrationDelegate.invokeBeanFactoryPostProcessors(PostProcessorRegistrationDelegate.java:191)
	at org.springframework.context.support.AbstractApplicationContext.invokeBeanFactoryPostProcessors(AbstractApplicationContext.java:756)
	at org.springframework.context.support.AbstractApplicationContext.refresh(AbstractApplicationContext.java:572)
	at org.springframework.boot.SpringApplication.refresh(SpringApplication.java:732)
	at org.springframework.boot.SpringApplication.refreshContext(SpringApplication.java:409)
	at org.springframework.boot.SpringApplication.run(SpringApplication.java:308)
	at org.springframework.boot.test.context.SpringBootContextLoader.loadContext(SpringBootContextLoader.java:136)
	at org.springframework.test.context.cache.DefaultCacheAwareContextLoaderDelegate.loadContextInternal(DefaultCacheAwareContextLoaderDelegate.java:141)
	at org.springframework.test.context.cache.DefaultCacheAwareContextLoaderDelegate.loadContext(DefaultCacheAwareContextLoaderDelegate.java:90)
	at org.springframework.test.context.support.DefaultTestContext.getApplicationContext(DefaultTestContext.java:124)
	at org.springframework.test.context.web.ServletTestExecutionListener.setUpRequestContextIfNecessary(ServletTestExecutionListener.java:190)
	at org.springframework.test.context.web.ServletTestExecutionListener.prepareTestInstance(ServletTestExecutionListener.java:132)
	at org.springframework.test.context.TestContextManager.prepareTestInstance(TestContextManager.java:248)
	at org.springframework.test.context.junit.jupiter.SpringExtension.postProcessTestInstance(SpringExtension.java:138)
	at org.junit.jupiter.engine.descriptor.ClassBasedTestDescriptor.lambda$invokeTestInstancePostProcessors$8(ClassBasedTestDescriptor.java:363)
	at org.junit.jupiter.engine.descriptor.ClassBasedTestDescriptor.executeAndMaskThrowable(ClassBasedTestDescriptor.java:368)
	at org.junit.jupiter.engine.descriptor.ClassBasedTestDescriptor.lambda$invokeTestInstancePostProcessors$9(ClassBasedTestDescriptor.java:363)
	at java.base/java.util.stream.ReferencePipeline$3$1.accept(ReferencePipeline.java:214)
	at java.base/java.util.stream.ReferencePipeline$2$1.accept(ReferencePipeline.java:197)
	at java.base/java.util.ArrayList$ArrayListSpliterator.forEachRemaining(ArrayList.java:1716)
	at java.base/java.util.stream.AbstractPipeline.copyInto(AbstractPipeline.java:570)
	at java.base/java.util.stream.AbstractPipeline.wrapAndCopyInto(AbstractPipeline.java:560)
	at java.base/java.util.stream.StreamSpliterators$WrappingSpliterator.forEachRemaining(StreamSpliterators.java:315)
	at java.base/java.util.stream.Streams$ConcatSpliterator.forEachRemaining(Streams.java:735)
	at java.base/java.util.stream.Streams$ConcatSpliterator.forEachRemaining(Streams.java:734)
	at java.base/java.util.stream.ReferencePipeline$Head.forEach(ReferencePipeline.java:803)
	at org.junit.jupiter.engine.descriptor.ClassBasedTestDescriptor.invokeTestInstancePostProcessors(ClassBasedTestDescriptor.java:362)
	at org.junit.jupiter.engine.descriptor.ClassBasedTestDescriptor.lambda$instantiateAndPostProcessTestInstance$6(ClassBasedTestDescriptor.java:283)
	at org.junit.platform.engine.support.hierarchical.ThrowableCollector.execute(ThrowableCollector.java:73)
	at org.junit.jupiter.engine.descriptor.ClassBasedTestDescriptor.instantiateAndPostProcessTestInstance(ClassBasedTestDescriptor.java:282)
	at org.junit.jupiter.engine.descriptor.ClassBasedTestDescriptor.lambda$testInstancesProvider$4(ClassBasedTestDescriptor.java:272)
	at java.base/java.util.Optional.orElseGet(Optional.java:364)
	at org.junit.jupiter.engine.descriptor.ClassBasedTestDescriptor.lambda$testInstancesProvider$5(ClassBasedTestDescriptor.java:271)
	at org.junit.jupiter.engine.execution.TestInstancesProvider.getTestInstances(TestInstancesProvider.java:31)
	at org.junit.jupiter.engine.descriptor.TestMethodTestDescriptor.lambda$prepare$0(TestMethodTestDescriptor.java:102)
	at org.junit.platform.engine.support.hierarchical.ThrowableCollector.execute(ThrowableCollector.java:73)
	at org.junit.jupiter.engine.descriptor.TestMethodTestDescriptor.prepare(TestMethodTestDescriptor.java:101)
	at org.junit.jupiter.engine.descriptor.TestMethodTestDescriptor.prepare(TestMethodTestDescriptor.java:66)
	at org.junit.platform.engine.support.hierarchical.NodeTestTask.lambda$prepare$2(NodeTestTask.java:123)
	at org.junit.platform.engine.support.hierarchical.ThrowableCollector.execute(ThrowableCollector.java:73)
	at org.junit.platform.engine.support.hierarchical.NodeTestTask.prepare(NodeTestTask.java:123)
	at org.junit.platform.engine.support.hierarchical.NodeTestTask.execute(NodeTestTask.java:90)
	at java.base/java.util.ArrayList.forEach(ArrayList.java:1604)
	at org.junit.platform.engine.support.hierarchical.SameThreadHierarchicalTestExecutorService.invokeAll(SameThreadHierarchicalTestExecutorService.java:41)
	at org.junit.platform.engine.support.hierarchical.NodeTestTask.lambda$executeRecursively$6(NodeTestTask.java:155)
	at org.junit.platform.engine.support.hierarchical.ThrowableCollector.execute(ThrowableCollector.java:73)
	at org.junit.platform.engine.support.hierarchical.NodeTestTask.lambda$executeRecursively$8(NodeTestTask.java:141)
	at org.junit.platform.engine.support.hierarchical.Node.around(Node.java:137)
	at org.junit.platform.engine.support.hierarchical.NodeTestTask.lambda$executeRecursively$9(NodeTestTask.java:139)
	at org.junit.platform.engine.support.hierarchical.ThrowableCollector.execute(ThrowableCollector.java:73)
	at org.junit.platform.engine.support.hierarchical.NodeTestTask.executeRecursively(NodeTestTask.java:138)
	at org.junit.platform.engine.support.hierarchical.NodeTestTask.execute(NodeTestTask.java:95)
	at java.base/java.util.ArrayList.forEach(ArrayList.java:1604)
	at org.junit.platform.engine.support.hierarchical.SameThreadHierarchicalTestExecutorService.invokeAll(SameThreadHierarchicalTestExecutorService.java:41)
	at org.junit.platform.engine.support.hierarchical.NodeTestTask.lambda$executeRecursively$6(NodeTestTask.java:155)
	at org.junit.platform.engine.support.hierarchical.ThrowableCollector.execute(ThrowableCollector.java:73)
	at org.junit.platform.engine.support.hierarchical.NodeTestTask.lambda$executeRecursively$8(NodeTestTask.java:141)
	at org.junit.platform.engine.support.hierarchical.Node.around(Node.java:137)
	at org.junit.platform.engine.support.hierarchical.NodeTestTask.lambda$executeRecursively$9(NodeTestTask.java:139)
	at org.junit.platform.engine.support.hierarchical.ThrowableCollector.execute(ThrowableCollector.java:73)
	at org.junit.platform.engine.support.hierarchical.NodeTestTask.executeRecursively(NodeTestTask.java:138)
	at org.junit.platform.engine.support.hierarchical.NodeTestTask.execute(NodeTestTask.java:95)
	at org.junit.platform.engine.support.hierarchical.SameThreadHierarchicalTestExecutorService.submit(SameThreadHierarchicalTestExecutorService.java:35)
	at org.junit.platform.engine.support.hierarchical.HierarchicalTestExecutor.execute(HierarchicalTestExecutor.java:57)
	at org.junit.platform.engine.support.hierarchical.HierarchicalTestEngine.execute(HierarchicalTestEngine.java:54)
	at org.junit.platform.launcher.core.DefaultLauncher.execute(DefaultLauncher.java:220)
	at org.junit.platform.launcher.core.DefaultLauncher.lambda$execute$6(DefaultLauncher.java:188)
	at org.junit.platform.launcher.core.DefaultLauncher.withInterceptedStreams(DefaultLauncher.java:202)
	at org.junit.platform.launcher.core.DefaultLauncher.execute(DefaultLauncher.java:181)
	at org.junit.platform.launcher.core.DefaultLauncher.execute(DefaultLauncher.java:128)
	at org.apache.maven.surefire.junitplatform.JUnitPlatformProvider.invokeAllTests(JUnitPlatformProvider.java:150)
	at org.apache.maven.surefire.junitplatform.JUnitPlatformProvider.invoke(JUnitPlatformProvider.java:124)
	at org.apache.maven.surefire.booter.ForkedBooter.invokeProviderInSameClassLoader(ForkedBooter.java:384)
	at org.apache.maven.surefire.booter.ForkedBooter.runSuitesInProcess(ForkedBooter.java:345)
	at org.apache.maven.surefire.booter.ForkedBooter.execute(ForkedBooter.java:126)
	at org.apache.maven.surefire.booter.ForkedBooter.main(ForkedBooter.java:418)
Caused by: java.lang.ExceptionInInitializerError: Exception java.lang.NoClassDefFoundError: javax/persistence/EntityManagerFactory [in thread "main"]
	at org.springframework.data.jpa.util.BeanDefinitionUtils.<clinit>(BeanDefinitionUtils.java:57)
	... 78 common frames omitted
]]></system-out>
  </testcase>
  <testcase name="testReadOperationsPerformance" classname="com.example.LAB5.framework.service.FrameworkPerformanceComparisonServiceTest" time="0">
    <error message="Could not initialize class org.springframework.data.jpa.util.BeanDefinitionUtils" type="java.lang.NoClassDefFoundError">java.lang.NoClassDefFoundError: Could not initialize class org.springframework.data.jpa.util.BeanDefinitionUtils
Caused by: java.lang.ExceptionInInitializerError: Exception java.lang.NoClassDefFoundError: javax/persistence/EntityManagerFactory [in thread "main"]
</error>
    <system-out><![CDATA[20:39:15.485 [main] &amp#27;[39mDEBUG&amp#27;[0;39m &amp#27;[36mo.s.t.c.s.TestPropertySourceUtils&amp#27;[0;39m - Adding inlined properties to environment: {spring.jmx.enabled=false, org.springframework.boot.test.context.SpringBootTestContextBootstrapper=true}
20:39:15.490 [main] &amp#27;[39mDEBUG&amp#27;[0;39m &amp#27;[36mo.s.b.w.s.c.ApplicationServletEnvironment&amp#27;[0;39m - Activating profiles []

  .   ____          _            __ _ _
 /\\ / ___'_ __ _ _(_)_ __  __ _ \ \ \ \
( ( )\___ | '_ | '_| | '_ \/ _` | \ \ \ \
 \\/  ___)| |_)| | | | | || (_| |  ) ) ) )
  '  |____| .__|_| |_|_| |_\__, | / / / /
 =========|_|==============|___/=/_/_/_/
 :: Spring Boot ::               (v2.7.18)

20:39:15.493 [main] &amp#27;[34mINFO &amp#27;[0;39m &amp#27;[36mc.e.L.f.s.FrameworkPerformanceComparisonServiceTest&amp#27;[0;39m - Starting FrameworkPerformanceComparisonServiceTest using Java 25 on WIN-3P73ASE80P5 with PID 572 (started by user in C:\Users\user\Desktop\oopLabsTogether\LAB5)
20:39:15.493 [main] &amp#27;[39mDEBUG&amp#27;[0;39m &amp#27;[36mc.e.L.f.s.FrameworkPerformanceComparisonServiceTest&amp#27;[0;39m - Running with Spring Boot v2.7.18, Spring v5.3.31
20:39:15.493 [main] &amp#27;[34mINFO &amp#27;[0;39m &amp#27;[36mc.e.L.f.s.FrameworkPerformanceComparisonServiceTest&amp#27;[0;39m - No active profile set, falling back to 1 default profile: "default"
20:39:15.493 [main] &amp#27;[39mDEBUG&amp#27;[0;39m &amp#27;[36mo.s.boot.SpringApplication&amp#27;[0;39m - Loading source class com.example.LAB5.LAB5Application
20:39:15.494 [main] &amp#27;[39mDEBUG&amp#27;[0;39m &amp#27;[36mo.s.w.c.s.GenericWebApplicationContext&amp#27;[0;39m - Refreshing org.springframework.web.context.support.GenericWebApplicationContext@4460edf
20:39:15.494 [main] &amp#27;[39mDEBUG&amp#27;[0;39m &amp#27;[36mo.s.b.f.s.DefaultListableBeanFactory&amp#27;[0;39m - Creating shared instance of singleton bean 'org.springframework.context.annotation.internalConfigurationAnnotationProcessor'
20:39:15.494 [main] &amp#27;[39mDEBUG&amp#27;[0;39m &amp#27;[36mo.s.b.f.s.DefaultListableBeanFactory&amp#27;[0;39m - Creating shared instance of singleton bean 'org.springframework.boot.autoconfigure.internalCachingMetadataReaderFactory'
20:39:15.506 [main] &amp#27;[39mDEBUG&amp#27;[0;39m &amp#27;[36mo.s.c.a.ClassPathBeanDefinitionScanner&amp#27;[0;39m - Identified candidate component class: file [C:\Users\user\Desktop\oopLabsTogether\LAB5\target\classes\com\example\LAB5\comparsion\service\PerformanceComparisonService.class]
20:39:15.506 [main] &amp#27;[39mDEBUG&amp#27;[0;39m &amp#27;[36mo.s.c.a.ClassPathBeanDefinitionScanner&amp#27;[0;39m - Identified candidate component class: file [C:\Users\user\Desktop\oopLabsTogether\LAB5\target\classes\com\example\LAB5\framework\Search\FrameworkSearchService.class]
20:39:15.507 [main] &amp#27;[39mDEBUG&amp#27;[0;39m &amp#27;[36mo.s.c.a.ClassPathBeanDefinitionScanner&amp#27;[0;39m - Ignored because not a concrete top-level class: file [C:\Users\user\Desktop\oopLabsTogether\LAB5\target\classes\com\example\LAB5\framework\repository\FunctionRepository.class]
20:39:15.507 [main] &amp#27;[39mDEBUG&amp#27;[0;39m &amp#27;[36mo.s.c.a.ClassPathBeanDefinitionScanner&amp#27;[0;39m - Ignored because not a concrete top-level class: file [C:\Users\user\Desktop\oopLabsTogether\LAB5\target\classes\com\example\LAB5\framework\repository\PointRepository.class]
20:39:15.507 [main] &amp#27;[39mDEBUG&amp#27;[0;39m &amp#27;[36mo.s.c.a.ClassPathBeanDefinitionScanner&amp#27;[0;39m - Ignored because not a concrete top-level class: file [C:\Users\user\Desktop\oopLabsTogether\LAB5\target\classes\com\example\LAB5\framework\repository\UserRepository.class]
20:39:15.508 [main] &amp#27;[39mDEBUG&amp#27;[0;39m &amp#27;[36mo.s.c.a.ClassPathBeanDefinitionScanner&amp#27;[0;39m - Identified candidate component class: file [C:\Users\user\Desktop\oopLabsTogether\LAB5\target\classes\com\example\LAB5\framework\service\FrameworkPerformanceComparisonService.class]
20:39:15.508 [main] &amp#27;[39mDEBUG&amp#27;[0;39m &amp#27;[36mo.s.c.a.ClassPathBeanDefinitionScanner&amp#27;[0;39m - Identified candidate component class: file [C:\Users\user\Desktop\oopLabsTogether\LAB5\target\classes\com\example\LAB5\framework\service\FunctionService.class]
20:39:15.508 [main] &amp#27;[39mDEBUG&amp#27;[0;39m &amp#27;[36mo.s.c.a.ClassPathBeanDefinitionScanner&amp#27;[0;39m - Identified candidate component class: file [C:\Users\user\Desktop\oopLabsTogether\LAB5\target\classes\com\example\LAB5\framework\service\PointService.class]
20:39:15.510 [main] &amp#27;[39mDEBUG&amp#27;[0;39m &amp#27;[36mo.s.c.a.ClassPathBeanDefinitionScanner&amp#27;[0;39m - Identified candidate component class: file [C:\Users\user\Desktop\oopLabsTogether\LAB5\target\classes\com\example\LAB5\framework\service\UserService.class]
20:39:15.511 [main] &amp#27;[39mDEBUG&amp#27;[0;39m &amp#27;[36mo.s.c.a.ClassPathBeanDefinitionScanner&amp#27;[0;39m - Identified candidate component class: file [C:\Users\user\Desktop\oopLabsTogether\LAB5\target\classes\com\example\LAB5\manual\service\DTOTransformationService.class]
20:39:15.511 [main] &amp#27;[39mDEBUG&amp#27;[0;39m &amp#27;[36mo.s.c.a.ClassPathBeanDefinitionScanner&amp#27;[0;39m - Identified candidate component class: file [C:\Users\user\Desktop\oopLabsTogether\LAB5\target\classes\com\example\LAB5\manual\service\ManualJdbcService.class]
20:39:15.553 [main] &amp#27;[34mINFO &amp#27;[0;39m &amp#27;[36mo.s.d.r.c.RepositoryConfigurationDelegate&amp#27;[0;39m - Bootstrapping Spring Data JPA repositories in DEFAULT mode.
20:39:15.553 [main] &amp#27;[39mDEBUG&amp#27;[0;39m &amp#27;[36mo.s.d.r.c.RepositoryConfigurationDelegate&amp#27;[0;39m - Scanning for JPA repositories in packages com.example.LAB5.framework.repository.
20:39:15.555 [main] &amp#27;[39mDEBUG&amp#27;[0;39m &amp#27;[36mo.s.d.r.c.RepositoryComponentProvider&amp#27;[0;39m - Identified candidate component class: file [C:\Users\user\Desktop\oopLabsTogether\LAB5\target\classes\com\example\LAB5\framework\repository\FunctionRepository.class]
20:39:15.555 [main] &amp#27;[39mDEBUG&amp#27;[0;39m &amp#27;[36mo.s.d.r.c.RepositoryComponentProvider&amp#27;[0;39m - Identified candidate component class: file [C:\Users\user\Desktop\oopLabsTogether\LAB5\target\classes\com\example\LAB5\framework\repository\PointRepository.class]
20:39:15.555 [main] &amp#27;[39mDEBUG&amp#27;[0;39m &amp#27;[36mo.s.d.r.c.RepositoryComponentProvider&amp#27;[0;39m - Identified candidate component class: file [C:\Users\user\Desktop\oopLabsTogether\LAB5\target\classes\com\example\LAB5\framework\repository\UserRepository.class]
20:39:15.558 [main] &amp#27;[34mINFO &amp#27;[0;39m &amp#27;[36mo.s.d.r.c.RepositoryConfigurationDelegate&amp#27;[0;39m - Finished Spring Data repository scanning in 4 ms. Found 3 JPA repository interfaces.
20:39:15.568 [main] &amp#27;[39mDEBUG&amp#27;[0;39m &amp#27;[36mo.s.c.a.ConfigurationClassUtils&amp#27;[0;39m - Failed to introspect @Bean methods on class [org.springframework.data.jpa.repository.support.DefaultJpaContext]: java.lang.IllegalStateException: Failed to introspect annotated methods on class org.springframework.data.jpa.repository.support.DefaultJpaContext
20:39:15.569 [main] &amp#27;[39mDEBUG&amp#27;[0;39m &amp#27;[36mo.s.b.f.s.DefaultListableBeanFactory&amp#27;[0;39m - Creating shared instance of singleton bean 'propertySourcesPlaceholderConfigurer'
20:39:15.570 [main] &amp#27;[39mDEBUG&amp#27;[0;39m &amp#27;[36mo.s.b.f.s.DefaultListableBeanFactory&amp#27;[0;39m - Creating shared instance of singleton bean 'org.springframework.boot.test.mock.mockito.MockitoPostProcessor'
20:39:15.570 [main] &amp#27;[39mDEBUG&amp#27;[0;39m &amp#27;[36mo.s.b.f.s.DefaultListableBeanFactory&amp#27;[0;39m - Creating shared instance of singleton bean 'emBeanDefinitionRegistrarPostProcessor'
20:39:15.570 [main] &amp#27;[39mDEBUG&amp#27;[0;39m &amp#27;[36mo.s.b.f.s.DefaultListableBeanFactory&amp#27;[0;39m - Creating shared instance of singleton bean 'org.springframework.boot.sql.init.dependency.DatabaseInitializationDependencyConfigurer$DependsOnDatabaseInitializationPostProcessor'
20:39:15.571 [main] &amp#27;[1;31mERROR&amp#27;[0;39m &amp#27;[36mo.s.boot.SpringApplication&amp#27;[0;39m - Application run failed
java.lang.NoClassDefFoundError: Could not initialize class org.springframework.data.jpa.util.BeanDefinitionUtils
	at org.springframework.data.jpa.repository.support.EntityManagerBeanDefinitionRegistrarPostProcessor.postProcessBeanFactory(EntityManagerBeanDefinitionRegistrarPostProcessor.java:72)
	at org.springframework.context.support.PostProcessorRegistrationDelegate.invokeBeanFactoryPostProcessors(PostProcessorRegistrationDelegate.java:325)
	at org.springframework.context.support.PostProcessorRegistrationDelegate.invokeBeanFactoryPostProcessors(PostProcessorRegistrationDelegate.java:191)
	at org.springframework.context.support.AbstractApplicationContext.invokeBeanFactoryPostProcessors(AbstractApplicationContext.java:756)
	at org.springframework.context.support.AbstractApplicationContext.refresh(AbstractApplicationContext.java:572)
	at org.springframework.boot.SpringApplication.refresh(SpringApplication.java:732)
	at org.springframework.boot.SpringApplication.refreshContext(SpringApplication.java:409)
	at org.springframework.boot.SpringApplication.run(SpringApplication.java:308)
	at org.springframework.boot.test.context.SpringBootContextLoader.loadContext(SpringBootContextLoader.java:136)
	at org.springframework.test.context.cache.DefaultCacheAwareContextLoaderDelegate.loadContextInternal(DefaultCacheAwareContextLoaderDelegate.java:141)
	at org.springframework.test.context.cache.DefaultCacheAwareContextLoaderDelegate.loadContext(DefaultCacheAwareContextLoaderDelegate.java:90)
	at org.springframework.test.context.support.DefaultTestContext.getApplicationContext(DefaultTestContext.java:124)
	at org.springframework.test.context.web.ServletTestExecutionListener.setUpRequestContextIfNecessary(ServletTestExecutionListener.java:190)
	at org.springframework.test.context.web.ServletTestExecutionListener.prepareTestInstance(ServletTestExecutionListener.java:132)
	at org.springframework.test.context.TestContextManager.prepareTestInstance(TestContextManager.java:248)
	at org.springframework.test.context.junit.jupiter.SpringExtension.postProcessTestInstance(SpringExtension.java:138)
	at org.junit.jupiter.engine.descriptor.ClassBasedTestDescriptor.lambda$invokeTestInstancePostProcessors$8(ClassBasedTestDescriptor.java:363)
	at org.junit.jupiter.engine.descriptor.ClassBasedTestDescriptor.executeAndMaskThrowable(ClassBasedTestDescriptor.java:368)
	at org.junit.jupiter.engine.descriptor.ClassBasedTestDescriptor.lambda$invokeTestInstancePostProcessors$9(ClassBasedTestDescriptor.java:363)
	at java.base/java.util.stream.ReferencePipeline$3$1.accept(ReferencePipeline.java:214)
	at java.base/java.util.stream.ReferencePipeline$2$1.accept(ReferencePipeline.java:197)
	at java.base/java.util.ArrayList$ArrayListSpliterator.forEachRemaining(ArrayList.java:1716)
	at java.base/java.util.stream.AbstractPipeline.copyInto(AbstractPipeline.java:570)
	at java.base/java.util.stream.AbstractPipeline.wrapAndCopyInto(AbstractPipeline.java:560)
	at java.base/java.util.stream.StreamSpliterators$WrappingSpliterator.forEachRemaining(StreamSpliterators.java:315)
	at java.base/java.util.stream.Streams$ConcatSpliterator.forEachRemaining(Streams.java:735)
	at java.base/java.util.stream.Streams$ConcatSpliterator.forEachRemaining(Streams.java:734)
	at java.base/java.util.stream.ReferencePipeline$Head.forEach(ReferencePipeline.java:803)
	at org.junit.jupiter.engine.descriptor.ClassBasedTestDescriptor.invokeTestInstancePostProcessors(ClassBasedTestDescriptor.java:362)
	at org.junit.jupiter.engine.descriptor.ClassBasedTestDescriptor.lambda$instantiateAndPostProcessTestInstance$6(ClassBasedTestDescriptor.java:283)
	at org.junit.platform.engine.support.hierarchical.ThrowableCollector.execute(ThrowableCollector.java:73)
	at org.junit.jupiter.engine.descriptor.ClassBasedTestDescriptor.instantiateAndPostProcessTestInstance(ClassBasedTestDescriptor.java:282)
	at org.junit.jupiter.engine.descriptor.ClassBasedTestDescriptor.lambda$testInstancesProvider$4(ClassBasedTestDescriptor.java:272)
	at java.base/java.util.Optional.orElseGet(Optional.java:364)
	at org.junit.jupiter.engine.descriptor.ClassBasedTestDescriptor.lambda$testInstancesProvider$5(ClassBasedTestDescriptor.java:271)
	at org.junit.jupiter.engine.execution.TestInstancesProvider.getTestInstances(TestInstancesProvider.java:31)
	at org.junit.jupiter.engine.descriptor.TestMethodTestDescriptor.lambda$prepare$0(TestMethodTestDescriptor.java:102)
	at org.junit.platform.engine.support.hierarchical.ThrowableCollector.execute(ThrowableCollector.java:73)
	at org.junit.jupiter.engine.descriptor.TestMethodTestDescriptor.prepare(TestMethodTestDescriptor.java:101)
	at org.junit.jupiter.engine.descriptor.TestMethodTestDescriptor.prepare(TestMethodTestDescriptor.java:66)
	at org.junit.platform.engine.support.hierarchical.NodeTestTask.lambda$prepare$2(NodeTestTask.java:123)
	at org.junit.platform.engine.support.hierarchical.ThrowableCollector.execute(ThrowableCollector.java:73)
	at org.junit.platform.engine.support.hierarchical.NodeTestTask.prepare(NodeTestTask.java:123)
	at org.junit.platform.engine.support.hierarchical.NodeTestTask.execute(NodeTestTask.java:90)
	at java.base/java.util.ArrayList.forEach(ArrayList.java:1604)
	at org.junit.platform.engine.support.hierarchical.SameThreadHierarchicalTestExecutorService.invokeAll(SameThreadHierarchicalTestExecutorService.java:41)
	at org.junit.platform.engine.support.hierarchical.NodeTestTask.lambda$executeRecursively$6(NodeTestTask.java:155)
	at org.junit.platform.engine.support.hierarchical.ThrowableCollector.execute(ThrowableCollector.java:73)
	at org.junit.platform.engine.support.hierarchical.NodeTestTask.lambda$executeRecursively$8(NodeTestTask.java:141)
	at org.junit.platform.engine.support.hierarchical.Node.around(Node.java:137)
	at org.junit.platform.engine.support.hierarchical.NodeTestTask.lambda$executeRecursively$9(NodeTestTask.java:139)
	at org.junit.platform.engine.support.hierarchical.ThrowableCollector.execute(ThrowableCollector.java:73)
	at org.junit.platform.engine.support.hierarchical.NodeTestTask.executeRecursively(NodeTestTask.java:138)
	at org.junit.platform.engine.support.hierarchical.NodeTestTask.execute(NodeTestTask.java:95)
	at java.base/java.util.ArrayList.forEach(ArrayList.java:1604)
	at org.junit.platform.engine.support.hierarchical.SameThreadHierarchicalTestExecutorService.invokeAll(SameThreadHierarchicalTestExecutorService.java:41)
	at org.junit.platform.engine.support.hierarchical.NodeTestTask.lambda$executeRecursively$6(NodeTestTask.java:155)
	at org.junit.platform.engine.support.hierarchical.ThrowableCollector.execute(ThrowableCollector.java:73)
	at org.junit.platform.engine.support.hierarchical.NodeTestTask.lambda$executeRecursively$8(NodeTestTask.java:141)
[...]
20:39:16.136 [main] &amp#27;[39mDEBUG&amp#27;[0;39m &amp#27;[36mo.s.c.a.ConfigurationClassUtils&amp#27;[0;39m - Failed to introspect @Bean methods on class [org.springframework.data.jpa.repository.support.DefaultJpaContext]: java.lang.IllegalStateException: Failed to introspect annotated methods on class org.springframework.data.jpa.repository.support.DefaultJpaContext
20:39:16.137 [main] &amp#27;[39mDEBUG&amp#27;[0;39m &amp#27;[36mo.s.b.f.s.DefaultListableBeanFactory&amp#27;[0;39m - Creating shared instance of singleton bean 'propertySourcesPlaceholderConfigurer'
20:39:16.138 [main] &amp#27;[39mDEBUG&amp#27;[0;39m &amp#27;[36mo.s.b.f.s.DefaultListableBeanFactory&amp#27;[0;39m - Creating shared instance of singleton bean 'org.springframework.boot.test.mock.mockito.MockitoPostProcessor'
20:39:16.138 [main] &amp#27;[39mDEBUG&amp#27;[0;39m &amp#27;[36mo.s.b.f.s.DefaultListableBeanFactory&amp#27;[0;39m - Creating shared instance of singleton bean 'emBeanDefinitionRegistrarPostProcessor'
20:39:16.138 [main] &amp#27;[39mDEBUG&amp#27;[0;39m &amp#27;[36mo.s.b.f.s.DefaultListableBeanFactory&amp#27;[0;39m - Creating shared instance of singleton bean 'org.springframework.boot.sql.init.dependency.DatabaseInitializationDependencyConfigurer$DependsOnDatabaseInitializationPostProcessor'
20:39:16.140 [main] &amp#27;[1;31mERROR&amp#27;[0;39m &amp#27;[36mo.s.boot.SpringApplication&amp#27;[0;39m - Application run failed
java.lang.NoClassDefFoundError: Could not initialize class org.springframework.data.jpa.util.BeanDefinitionUtils
	at org.springframework.data.jpa.repository.support.EntityManagerBeanDefinitionRegistrarPostProcessor.postProcessBeanFactory(EntityManagerBeanDefinitionRegistrarPostProcessor.java:72)
	at org.springframework.context.support.PostProcessorRegistrationDelegate.invokeBeanFactoryPostProcessors(PostProcessorRegistrationDelegate.java:325)
	at org.springframework.context.support.PostProcessorRegistrationDelegate.invokeBeanFactoryPostProcessors(PostProcessorRegistrationDelegate.java:191)
	at org.springframework.context.support.AbstractApplicationContext.invokeBeanFactoryPostProcessors(AbstractApplicationContext.java:756)
	at org.springframework.context.support.AbstractApplicationContext.refresh(AbstractApplicationContext.java:572)
	at org.springframework.boot.SpringApplication.refresh(SpringApplication.java:732)
	at org.springframework.boot.SpringApplication.refreshContext(SpringApplication.java:409)
	at org.springframework.boot.SpringApplication.run(SpringApplication.java:308)
	at org.springframework.boot.test.context.SpringBootContextLoader.loadContext(SpringBootContextLoader.java:136)
	at org.springframework.test.context.cache.DefaultCacheAwareContextLoaderDelegate.loadContextInternal(DefaultCacheAwareContextLoaderDelegate.java:141)
	at org.springframework.test.context.cache.DefaultCacheAwareContextLoaderDelegate.loadContext(DefaultCacheAwareContextLoaderDelegate.java:90)
	at org.springframework.test.context.support.DefaultTestContext.getApplicationContext(DefaultTestContext.java:124)
	at org.springframework.test.context.web.ServletTestExecutionListener.setUpRequestContextIfNecessary(ServletTestExecutionListener.java:190)
	at org.springframework.test.context.web.ServletTestExecutionListener.prepareTestInstance(ServletTestExecutionListener.java:132)
	at org.springframework.test.context.TestContextManager.prepareTestInstance(TestContextManager.java:248)
	at org.springframework.test.context.junit.jupiter.SpringExtension.postProcessTestInstance(SpringExtension.java:138)
	at org.junit.jupiter.engine.descriptor.ClassBasedTestDescriptor.lambda$invokeTestInstancePostProcessors$8(ClassBasedTestDescriptor.java:363)
	at org.junit.jupiter.engine.descriptor.ClassBasedTestDescriptor.executeAndMaskThrowable(ClassBasedTestDescriptor.java:368)
	at org.junit.jupiter.engine.descriptor.ClassBasedTestDescriptor.lambda$invokeTestInstancePostProcessors$9(ClassBasedTestDescriptor.java:363)
	at java.base/java.util.stream.ReferencePipeline$3$1.accept(ReferencePipeline.java:214)
	at java.base/java.util.stream.ReferencePipeline$2$1.accept(ReferencePipeline.java:197)
	at java.base/java.util.ArrayList$ArrayListSpliterator.forEachRemaining(ArrayList.java:1716)
	at java.base/java.util.stream.AbstractPipeline.copyInto(AbstractPipeline.java:570)
	at java.base/java.util.stream.AbstractPipeline.wrapAndCopyInto(AbstractPipeline.java:560)
	at java.base/java.util.stream.StreamSpliterators$WrappingSpliterator.forEachRemaining(StreamSpliterators.java:315)
	at java.base/java.util.stream.Streams$ConcatSpliterator.forEachRemaining(Streams.java:735)
	at java.base/java.util.stream.Streams$ConcatSpliterator.forEachRemaining(Streams.java:734)
	at java.base/java.util.stream.ReferencePipeline$Head.forEach(ReferencePipeline.java:803)
	at org.junit.jupiter.engine.descriptor.ClassBasedTestDescriptor.invokeTestInstancePostProcessors(ClassBasedTestDescriptor.java:362)
	at org.junit.jupiter.engine.descriptor.ClassBasedTestDescriptor.lambda$instantiateAndPostProcessTestInstance$6(ClassBasedTestDescriptor.java:283)
	at org.junit.platform.engine.support.hierarchical.ThrowableCollector.execute(ThrowableCollector.java:73)
	at org.junit.jupiter.engine.descriptor.ClassBasedTestDescriptor.instantiateAndPostProcessTestInstance(ClassBasedTestDescriptor.java:282)
	at org.junit.jupiter.engine.descriptor.ClassBasedTestDescriptor.lambda$testInstancesProvider$4(ClassBasedTestDescriptor.java:272)
	at java.base/java.util.Optional.orElseGet(Optional.java:364)
	at org.junit.jupiter.engine.descriptor.ClassBasedTestDescriptor.lambda$testInstancesProvider$5(ClassBasedTestDescriptor.java:271)
	at org.junit.jupiter.engine.execution.TestInstancesProvider.getTestInstances(TestInstancesProvider.java:31)
	at org.junit.jupiter.engine.descriptor.TestMethodTestDescriptor.lambda$prepare$0(TestMethodTestDescriptor.java:102)
	at org.junit.platform.engine.support.hierarchical.ThrowableCollector.execute(ThrowableCollector.java:73)
	at org.junit.jupiter.engine.descriptor.TestMethodTestDescriptor.prepare(TestMethodTestDescriptor.java:101)
	at org.junit.jupiter.engine.descriptor.TestMethodTestDescriptor.prepare(TestMethodTestDescriptor.java:66)
	at org.junit.platform.engine.support.hierarchical.NodeTestTask.lambda$prepare$2(NodeTestTask.java:123)
	at org.junit.platform.engine.support.hierarchical.ThrowableCollector.execute(ThrowableCollector.java:73)
	at org.junit.platform.engine.support.hierarchical.NodeTestTask.prepare(NodeTestTask.java:123)
	at org.junit.platform.engine.support.hierarchical.NodeTestTask.execute(NodeTestTask.java:90)
	at java.base/java.util.ArrayList.forEach(ArrayList.java:1604)
	at org.junit.platform.engine.support.hierarchical.SameThreadHierarchicalTestExecutorService.invokeAll(SameThreadHierarchicalTestExecutorService.java:41)
	at org.junit.platform.engine.support.hierarchical.NodeTestTask.lambda$executeRecursively$6(NodeTestTask.java:155)
	at org.junit.platform.engine.support.hierarchical.ThrowableCollector.execute(ThrowableCollector.java:73)
	at org.junit.platform.engine.support.hierarchical.NodeTestTask.lambda$executeRecursively$8(NodeTestTask.java:141)
	at org.junit.platform.engine.support.hierarchical.Node.around(Node.java:137)
	at org.junit.platform.engine.support.hierarchical.NodeTestTask.lambda$executeRecursively$9(NodeTestTask.java:139)
	at org.junit.platform.engine.support.hierarchical.ThrowableCollector.execute(ThrowableCollector.java:73)
	at org.junit.platform.engine.support.hierarchical.NodeTestTask.executeRecursively(NodeTestTask.java:138)
	at org.junit.platform.engine.support.hierarchical.NodeTestTask.execute(NodeTestTask.java:95)
	at java.base/java.util.ArrayList.forEach(ArrayList.java:1604)
	at org.junit.platform.engine.support.hierarchical.SameThreadHierarchicalTestExecutorService.invokeAll(SameThreadHierarchicalTestExecutorService.java:41)
	at org.junit.platform.engine.support.hierarchical.NodeTestTask.lambda$executeRecursively$6(NodeTestTask.java:155)
	at org.junit.platform.engine.support.hierarchical.ThrowableCollector.execute(ThrowableCollector.java:73)
	at org.junit.platform.engine.support.hierarchical.NodeTestTask.lambda$executeRecursively$8(NodeTestTask.java:141)
	at org.junit.platform.engine.support.hierarchical.Node.around(Node.java:137)
	at org.junit.platform.engine.support.hierarchical.NodeTestTask.lambda$executeRecursively$9(NodeTestTask.java:139)
	at org.junit.platform.engine.support.hierarchical.ThrowableCollector.execute(ThrowableCollector.java:73)
	at org.junit.platform.engine.support.hierarchical.NodeTestTask.executeRecursively(NodeTestTask.java:138)
	at org.junit.platform.engine.support.hierarchical.NodeTestTask.execute(NodeTestTask.java:95)
	at org.junit.platform.engine.support.hierarchical.SameThreadHierarchicalTestExecutorService.submit(SameThreadHierarchicalTestExecutorService.java:35)
	at org.junit.platform.engine.support.hierarchical.HierarchicalTestExecutor.execute(HierarchicalTestExecutor.java:57)
	at org.junit.platform.engine.support.hierarchical.HierarchicalTestEngine.execute(HierarchicalTestEngine.java:54)
	at org.junit.platform.launcher.core.DefaultLauncher.execute(DefaultLauncher.java:220)
	at org.junit.platform.launcher.core.DefaultLauncher.lambda$execute$6(DefaultLauncher.java:188)
	at org.junit.platform.launcher.core.DefaultLauncher.withInterceptedStreams(DefaultLauncher.java:202)
	at org.junit.platform.launcher.core.DefaultLauncher.execute(DefaultLauncher.java:181)
	at org.junit.platform.launcher.core.DefaultLauncher.execute(DefaultLauncher.java:128)
	at org.apache.maven.surefire.junitplatform.JUnitPlatformProvider.invokeAllTests(JUnitPlatformProvider.java:150)
	at org.apache.maven.surefire.junitplatform.JUnitPlatformProvider.invoke(JUnitPlatformProvider.java:124)
	at org.apache.maven.surefire.booter.ForkedBooter.invokeProviderInSameClassLoader(ForkedBooter.java:384)
	at org.apache.maven.surefire.booter.ForkedBooter.runSuitesInProcess(ForkedBooter.java:345)
	at org.apache.maven.surefire.booter.ForkedBooter.execute(ForkedBooter.java:126)
	at org.apache.maven.surefire.booter.ForkedBooter.main(ForkedBooter.java:418)
Caused by: java.lang.ExceptionInInitializerError: Exception java.lang.NoClassDefFoundError: javax/persistence/EntityManagerFactory [in thread "main"]
	at org.springframework.data.jpa.util.BeanDefinitionUtils.<clinit>(BeanDefinitionUtils.java:57)
	... 78 common frames omitted
20:39:16.140 [main] &amp#27;[39mDEBUG&amp#27;[0;39m &amp#27;[36mo.s.w.c.s.GenericWebApplicationContext&amp#27;[0;39m - Closing org.springframework.web.context.support.GenericWebApplicationContext@712ce4f1, started on Sun Dec 07 20:39:16 GMT+04:00 2025
20:39:16.140 [main] &amp#27;[1;31mERROR&amp#27;[0;39m &amp#27;[36mo.s.test.context.TestContextManager&amp#27;[0;39m - Caught exception while allowing TestExecutionListener [org.springframework.test.context.web.ServletTestExecutionListener@46e77fb7] to prepare test instance [com.example.LAB5.framework.service.FrameworkPerformanceComparisonServiceTest@2e9f3b74]
java.lang.NoClassDefFoundError: Could not initialize class org.springframework.data.jpa.util.BeanDefinitionUtils
	at org.springframework.data.jpa.repository.support.EntityManagerBeanDefinitionRegistrarPostProcessor.postProcessBeanFactory(EntityManagerBeanDefinitionRegistrarPostProcessor.java:72)
	at org.springframework.context.support.PostProcessorRegistrationDelegate.invokeBeanFactoryPostProcessors(PostProcessorRegistrationDelegate.java:325)
	at org.springframework.context.support.PostProcessorRegistrationDelegate.invokeBeanFactoryPostProcessors(PostProcessorRegistrationDelegate.java:191)
	at org.springframework.context.support.AbstractApplicationContext.invokeBeanFactoryPostProcessors(AbstractApplicationContext.java:756)
	at org.springframework.context.support.AbstractApplicationContext.refresh(AbstractApplicationContext.java:572)
	at org.springframework.boot.SpringApplication.refresh(SpringApplication.java:732)
	at org.springframework.boot.SpringApplication.refreshContext(SpringApplication.java:409)
	at org.springframework.boot.SpringApplication.run(SpringApplication.java:308)
	at org.springframework.boot.test.context.SpringBootContextLoader.loadContext(SpringBootContextLoader.java:136)
	at org.springframework.test.context.cache.DefaultCacheAwareContextLoaderDelegate.loadContextInternal(DefaultCacheAwareContextLoaderDelegate.java:141)
	at org.springframework.test.context.cache.DefaultCacheAwareContextLoaderDelegate.loadContext(DefaultCacheAwareContextLoaderDelegate.java:90)
	at org.springframework.test.context.support.DefaultTestContext.getApplicationContext(DefaultTestContext.java:124)
	at org.springframework.test.context.web.ServletTestExecutionListener.setUpRequestContextIfNecessary(ServletTestExecutionListener.java:190)
	at org.springframework.test.context.web.ServletTestExecutionListener.prepareTestInstance(ServletTestExecutionListener.java:132)
	at org.springframework.test.context.TestContextManager.prepareTestInstance(TestContextManager.java:248)
	at org.springframework.test.context.junit.jupiter.SpringExtension.postProcessTestInstance(SpringExtension.java:138)
	at org.junit.jupiter.engine.descriptor.ClassBasedTestDescriptor.lambda$invokeTestInstancePostProcessors$8(ClassBasedTestDescriptor.java:363)
	at org.junit.jupiter.engine.descriptor.ClassBasedTestDescriptor.executeAndMaskThrowable(ClassBasedTestDescriptor.java:368)
	at org.junit.jupiter.engine.descriptor.ClassBasedTestDescriptor.lambda$invokeTestInstancePostProcessors$9(ClassBasedTestDescriptor.java:363)
	at java.base/java.util.stream.ReferencePipeline$3$1.accept(ReferencePipeline.java:214)
	at java.base/java.util.stream.ReferencePipeline$2$1.accept(ReferencePipeline.java:197)
	at java.base/java.util.ArrayList$ArrayListSpliterator.forEachRemaining(ArrayList.java:1716)
	at java.base/java.util.stream.AbstractPipeline.copyInto(AbstractPipeline.java:570)
	at java.base/java.util.stream.AbstractPipeline.wrapAndCopyInto(AbstractPipeline.java:560)
	at java.base/java.util.stream.StreamSpliterators$WrappingSpliterator.forEachRemaining(StreamSpliterators.java:315)
	at java.base/java.util.stream.Streams$ConcatSpliterator.forEachRemaining(Streams.java:735)
	at java.base/java.util.stream.Streams$ConcatSpliterator.forEachRemaining(Streams.java:734)
	at java.base/java.util.stream.ReferencePipeline$Head.forEach(ReferencePipeline.java:803)
	at org.junit.jupiter.engine.descriptor.ClassBasedTestDescriptor.invokeTestInstancePostProcessors(ClassBasedTestDescriptor.java:362)
	at org.junit.jupiter.engine.descriptor.ClassBasedTestDescriptor.lambda$instantiateAndPostProcessTestInstance$6(ClassBasedTestDescriptor.java:283)
	at org.junit.platform.engine.support.hierarchical.ThrowableCollector.execute(ThrowableCollector.java:73)
	at org.junit.jupiter.engine.descriptor.ClassBasedTestDescriptor.instantiateAndPostProcessTestInstance(ClassBasedTestDescriptor.java:282)
	at org.junit.jupiter.engine.descriptor.ClassBasedTestDescriptor.lambda$testInstancesProvider$4(ClassBasedTestDescriptor.java:272)
	at java.base/java.util.Optional.orElseGet(Optional.java:364)
	at org.junit.jupiter.engine.descriptor.ClassBasedTestDescriptor.lambda$testInstancesProvider$5(ClassBasedTestDescriptor.java:271)
	at org.junit.jupiter.engine.execution.TestInstancesProvider.getTestInstances(TestInstancesProvider.java:31)
	at org.junit.jupiter.engine.descriptor.TestMethodTestDescriptor.lambda$prepare$0(TestMethodTestDescriptor.java:102)
	at org.junit.platform.engine.support.hierarchical.ThrowableCollector.execute(ThrowableCollector.java:73)
	at org.junit.jupiter.engine.descriptor.TestMethodTestDescriptor.prepare(TestMethodTestDescriptor.java:101)
	at org.junit.jupiter.engine.descriptor.TestMethodTestDescriptor.prepare(TestMethodTestDescriptor.java:66)
	at org.junit.platform.engine.support.hierarchical.NodeTestTask.lambda$prepare$2(NodeTestTask.java:123)
	at org.junit.platform.engine.support.hierarchical.ThrowableCollector.execute(ThrowableCollector.java:73)
	at org.junit.platform.engine.support.hierarchical.NodeTestTask.prepare(NodeTestTask.java:123)
	at org.junit.platform.engine.support.hierarchical.NodeTestTask.execute(NodeTestTask.java:90)
	at java.base/java.util.ArrayList.forEach(ArrayList.java:1604)
	at org.junit.platform.engine.support.hierarchical.SameThreadHierarchicalTestExecutorService.invokeAll(SameThreadHierarchicalTestExecutorService.java:41)
	at org.junit.platform.engine.support.hierarchical.NodeTestTask.lambda$executeRecursively$6(NodeTestTask.java:155)
	at org.junit.platform.engine.support.hierarchical.ThrowableCollector.execute(ThrowableCollector.java:73)
	at org.junit.platform.engine.support.hierarchical.NodeTestTask.lambda$executeRecursively$8(NodeTestTask.java:141)
	at org.junit.platform.engine.support.hierarchical.Node.around(Node.java:137)
	at org.junit.platform.engine.support.hierarchical.NodeTestTask.lambda$executeRecursively$9(NodeTestTask.java:139)
	at org.junit.platform.engine.support.hierarchical.ThrowableCollector.execute(ThrowableCollector.java:73)
	at org.junit.platform.engine.support.hierarchical.NodeTestTask.executeRecursively(NodeTestTask.java:138)
	at org.junit.platform.engine.support.hierarchical.NodeTestTask.execute(NodeTestTask.java:95)
	at java.base/java.util.ArrayList.forEach(ArrayList.java:1604)
	at org.junit.platform.engine.support.hierarchical.SameThreadHierarchicalTestExecutorService.invokeAll(SameThreadHierarchicalTestExecutorService.java:41)
	at org.junit.platform.engine.support.hierarchical.NodeTestTask.lambda$executeRecursively$6(NodeTestTask.java:155)
	at org.junit.platform.engine.support.hierarchical.ThrowableCollector.execute(ThrowableCollector.java:73)
	at org.junit.platform.engine.support.hierarchical.NodeTestTask.lambda$executeRecursively$8(NodeTestTask.java:141)
	at org.junit.platform.engine.support.hierarchical.Node.around(Node.java:137)
	at org.junit.platform.engine.support.hierarchical.NodeTestTask.lambda$executeRecursively$9(NodeTestTask.java:139)
	at org.junit.platform.engine.support.hierarchical.ThrowableCollector.execute(ThrowableCollector.java:73)
	at org.junit.platform.engine.support.hierarchical.NodeTestTask.executeRecursively(NodeTestTask.java:138)
	at org.junit.platform.engine.support.hierarchical.NodeTestTask.execute(NodeTestTask.java:95)
	at org.junit.platform.engine.support.hierarchical.SameThreadHierarchicalTestExecutorService.submit(SameThreadHierarchicalTestExecutorService.java:35)
	at org.junit.platform.engine.support.hierarchical.HierarchicalTestExecutor.execute(HierarchicalTestExecutor.java:57)
	at org.junit.platform.engine.support.hierarchical.HierarchicalTestEngine.execute(HierarchicalTestEngine.java:54)
	at org.junit.platform.launcher.core.DefaultLauncher.execute(DefaultLauncher.java:220)
	at org.junit.platform.launcher.core.DefaultLauncher.lambda$execute$6(DefaultLauncher.java:188)
	at org.junit.platform.launcher.core.DefaultLauncher.withInterceptedStreams(DefaultLauncher.java:202)
	at org.junit.platform.launcher.core.DefaultLauncher.execute(DefaultLauncher.java:181)
	at org.junit.platform.launcher.core.DefaultLauncher.execute(DefaultLauncher.java:128)
	at org.apache.maven.surefire.junitplatform.JUnitPlatformProvider.invokeAllTests(JUnitPlatformProvider.java:150)
	at org.apache.maven.surefire.junitplatform.JUnitPlatformProvider.invoke(JUnitPlatformProvider.java:124)
	at org.apache.maven.surefire.booter.ForkedBooter.invokeProviderInSameClassLoader(ForkedBooter.java:384)
	at org.apache.maven.surefire.booter.ForkedBooter.runSuitesInProcess(ForkedBooter.java:345)
	at org.apache.maven.surefire.booter.ForkedBooter.execute(ForkedBooter.java:126)
	at org.apache.maven.surefire.booter.ForkedBooter.main(ForkedBooter.java:418)
Caused by: java.lang.ExceptionInInitializerError: Exception java.lang.NoClassDefFoundError: javax/persistence/EntityManagerFactory [in thread "main"]
	at org.springframework.data.jpa.util.BeanDefinitionUtils.<clinit>(BeanDefinitionUtils.java:57)
	... 78 common frames omitted
]]></system-out>
  </testcase>
</testsuite>