<?xml version="1.0" encoding="UTF-8"?>
<testsuite xmlns:xsi="http://www.w3.org/2001/XMLSchema-instance" xsi:noNamespaceSchemaLocation="https://maven.apache.org/surefire/maven-surefire-plugin/xsd/surefire-test-report.xsd" name="com.example.LAB5.framework.repository.FunctionRepositoryTest" time="3.493" tests="22" errors="22" skipped="0" failures="0">
  <properties>
[...]
</properties>
  <testcase name="testSaveAndFindById" classname="com.example.LAB5.framework.repository.FunctionRepositoryTest" time="0.004">
    <error message="javax/persistence/EntityManagerFactory" type="java.lang.NoClassDefFoundError">java.lang.NoClassDefFoundError: javax/persistence/EntityManagerFactory
Caused by: java.lang.ClassNotFoundException: javax.persistence.EntityManagerFactory
</error>
    <system-out><![CDATA[20:39:09,609 |-INFO in ch.qos.logback.classic.LoggerContext[default] - Could NOT find resource [logback-test.xml]
20:39:09,609 |-INFO in ch.qos.logback.classic.LoggerContext[default] - Found resource [logback.xml] at [file:/C:/Users/user/Desktop/oopLabsTogether/LAB5/target/classes/logback.xml]
20:39:09,645 |-INFO in ch.qos.logback.classic.joran.action.ConfigurationAction - debug attribute not set
20:39:09,646 |-INFO in ch.qos.logback.core.joran.action.AppenderAction - About to instantiate appender of type [ch.qos.logback.core.ConsoleAppender]
20:39:09,649 |-INFO in ch.qos.logback.core.joran.action.AppenderAction - Naming appender as [CONSOLE]
20:39:09,652 |-INFO in ch.qos.logback.core.joran.action.NestedComplexPropertyIA - Assuming default type [ch.qos.logback.classic.encoder.PatternLayoutEncoder] for [encoder] property
20:39:09,671 |-INFO in ch.qos.logback.core.joran.action.AppenderAction - About to instantiate appender of type [ch.qos.logback.core.rolling.RollingFileAppender]
20:39:09,674 |-INFO in ch.qos.logback.core.joran.action.AppenderAction - Naming appender as [FILE]
20:39:09,684 |-INFO in c.q.l.core.rolling.TimeBasedRollingPolicy@1842853283 - Will use gz compression
20:39:09,685 |-INFO in c.q.l.core.rolling.TimeBasedRollingPolicy@1842853283 - Will use the pattern logs/application.%d{yyyy-MM-dd}.%i.log for the active file
20:39:09,686 |-INFO in ch.qos.logback.core.rolling.SizeAndTimeBasedFNATP@6f3187b0 - The date pattern is 'yyyy-MM-dd' from file name pattern 'logs/application.%d{yyyy-MM-dd}.%i.log.gz'.
20:39:09,686 |-INFO in ch.qos.logback.core.rolling.SizeAndTimeBasedFNATP@6f3187b0 - Roll-over at midnight.
20:39:09,698 |-INFO in ch.qos.logback.core.rolling.SizeAndTimeBasedFNATP@6f3187b0 - Setting initial period to Sun Dec 07 20:35:20 GMT+04:00 2025
20:39:09,698 |-WARN in ch.qos.logback.core.rolling.SizeAndTimeBasedFNATP@6f3187b0 - SizeAndTimeBasedFNATP is deprecated. Use SizeAndTimeBasedRollingPolicy instead
20:39:09,698 |-WARN in ch.qos.logback.core.rolling.SizeAndTimeBasedFNATP@6f3187b0 - For more information see http://logback.qos.ch/manual/appenders.html#SizeAndTimeBasedRollingPolicy
20:39:09,703 |-INFO in ch.qos.logback.core.joran.action.NestedComplexPropertyIA - Assuming default type [ch.qos.logback.classic.encoder.PatternLayoutEncoder] for [encoder] property
20:39:09,705 |-INFO in ch.qos.logback.core.rolling.RollingFileAppender[FILE] - Active log file name: logs/application.log
20:39:09,705 |-INFO in ch.qos.logback.core.rolling.RollingFileAppender[FILE] - File property is set to [logs/application.log]
20:39:09,706 |-INFO in ch.qos.logback.classic.joran.action.RootLoggerAction - Setting level of ROOT logger to DEBUG
20:39:09,706 |-INFO in ch.qos.logback.core.joran.action.AppenderRefAction - Attaching appender named [CONSOLE] to Logger[ROOT]
20:39:09,706 |-INFO in ch.qos.logback.core.joran.action.AppenderRefAction - Attaching appender named [FILE] to Logger[ROOT]
20:39:09,707 |-INFO in ch.qos.logback.classic.joran.action.LoggerAction - Setting level of logger [com.yourpackage] to DEBUG
20:39:09,707 |-INFO in ch.qos.logback.classic.joran.action.ConfigurationAction - End of configuration.
20:39:09,707 |-INFO in ch.qos.logback.classic.joran.JoranConfigurator@2663e964 - Registering current configuration as safe fallback point

20:39:09.712 [main] &amp#27;[39mDEBUG&amp#27;[0;39m &amp#27;[36mo.s.test.context.BootstrapUtils&amp#27;[0;39m - Instantiating CacheAwareContextLoaderDelegate from class [org.springframework.test.context.cache.DefaultCacheAwareContextLoaderDelegate]
20:39:09.718 [main] &amp#27;[39mDEBUG&amp#27;[0;39m &amp#27;[36mo.s.test.context.BootstrapUtils&amp#27;[0;39m - Instantiating BootstrapContext using constructor [public org.springframework.test.context.support.DefaultBootstrapContext(java.lang.Class,org.springframework.test.context.CacheAwareContextLoaderDelegate)]
20:39:09.742 [main] &amp#27;[39mDEBUG&amp#27;[0;39m &amp#27;[36mo.s.test.context.BootstrapUtils&amp#27;[0;39m - Instantiating TestContextBootstrapper for test class [com.example.LAB5.framework.repository.FunctionRepositoryTest] from class [org.springframework.boot.test.context.SpringBootTestContextBootstrapper]
20:39:09.749 [main] &amp#27;[34mINFO &amp#27;[0;39m &amp#27;[36mo.s.b.t.c.SpringBootTestContextBootstrapper&amp#27;[0;39m - Neither @ContextConfiguration nor @ContextHierarchy found for test class [com.example.LAB5.framework.repository.FunctionRepositoryTest], using SpringBootContextLoader
20:39:09.751 [main] &amp#27;[39mDEBUG&amp#27;[0;39m &amp#27;[36mo.s.t.c.s.AbstractContextLoader&amp#27;[0;39m - Did not detect default resource location for test class [com.example.LAB5.framework.repository.FunctionRepositoryTest]: class path resource [com/example/LAB5/framework/repository/FunctionRepositoryTest-context.xml] does not exist
20:39:09.751 [main] &amp#27;[39mDEBUG&amp#27;[0;39m &amp#27;[36mo.s.t.c.s.AbstractContextLoader&amp#27;[0;39m - Did not detect default resource location for test class [com.example.LAB5.framework.repository.FunctionRepositoryTest]: class path resource [com/example/LAB5/framework/repository/FunctionRepositoryTestContext.groovy] does not exist
20:39:09.752 [main] &amp#27;[34mINFO &amp#27;[0;39m &amp#27;[36mo.s.t.c.s.AbstractContextLoader&amp#27;[0;39m - Could not detect default resource locations for test class [com.example.LAB5.framework.repository.FunctionRepositoryTest]: no resource found for suffixes {-context.xml, Context.groovy}.
20:39:09.752 [main] &amp#27;[34mINFO &amp#27;[0;39m &amp#27;[36mo.s.t.c.s.AnnotationConfigContextLoaderUtils&amp#27;[0;39m - Could not detect default configuration classes for test class [com.example.LAB5.framework.repository.FunctionRepositoryTest]: FunctionRepositoryTest does not declare any static, non-private, non-final, nested classes annotated with @Configuration.
20:39:09.776 [main] &amp#27;[39mDEBUG&amp#27;[0;39m &amp#27;[36mo.s.t.c.support.ActiveProfilesUtils&amp#27;[0;39m - Could not find an 'annotation declaring class' for annotation type [org.springframework.test.context.ActiveProfiles] and class [com.example.LAB5.framework.repository.FunctionRepositoryTest]
20:39:09.830 [main] &amp#27;[39mDEBUG&amp#27;[0;39m &amp#27;[36mo.s.c.a.ClassPathScanningCandidateComponentProvider&amp#27;[0;39m - Identified candidate component class: file [C:\Users\user\Desktop\oopLabsTogether\LAB5\target\classes\com\example\LAB5\LAB5Application.class]
20:39:09.831 [main] &amp#27;[34mINFO &amp#27;[0;39m &amp#27;[36mo.s.b.t.c.SpringBootTestContextBootstrapper&amp#27;[0;39m - Found @SpringBootConfiguration com.example.LAB5.LAB5Application for test class com.example.LAB5.framework.repository.FunctionRepositoryTest
20:39:09.895 [main] &amp#27;[39mDEBUG&amp#27;[0;39m &amp#27;[36mo.s.b.t.c.SpringBootTestContextBootstrapper&amp#27;[0;39m - @TestExecutionListeners is not present for class [com.example.LAB5.framework.repository.FunctionRepositoryTest]: using defaults.
20:39:09.895 [main] &amp#27;[34mINFO &amp#27;[0;39m &amp#27;[36mo.s.b.t.c.SpringBootTestContextBootstrapper&amp#27;[0;39m - Loaded default TestExecutionListener class names from location [META-INF/spring.factories]: [org.springframework.boot.test.mock.mockito.MockitoTestExecutionListener, org.springframework.boot.test.mock.mockito.ResetMocksTestExecutionListener, org.springframework.boot.test.autoconfigure.restdocs.RestDocsTestExecutionListener, org.springframework.boot.test.autoconfigure.web.client.MockRestServiceServerResetTestExecutionListener, org.springframework.boot.test.autoconfigure.web.servlet.MockMvcPrintOnlyOnFailureTestExecutionListener, org.springframework.boot.test.autoconfigure.web.servlet.WebDriverTestExecutionListener, org.springframework.boot.test.autoconfigure.webservices.client.MockWebServiceServerTestExecutionListener, org.springframework.test.context.web.ServletTestExecutionListener, org.springframework.test.context.support.DirtiesContextBeforeModesTestExecutionListener, org.springframework.test.context.event.ApplicationEventsTestExecutionListener, org.springframework.test.context.support.DependencyInjectionTestExecutionListener, org.springframework.test.context.support.DirtiesContextTestExecutionListener, org.springframework.test.context.transaction.TransactionalTestExecutionListener, org.springframework.test.context.jdbc.SqlScriptsTestExecutionListener, org.springframework.test.context.event.EventPublishingTestExecutionListener]
20:39:09.907 [main] &amp#27;[34mINFO &amp#27;[0;39m &amp#27;[36mo.s.b.t.c.SpringBootTestContextBootstrapper&amp#27;[0;39m - Using TestExecutionListeners: [org.springframework.test.context.web.ServletTestExecutionListener@2611b9a3, org.springframework.test.context.support.DirtiesContextBeforeModesTestExecutionListener@54227100, org.springframework.test.context.event.ApplicationEventsTestExecutionListener@6b5894c8, org.springframework.boot.test.mock.mockito.MockitoTestExecutionListener@1433046b, org.springframework.boot.test.autoconfigure.SpringBootDependencyInjectionTestExecutionListener@3f446bef, org.springframework.test.context.support.DirtiesContextTestExecutionListener@7829b776, org.springframework.test.context.transaction.TransactionalTestExecutionListener@5778826f, org.springframework.test.context.jdbc.SqlScriptsTestExecutionListener@5b64c4b7, org.springframework.test.context.event.EventPublishingTestExecutionListener@4763c727, org.springframework.boot.test.mock.mockito.ResetMocksTestExecutionListener@72445aba, org.springframework.boot.test.autoconfigure.restdocs.RestDocsTestExecutionListener@61bcd567, org.springframework.boot.test.autoconfigure.web.client.MockRestServiceServerResetTestExecutionListener@1c80e49b, org.springframework.boot.test.autoconfigure.web.servlet.MockMvcPrintOnlyOnFailureTestExecutionListener@458342d3, org.springframework.boot.test.autoconfigure.web.servlet.WebDriverTestExecutionListener@15c25153, org.springframework.boot.test.autoconfigure.webservices.client.MockWebServiceServerTestExecutionListener@1252b961]
20:39:09.909 [main] &amp#27;[39mDEBUG&amp#27;[0;39m &amp#27;[36mo.s.t.c.s.AbstractDirtiesContextTestExecutionListener&amp#27;[0;39m - Before test class: context [DefaultTestContext@6d24ffa1 testClass = FunctionRepositoryTest, testInstance = [null], testMethod = [null], testException = [null], mergedContextConfiguration = [WebMergedContextConfiguration@65a4798f testClass = FunctionRepositoryTest, locations = '{}', classes = '{class com.example.LAB5.LAB5Application}', contextInitializerClasses = '[]', activeProfiles = '{}', propertySourceLocations = '{}', propertySourceProperties = '{org.springframework.boot.test.context.SpringBootTestContextBootstrapper=true}', contextCustomizers = set[org.springframework.boot.test.context.filter.ExcludeFilterContextCustomizer@60856961, org.springframework.boot.test.json.DuplicateJsonObjectContextCustomizerFactory$DuplicateJsonObjectContextCustomizer@3abada5a, org.springframework.boot.test.mock.mockito.MockitoContextCustomizer@0, org.springframework.boot.test.web.client.TestRestTemplateContextCustomizer@1c33c17b, org.springframework.boot.test.autoconfigure.actuate.metrics.MetricsExportContextCustomizerFactory$DisableMetricExportContextCustomizer@32c4e8b2, org.springframework.boot.test.autoconfigure.properties.PropertyMappingContextCustomizer@0, org.springframework.boot.test.autoconfigure.web.servlet.WebDriverContextCustomizerFactory$Customizer@58be6e8, org.springframework.boot.test.context.SpringBootTestArgs@1, org.springframework.boot.test.context.SpringBootTestWebEnvironment@77caeb3e], resourceBasePath = 'src/main/webapp', contextLoader = 'org.springframework.boot.test.context.SpringBootContextLoader', parent = [null]], attributes = map['org.springframework.test.context.web.ServletTestExecutionListener.activateListener' -> true]], class annotated with @DirtiesContext [false] with mode [null].
20:39:09.936 [main] &amp#27;[34mINFO &amp#27;[0;39m &amp#27;[36mc.e.L.f.r.FunctionRepositoryTest&amp#27;[0;39m - Установлен префикс тестов: func_test_bb4984bb_

  .   ____          _            __ _ _
 /\\ / ___'_ __ _ _(_)_ __  __ _ \ \ \ \
( ( )\___ | '_ | '_| | '_ \/ _` | \ \ \ \
 \\/  ___)| |_)| | | | | || (_| |  ) ) ) )
  '  |____| .__|_| |_|_| |_\__, | / / / /
 =========|_|==============|___/=/_/_/_/
 :: Spring Boot ::               (v2.7.18)

20:39:10.125 [main] &amp#27;[34mINFO &amp#27;[0;39m &amp#27;[36mc.e.L.f.r.FunctionRepositoryTest&amp#27;[0;39m - Starting FunctionRepositoryTest using Java 25 on WIN-3P73ASE80P5 with PID 572 (started by user in C:\Users\user\Desktop\oopLabsTogether\LAB5)
20:39:10.125 [main] &amp#27;[39mDEBUG&amp#27;[0;39m &amp#27;[36mc.e.L.f.r.FunctionRepositoryTest&amp#27;[0;39m - Running with Spring Boot v2.7.18, Spring v5.3.31
20:39:10.126 [main] &amp#27;[34mINFO &amp#27;[0;39m &amp#27;[36mc.e.L.f.r.FunctionRepositoryTest&amp#27;[0;39m - No active profile set, falling back to 1 default profile: "default"
20:39:10.126 [main] &amp#27;[39mDEBUG&amp#27;[0;39m &amp#27;[36mo.s.boot.SpringApplication&amp#27;[0;39m - Loading source class com.example.LAB5.LAB5Application
20:39:10.148 [main] &amp#27;[39mDEBUG&amp#27;[0;39m &amp#27;[36mo.s.w.c.s.GenericWebApplicationContext&amp#27;[0;39m - Refreshing org.springframework.web.context.support.GenericWebApplicationContext@535b8c24
20:39:10.161 [main] &amp#27;[39mDEBUG&amp#27;[0;39m &amp#27;[36mo.s.b.f.s.DefaultListableBeanFactory&amp#27;[0;39m - Creating shared instance of singleton bean 'org.springframework.context.annotation.internalConfigurationAnnotationProcessor'
20:39:10.170 [main] &amp#27;[39mDEBUG&amp#27;[0;39m &amp#27;[36mo.s.b.f.s.DefaultListableBeanFactory&amp#27;[0;39m - Creating shared instance of singleton bean 'org.springframework.boot.autoconfigure.internalCachingMetadataReaderFactory'
20:39:10.220 [main] &amp#27;[39mDEBUG&amp#27;[0;39m &amp#27;[36mo.s.c.a.ClassPathBeanDefinitionScanner&amp#27;[0;39m - Identified candidate component class: file [C:\Users\user\Desktop\oopLabsTogether\LAB5\target\classes\com\example\LAB5\comparsion\service\PerformanceComparisonService.class]
20:39:10.222 [main] &amp#27;[39mDEBUG&amp#27;[0;39m &amp#27;[36mo.s.c.a.ClassPathBeanDefinitionScanner&amp#27;[0;39m - Identified candidate component class: file [C:\Users\user\Desktop\oopLabsTogether\LAB5\target\classes\com\example\LAB5\framework\Search\FrameworkSearchService.class]
20:39:10.224 [main] &amp#27;[39mDEBUG&amp#27;[0;39m &amp#27;[36mo.s.c.a.ClassPathBeanDefinitionScanner&amp#27;[0;39m - Ignored because not a concrete top-level class: file [C:\Users\user\Desktop\oopLabsTogether\LAB5\target\classes\com\example\LAB5\framework\repository\FunctionRepository.class]
20:39:10.226 [main] &amp#27;[39mDEBUG&amp#27;[0;39m &amp#27;[36mo.s.c.a.ClassPathBeanDefinitionScanner&amp#27;[0;39m - Ignored because not a concrete top-level class: file [C:\Users\user\Desktop\oopLabsTogether\LAB5\target\classes\com\example\LAB5\framework\repository\PointRepository.class]
20:39:10.226 [main] &amp#27;[39mDEBUG&amp#27;[0;39m &amp#27;[36mo.s.c.a.ClassPathBeanDefinitionScanner&amp#27;[0;39m - Ignored because not a concrete top-level class: file [C:\Users\user\Desktop\oopLabsTogether\LAB5\target\classes\com\example\LAB5\framework\repository\UserRepository.class]
20:39:10.227 [main] &amp#27;[39mDEBUG&amp#27;[0;39m &amp#27;[36mo.s.c.a.ClassPathBeanDefinitionScanner&amp#27;[0;39m - Identified candidate component class: file [C:\Users\user\Desktop\oopLabsTogether\LAB5\target\classes\com\example\LAB5\framework\service\FrameworkPerformanceComparisonService.class]
20:39:10.229 [main] &amp#27;[39mDEBUG&amp#27;[0;39m &amp#27;[36mo.s.c.a.ClassPathBeanDefinitionScanner&amp#27;[0;39m - Identified candidate component class: file [C:\Users\user\Desktop\oopLabsTogether\LAB5\target\classes\com\example\LAB5\framework\service\FunctionService.class]
20:39:10.230 [main] &amp#27;[39mDEBUG&amp#27;[0;39m &amp#27;[36mo.s.c.a.ClassPathBeanDefinitionScanner&amp#27;[0;39m - Identified candidate component class: file [C:\Users\user\Desktop\oopLabsTogether\LAB5\target\classes\com\example\LAB5\framework\service\PointService.class]
20:39:10.232 [main] &amp#27;[39mDEBUG&amp#27;[0;39m &amp#27;[36mo.s.c.a.ClassPathBeanDefinitionScanner&amp#27;[0;39m - Identified candidate component class: file [C:\Users\user\Desktop\oopLabsTogether\LAB5\target\classes\com\example\LAB5\framework\service\UserService.class]
20:39:10.235 [main] &amp#27;[39mDEBUG&amp#27;[0;39m &amp#27;[36mo.s.c.a.ClassPathBeanDefinitionScanner&amp#27;[0;39m - Identified candidate component class: file [C:\Users\user\Desktop\oopLabsTogether\LAB5\target\classes\com\example\LAB5\manual\service\DTOTransformationService.class]
20:39:10.236 [main] &amp#27;[39mDEBUG&amp#27;[0;39m &amp#27;[36mo.s.c.a.ClassPathBeanDefinitionScanner&amp#27;[0;39m - Identified candidate component class: file [C:\Users\user\Desktop\oopLabsTogether\LAB5\target\classes\com\example\LAB5\manual\service\ManualJdbcService.class]
20:39:10.422 [main] &amp#27;[34mINFO &amp#27;[0;39m &amp#27;[36mo.s.d.r.c.RepositoryConfigurationDelegate&amp#27;[0;39m - Bootstrapping Spring Data JPA repositories in DEFAULT mode.
20:39:10.428 [main] &amp#27;[39mDEBUG&amp#27;[0;39m &amp#27;[36mo.s.d.r.c.RepositoryConfigurationDelegate&amp#27;[0;39m - Scanning for JPA repositories in packages com.example.LAB5.framework.repository.
20:39:10.434 [main] &amp#27;[39mDEBUG&amp#27;[0;39m &amp#27;[36mo.s.d.r.c.RepositoryComponentProvider&amp#27;[0;39m - Identified candidate component class: file [C:\Users\user\Desktop\oopLabsTogether\LAB5\target\classes\com\example\LAB5\framework\repository\FunctionRepository.class]
20:39:10.434 [main] &amp#27;[39mDEBUG&amp#27;[0;39m &amp#27;[36mo.s.d.r.c.RepositoryComponentProvider&amp#27;[0;39m - Identified candidate component class: file [C:\Users\user\Desktop\oopLabsTogether\LAB5\target\classes\com\example\LAB5\framework\repository\PointRepository.class]
20:39:10.434 [main] &amp#27;[39mDEBUG&amp#27;[0;39m &amp#27;[36mo.s.d.r.c.RepositoryComponentProvider&amp#27;[0;39m - Identified candidate component class: file [C:\Users\user\Desktop\oopLabsTogether\LAB5\target\classes\com\example\LAB5\framework\repository\UserRepository.class]
20:39:10.463 [main] &amp#27;[34mINFO &amp#27;[0;39m &amp#27;[36mo.s.d.r.c.RepositoryConfigurationDelegate&amp#27;[0;39m - Finished Spring Data repository scanning in 34 ms. Found 3 JPA repository interfaces.
20:39:10.611 [main] &amp#27;[39mDEBUG&amp#27;[0;39m &amp#27;[36mo.s.c.a.ConfigurationClassUtils&amp#27;[0;39m - Failed to introspect @Bean methods on class [org.springframework.data.jpa.repository.support.DefaultJpaContext]: java.lang.IllegalStateException: Failed to introspect annotated methods on class org.springframework.data.jpa.repository.support.DefaultJpaContext
20:39:10.676 [main] &amp#27;[39mDEBUG&amp#27;[0;39m &amp#27;[36mo.s.b.f.s.DefaultListableBeanFactory&amp#27;[0;39m - Creating shared instance of singleton bean 'propertySourcesPlaceholderConfigurer'
20:39:10.680 [main] &amp#27;[39mDEBUG&amp#27;[0;39m &amp#27;[36mo.s.b.f.s.DefaultListableBeanFactory&amp#27;[0;39m - Creating shared instance of singleton bean 'org.springframework.boot.test.mock.mockito.MockitoPostProcessor'
20:39:10.686 [main] &amp#27;[39mDEBUG&amp#27;[0;39m &amp#27;[36mo.s.b.f.s.DefaultListableBeanFactory&amp#27;[0;39m - Creating shared instance of singleton bean 'emBeanDefinitionRegistrarPostProcessor'
20:39:10.686 [main] &amp#27;[39mDEBUG&amp#27;[0;39m &amp#27;[36mo.s.b.f.s.DefaultListableBeanFactory&amp#27;[0;39m - Creating shared instance of singleton bean 'org.springframework.boot.sql.init.dependency.DatabaseInitializationDependencyConfigurer$DependsOnDatabaseInitializationPostProcessor'
20:39:10.704 [main] &amp#27;[1;31mERROR&amp#27;[0;39m &amp#27;[36mo.s.boot.SpringApplication&amp#27;[0;39m - Application run failed
java.lang.NoClassDefFoundError: javax/persistence/EntityManagerFactory
	at org.springframework.data.jpa.util.BeanDefinitionUtils.<clinit>(BeanDefinitionUtils.java:57)
	at org.springframework.data.jpa.repository.support.EntityManagerBeanDefinitionRegistrarPostProcessor.postProcessBeanFactory(EntityManagerBeanDefinitionRegistrarPostProcessor.java:72)
	at org.springframework.context.support.PostProcessorRegistrationDelegate.invokeBeanFactoryPostProcessors(PostProcessorRegistrationDelegate.java:325)
	at org.springframework.context.support.PostProcessorRegistrationDelegate.invokeBeanFactoryPostProcessors(PostProcessorRegistrationDelegate.java:191)
	at org.springframework.context.support.AbstractApplicationContext.invokeBeanFactoryPostProcessors(AbstractApplicationContext.java:756)
	at org.springframework.context.support.AbstractApplicationContext.refresh(AbstractApplicationContext.java:572)
	at org.springframework.boot.SpringApplication.refresh(SpringApplication.java:732)
	at org.springframework.boot.SpringApplication.refreshContext(SpringApplication.java:409)
	at org.springframework.boot.SpringApplication.run(SpringApplication.java:308)
	at org.springframework.boot.test.context.SpringBootContextLoader.loadContext(SpringBootContextLoader.java:136)
	at org.springframework.test.context.cache.DefaultCacheAwareContextLoaderDelegate.loadContextInternal(DefaultCacheAwareContextLoaderDelegate.java:141)
	at org.springframework.test.context.cache.DefaultCacheAwareContextLoaderDelegate.loadContext(DefaultCacheAwareContextLoaderDelegate.java:90)
	at org.springframework.test.context.support.DefaultTestContext.getApplicationContext(DefaultTestContext.java:124)
	at org.springframework.test.context.web.ServletTestExecutionListener.setUpRequestContextIfNecessary(ServletTestExecutionListener.java:190)
	at org.springframework.test.context.web.ServletTestExecutionListener.prepareTestInstance(ServletTestExecutionListener.java:132)
	at org.springframework.test.context.TestContextManager.prepareTestInstance(TestContextManager.java:248)
	at org.springframework.test.context.junit.jupiter.SpringExtension.postProcessTestInstance(SpringExtension.java:138)
	at org.junit.jupiter.engine.descriptor.ClassBasedTestDescriptor.lambda$invokeTestInstancePostProcessors$8(ClassBasedTestDescriptor.java:363)
	at org.junit.jupiter.engine.descriptor.ClassBasedTestDescriptor.executeAndMaskThrowable(ClassBasedTestDescriptor.java:368)
	at org.junit.jupiter.engine.descriptor.ClassBasedTestDescriptor.lambda$invokeTestInstancePostProcessors$9(ClassBasedTestDescriptor.java:363)
	at java.base/java.util.stream.ReferencePipeline$3$1.accept(ReferencePipeline.java:214)
	at java.base/java.util.stream.ReferencePipeline$2$1.accept(ReferencePipeline.java:197)
	at java.base/java.util.ArrayList$ArrayListSpliterator.forEachRemaining(ArrayList.java:1716)
	at java.base/java.util.stream.AbstractPipeline.copyInto(AbstractPipeline.java:570)
	at java.base/java.util.stream.AbstractPipeline.wrapAndCopyInto(AbstractPipeline.java:560)
	at java.base/java.util.stream.StreamSpliterators$WrappingSpliterator.forEachRemaining(StreamSpliterators.java:315)
	at java.base/java.util.stream.Streams$ConcatSpliterator.forEachRemaining(Streams.java:735)
	at java.base/java.util.stream.Streams$ConcatSpliterator.forEachRemaining(Streams.java:734)
	at java.base/java.util.stream.ReferencePipeline$Head.forEach(ReferencePipeline.java:803)
	at org.junit.jupiter.engine.descriptor.ClassBasedTestDescriptor.invokeTestInstancePostProcessors(ClassBasedTestDescriptor.java:362)
	at org.junit.jupiter.engine.descriptor.ClassBasedTestDescriptor.lambda$instantiateAndPostProcessTestInstance$6(ClassBasedTestDescriptor.java:283)
	at org.junit.platform.engine.support.hierarchical.ThrowableCollector.execute(ThrowableCollector.java:73)
	at org.junit.jupiter.engine.descriptor.ClassBasedTestDescriptor.instantiateAndPostProcessTestInstance(ClassBasedTestDescriptor.java:282)
	at org.junit.jupiter.engine.descriptor.ClassBasedTestDescriptor.lambda$testInstancesProvider$4(ClassBasedTestDescriptor.java:272)
	at java.base/java.util.Optional.orElseGet(Optional.java:364)
	at org.junit.jupiter.engine.descriptor.ClassBasedTestDescriptor.lambda$testInstancesProvider$5(ClassBasedTestDescriptor.java:271)
	at org.junit.jupiter.engine.execution.TestInstancesProvider.getTestInstances(TestInstancesProvider.java:31)
	at org.junit.jupiter.engine.descriptor.TestMethodTestDescriptor.lambda$prepare$0(TestMethodTestDescriptor.java:102)
	at org.junit.platform.engine.support.hierarchical.ThrowableCollector.execute(ThrowableCollector.java:73)
	at org.junit.jupiter.engine.descriptor.TestMethodTestDescriptor.prepare(TestMethodTestDescriptor.java:101)
	at org.junit.jupiter.engine.descriptor.TestMethodTestDescriptor.prepare(TestMethodTestDescriptor.java:66)
	at org.junit.platform.engine.support.hierarchical.NodeTestTask.lambda$prepare$2(NodeTestTask.java:123)
	at org.junit.platform.engine.support.hierarchical.ThrowableCollector.execute(ThrowableCollector.java:73)
	at org.junit.platform.engine.support.hierarchical.NodeTestTask.prepare(NodeTestTask.java:123)
	at org.junit.platform.engine.support.hierarchical.NodeTestTask.execute(NodeTestTask.java:90)
	at java.base/java.util.ArrayList.forEach(ArrayList.java:1604)
	at org.junit.platform.engine.support.hierarchical.SameThreadHierarchicalTestExecutorService.invokeAll(SameThreadHierarchicalTestExecutorService.java:41)
	at org.junit.platform.engine.support.hierarchical.NodeTestTask.lambda$executeRecursively$6(NodeTestTask.java:155)
	at org.junit.platform.engine.support.hierarchical.ThrowableCollector.execute(ThrowableCollector.java:73)
	at org.junit.platform.engine.support.hierarchical.NodeTestTask.lambda$executeRecursively$8(NodeTestTask.java:141)
	at org.junit.platform.engine.support.hierarchical.Node.around(Node.java:137)
	at org.junit.platform.engine.support.hierarchical.NodeTestTask.lambda$executeRecursively$9(NodeTestTask.java:139)
	at org.junit.platform.engine.support.hierarchical.ThrowableCollector.execute(ThrowableCollector.java:73)
	at org.junit.platform.engine.support.hierarchical.NodeTestTask.executeRecursively(NodeTestTask.java:138)
	at org.junit.platform.engine.support.hierarchical.NodeTestTask.execute(NodeTestTask.java:95)
	at java.base/java.util.ArrayList.forEach(ArrayList.java:1604)
	at org.junit.platform.engine.support.hierarchical.SameThreadHierarchicalTestExecutorService.invokeAll(SameThreadHierarchicalTestExecutorService.java:41)
	at org.junit.platform.engine.support.hierarchical.NodeTestTask.lambda$executeRecursively$6(NodeTestTask.java:155)
	at org.junit.platform.engine.support.hierarchical.ThrowableCollector.execute(ThrowableCollector.java:73)
	at org.junit.platform.engine.support.hierarchical.NodeTestTask.lambda$executeRecursively$8(NodeTestTask.java:141)
	at org.junit.platform.engine.support.hierarchical.Node.around(Node.java:137)
	at org.junit.platform.engine.support.hierarchical.NodeTestTask.lambda$executeRecursively$9(NodeTestTask.java:139)
	at org.junit.platform.engine.support.hierarchical.ThrowableCollector.execute(ThrowableCollector.java:73)
	at org.junit.platform.engine.support.hierarchical.NodeTestTask.executeRecursively(NodeTestTask.java:138)
	at org.junit.platform.engine.support.hierarchical.NodeTestTask.execute(NodeTestTask.java:95)
	at org.junit.platform.engine.support.hierarchical.SameThreadHierarchicalTestExecutorService.submit(SameThreadHierarchicalTestExecutorService.java:35)
	at org.junit.platform.engine.support.hierarchical.HierarchicalTestExecutor.execute(HierarchicalTestExecutor.java:57)
	at org.junit.platform.engine.support.hierarchical.HierarchicalTestEngine.execute(HierarchicalTestEngine.java:54)
	at org.junit.platform.launcher.core.DefaultLauncher.execute(DefaultLauncher.java:220)
	at org.junit.platform.launcher.core.DefaultLauncher.lambda$execute$6(DefaultLauncher.java:188)
	at org.junit.platform.launcher.core.DefaultLauncher.withInterceptedStreams(DefaultLauncher.java:202)
	at org.junit.platform.launcher.core.DefaultLauncher.execute(DefaultLauncher.java:181)
	at org.junit.platform.launcher.core.DefaultLauncher.execute(DefaultLauncher.java:128)
	at org.apache.maven.surefire.junitplatform.JUnitPlatformProvider.invokeAllTests(JUnitPlatformProvider.java:150)
	at org.apache.maven.surefire.junitplatform.JUnitPlatformProvider.invoke(JUnitPlatformProvider.java:124)
	at org.apache.maven.surefire.booter.ForkedBooter.invokeProviderInSameClassLoader(ForkedBooter.java:384)
	at org.apache.maven.surefire.booter.ForkedBooter.runSuitesInProcess(ForkedBooter.java:345)
	at org.apache.maven.surefire.booter.ForkedBooter.execute(ForkedBooter.java:126)
	at org.apache.maven.surefire.booter.ForkedBooter.main(ForkedBooter.java:418)
Caused by: java.lang.ClassNotFoundException: javax.persistence.EntityManagerFactory
	at java.base/jdk.internal.loader.BuiltinClassLoader.loadClass(BuiltinClassLoader.java:580)
	at java.base/java.lang.ClassLoader.loadClass(ClassLoader.java:490)
	... 79 common frames omitted
20:39:10.705 [main] &amp#27;[39mDEBUG&amp#27;[0;39m &amp#27;[36mo.s.w.c.s.GenericWebApplicationContext&amp#27;[0;39m - Closing org.springframework.web.context.support.GenericWebApplicationContext@535b8c24, started on Sun Dec 07 20:39:10 GMT+04:00 2025
20:39:10.706 [main] &amp#27;[1;31mERROR&amp#27;[0;39m &amp#27;[36mo.s.test.context.TestContextManager&amp#27;[0;39m - Caught exception while allowing TestExecutionListener [org.springframework.test.context.web.ServletTestExecutionListener@2611b9a3] to prepare test instance [com.example.LAB5.framework.repository.FunctionRepositoryTest@640ab13c]
java.lang.NoClassDefFoundError: javax/persistence/EntityManagerFactory
	at org.springframework.data.jpa.util.BeanDefinitionUtils.<clinit>(BeanDefinitionUtils.java:57)
	at org.springframework.data.jpa.repository.support.EntityManagerBeanDefinitionRegistrarPostProcessor.postProcessBeanFactory(EntityManagerBeanDefinitionRegistrarPostProcessor.java:72)
	at org.springframework.context.support.PostProcessorRegistrationDelegate.invokeBeanFactoryPostProcessors(PostProcessorRegistrationDelegate.java:325)
	at org.springframework.context.support.PostProcessorRegistrationDelegate.invokeBeanFactoryPostProcessors(PostProcessorRegistrationDelegate.java:191)
	at org.springframework.context.support.AbstractApplicationContext.invokeBeanFactoryPostProcessors(AbstractApplicationContext.java:756)
	at org.springframework.context.support.AbstractApplicationContext.refresh(AbstractApplicationContext.java:572)
	at org.springframework.boot.SpringApplication.refresh(SpringApplication.java:732)
	at org.springframework.boot.SpringApplication.refreshContext(SpringApplication.java:409)
	at org.springframework.boot.SpringApplication.run(SpringApplication.java:308)
	at org.springframework.boot.test.context.SpringBootContextLoader.loadContext(SpringBootContextLoader.java:136)
	at org.springframework.test.context.cache.DefaultCacheAwareContextLoaderDelegate.loadContextInternal(DefaultCacheAwareContextLoaderDelegate.java:141)
	at org.springframework.test.context.cache.DefaultCacheAwareContextLoaderDelegate.loadContext(DefaultCacheAwareContextLoaderDelegate.java:90)
	at org.springframework.test.context.support.DefaultTestContext.getApplicationContext(DefaultTestContext.java:124)
	at org.springframework.test.context.web.ServletTestExecutionListener.setUpRequestContextIfNecessary(ServletTestExecutionListener.java:190)
	at org.springframework.test.context.web.ServletTestExecutionListener.prepareTestInstance(ServletTestExecutionListener.java:132)
	at org.springframework.test.context.TestContextManager.prepareTestInstance(TestContextManager.java:248)
	at org.springframework.test.context.junit.jupiter.SpringExtension.postProcessTestInstance(SpringExtension.java:138)
	at org.junit.jupiter.engine.descriptor.ClassBasedTestDescriptor.lambda$invokeTestInstancePostProcessors$8(ClassBasedTestDescriptor.java:363)
	at org.junit.jupiter.engine.descriptor.ClassBasedTestDescriptor.executeAndMaskThrowable(ClassBasedTestDescriptor.java:368)
	at org.junit.jupiter.engine.descriptor.ClassBasedTestDescriptor.lambda$invokeTestInstancePostProcessors$9(ClassBasedTestDescriptor.java:363)
	at java.base/java.util.stream.ReferencePipeline$3$1.accept(ReferencePipeline.java:214)
	at java.base/java.util.stream.ReferencePipeline$2$1.accept(ReferencePipeline.java:197)
	at java.base/java.util.ArrayList$ArrayListSpliterator.forEachRemaining(ArrayList.java:1716)
	at java.base/java.util.stream.AbstractPipeline.copyInto(AbstractPipeline.java:570)
	at java.base/java.util.stream.AbstractPipeline.wrapAndCopyInto(AbstractPipeline.java:560)
	at java.base/java.util.stream.StreamSpliterators$WrappingSpliterator.forEachRemaining(StreamSpliterators.java:315)
	at java.base/java.util.stream.Streams$ConcatSpliterator.forEachRemaining(Streams.java:735)
	at java.base/java.util.stream.Streams$ConcatSpliterator.forEachRemaining(Streams.java:734)
	at java.base/java.util.stream.ReferencePipeline$Head.forEach(ReferencePipeline.java:803)
	at org.junit.jupiter.engine.descriptor.ClassBasedTestDescriptor.invokeTestInstancePostProcessors(ClassBasedTestDescriptor.java:362)
	at org.junit.jupiter.engine.descriptor.ClassBasedTestDescriptor.lambda$instantiateAndPostProcessTestInstance$6(ClassBasedTestDescriptor.java:283)
	at org.junit.platform.engine.support.hierarchical.ThrowableCollector.execute(ThrowableCollector.java:73)
	at org.junit.jupiter.engine.descriptor.ClassBasedTestDescriptor.instantiateAndPostProcessTestInstance(ClassBasedTestDescriptor.java:282)
	at org.junit.jupiter.engine.descriptor.ClassBasedTestDescriptor.lambda$testInstancesProvider$4(ClassBasedTestDescriptor.java:272)
	at java.base/java.util.Optional.orElseGet(Optional.java:364)
	at org.junit.jupiter.engine.descriptor.ClassBasedTestDescriptor.lambda$testInstancesProvider$5(ClassBasedTestDescriptor.java:271)
	at org.junit.jupiter.engine.execution.TestInstancesProvider.getTestInstances(TestInstancesProvider.java:31)
	at org.junit.jupiter.engine.descriptor.TestMethodTestDescriptor.lambda$prepare$0(TestMethodTestDescriptor.java:102)
	at org.junit.platform.engine.support.hierarchical.ThrowableCollector.execute(ThrowableCollector.java:73)
	at org.junit.jupiter.engine.descriptor.TestMethodTestDescriptor.prepare(TestMethodTestDescriptor.java:101)
	at org.junit.jupiter.engine.descriptor.TestMethodTestDescriptor.prepare(TestMethodTestDescriptor.java:66)
	at org.junit.platform.engine.support.hierarchical.NodeTestTask.lambda$prepare$2(NodeTestTask.java:123)
	at org.junit.platform.engine.support.hierarchical.ThrowableCollector.execute(ThrowableCollector.java:73)
	at org.junit.platform.engine.support.hierarchical.NodeTestTask.prepare(NodeTestTask.java:123)
	at org.junit.platform.engine.support.hierarchical.NodeTestTask.execute(NodeTestTask.java:90)
	at java.base/java.util.ArrayList.forEach(ArrayList.java:1604)
	at org.junit.platform.engine.support.hierarchical.SameThreadHierarchicalTestExecutorService.invokeAll(SameThreadHierarchicalTestExecutorService.java:41)
	at org.junit.platform.engine.support.hierarchical.NodeTestTask.lambda$executeRecursively$6(NodeTestTask.java:155)
	at org.junit.platform.engine.support.hierarchical.ThrowableCollector.execute(ThrowableCollector.java:73)
	at org.junit.platform.engine.support.hierarchical.NodeTestTask.lambda$executeRecursively$8(NodeTestTask.java:141)
	at org.junit.platform.engine.support.hierarchical.Node.around(Node.java:137)
	at org.junit.platform.engine.support.hierarchical.NodeTestTask.lambda$executeRecursively$9(NodeTestTask.java:139)
	at org.junit.platform.engine.support.hierarchical.ThrowableCollector.execute(ThrowableCollector.java:73)
	at org.junit.platform.engine.support.hierarchical.NodeTestTask.executeRecursively(NodeTestTask.java:138)
	at org.junit.platform.engine.support.hierarchical.NodeTestTask.execute(NodeTestTask.java:95)
	at java.base/java.util.ArrayList.forEach(ArrayList.java:1604)
	at org.junit.platform.engine.support.hierarchical.SameThreadHierarchicalTestExecutorService.invokeAll(SameThreadHierarchicalTestExecutorService.java:41)
	at org.junit.platform.engine.support.hierarchical.NodeTestTask.lambda$executeRecursively$6(NodeTestTask.java:155)
	at org.junit.platform.engine.support.hierarchical.ThrowableCollector.execute(ThrowableCollector.java:73)
	at org.junit.platform.engine.support.hierarchical.NodeTestTask.lambda$executeRecursively$8(NodeTestTask.java:141)
	at org.junit.platform.engine.support.hierarchical.Node.around(Node.java:137)
	at org.junit.platform.engine.support.hierarchical.NodeTestTask.lambda$executeRecursively$9(NodeTestTask.java:139)
	at org.junit.platform.engine.support.hierarchical.ThrowableCollector.execute(ThrowableCollector.java:73)
	at org.junit.platform.engine.support.hierarchical.NodeTestTask.executeRecursively(NodeTestTask.java:138)
	at org.junit.platform.engine.support.hierarchical.NodeTestTask.execute(NodeTestTask.java:95)
	at org.junit.platform.engine.support.hierarchical.SameThreadHierarchicalTestExecutorService.submit(SameThreadHierarchicalTestExecutorService.java:35)
	at org.junit.platform.engine.support.hierarchical.HierarchicalTestExecutor.execute(HierarchicalTestExecutor.java:57)
	at org.junit.platform.engine.support.hierarchical.HierarchicalTestEngine.execute(HierarchicalTestEngine.java:54)
	at org.junit.platform.launcher.core.DefaultLauncher.execute(DefaultLauncher.java:220)
	at org.junit.platform.launcher.core.DefaultLauncher.lambda$execute$6(DefaultLauncher.java:188)
	at org.junit.platform.launcher.core.DefaultLauncher.withInterceptedStreams(DefaultLauncher.java:202)
	at org.junit.platform.launcher.core.DefaultLauncher.execute(DefaultLauncher.java:181)
	at org.junit.platform.launcher.core.DefaultLauncher.execute(DefaultLauncher.java:128)
	at org.apache.maven.surefire.junitplatform.JUnitPlatformProvider.invokeAllTests(JUnitPlatformProvider.java:150)
	at org.apache.maven.surefire.junitplatform.JUnitPlatformProvider.invoke(JUnitPlatformProvider.java:124)
	at org.apache.maven.surefire.booter.ForkedBooter.invokeProviderInSameClassLoader(ForkedBooter.java:384)
	at org.apache.maven.surefire.booter.ForkedBooter.runSuitesInProcess(ForkedBooter.java:345)
	at org.apache.maven.surefire.booter.ForkedBooter.execute(ForkedBooter.java:126)
	at org.apache.maven.surefire.booter.ForkedBooter.main(ForkedBooter.java:418)
Caused by: java.lang.ClassNotFoundException: javax.persistence.EntityManagerFactory
	at java.base/jdk.internal.loader.BuiltinClassLoader.loadClass(BuiltinClassLoader.java:580)
	at java.base/java.lang.ClassLoader.loadClass(ClassLoader.java:490)
	... 79 common frames omitted
]]></system-out>
  </testcase>
  <testcase name="testFindByUser" classname="com.example.LAB5.framework.repository.FunctionRepositoryTest" time="0">
    <error message="Could not initialize class org.springframework.data.jpa.util.BeanDefinitionUtils" type="java.lang.NoClassDefFoundError">java.lang.NoClassDefFoundError: Could not initialize class org.springframework.data.jpa.util.BeanDefinitionUtils
Caused by: java.lang.ExceptionInInitializerError: Exception java.lang.NoClassDefFoundError: javax/persistence/EntityManagerFactory [in thread "main"]
</error>
    <system-out><![CDATA[20:39:10.715 [main] &amp#27;[39mDEBUG&amp#27;[0;39m &amp#27;[36mo.s.t.c.s.TestPropertySourceUtils&amp#27;[0;39m - Adding inlined properties to environment: {spring.jmx.enabled=false, org.springframework.boot.test.context.SpringBootTestContextBootstrapper=true}
20:39:10.728 [main] &amp#27;[39mDEBUG&amp#27;[0;39m &amp#27;[36mo.s.b.w.s.c.ApplicationServletEnvironment&amp#27;[0;39m - Activating profiles []

  .   ____          _            __ _ _
 /\\ / ___'_ __ _ _(_)_ __  __ _ \ \ \ \
( ( )\___ | '_ | '_| | '_ \/ _` | \ \ \ \
 \\/  ___)| |_)| | | | | || (_| |  ) ) ) )
  '  |____| .__|_| |_|_| |_\__, | / / / /
 =========|_|==============|___/=/_/_/_/
 :: Spring Boot ::               (v2.7.18)

20:39:10.732 [main] &amp#27;[34mINFO &amp#27;[0;39m &amp#27;[36mc.e.L.f.r.FunctionRepositoryTest&amp#27;[0;39m - Starting FunctionRepositoryTest using Java 25 on WIN-3P73ASE80P5 with PID 572 (started by user in C:\Users\user\Desktop\oopLabsTogether\LAB5)
20:39:10.732 [main] &amp#27;[39mDEBUG&amp#27;[0;39m &amp#27;[36mc.e.L.f.r.FunctionRepositoryTest&amp#27;[0;39m - Running with Spring Boot v2.7.18, Spring v5.3.31
20:39:10.732 [main] &amp#27;[34mINFO &amp#27;[0;39m &amp#27;[36mc.e.L.f.r.FunctionRepositoryTest&amp#27;[0;39m - No active profile set, falling back to 1 default profile: "default"
20:39:10.732 [main] &amp#27;[39mDEBUG&amp#27;[0;39m &amp#27;[36mo.s.boot.SpringApplication&amp#27;[0;39m - Loading source class com.example.LAB5.LAB5Application
20:39:10.734 [main] &amp#27;[39mDEBUG&amp#27;[0;39m &amp#27;[36mo.s.w.c.s.GenericWebApplicationContext&amp#27;[0;39m - Refreshing org.springframework.web.context.support.GenericWebApplicationContext@5875de6a
20:39:10.734 [main] &amp#27;[39mDEBUG&amp#27;[0;39m &amp#27;[36mo.s.b.f.s.DefaultListableBeanFactory&amp#27;[0;39m - Creating shared instance of singleton bean 'org.springframework.context.annotation.internalConfigurationAnnotationProcessor'
20:39:10.735 [main] &amp#27;[39mDEBUG&amp#27;[0;39m &amp#27;[36mo.s.b.f.s.DefaultListableBeanFactory&amp#27;[0;39m - Creating shared instance of singleton bean 'org.springframework.boot.autoconfigure.internalCachingMetadataReaderFactory'
20:39:10.754 [main] &amp#27;[39mDEBUG&amp#27;[0;39m &amp#27;[36mo.s.c.a.ClassPathBeanDefinitionScanner&amp#27;[0;39m - Identified candidate component class: file [C:\Users\user\Desktop\oopLabsTogether\LAB5\target\classes\com\example\LAB5\comparsion\service\PerformanceComparisonService.class]
20:39:10.755 [main] &amp#27;[39mDEBUG&amp#27;[0;39m &amp#27;[36mo.s.c.a.ClassPathBeanDefinitionScanner&amp#27;[0;39m - Identified candidate component class: file [C:\Users\user\Desktop\oopLabsTogether\LAB5\target\classes\com\example\LAB5\framework\Search\FrameworkSearchService.class]
20:39:10.757 [main] &amp#27;[39mDEBUG&amp#27;[0;39m &amp#27;[36mo.s.c.a.ClassPathBeanDefinitionScanner&amp#27;[0;39m - Ignored because not a concrete top-level class: file [C:\Users\user\Desktop\oopLabsTogether\LAB5\target\classes\com\example\LAB5\framework\repository\FunctionRepository.class]
20:39:10.757 [main] &amp#27;[39mDEBUG&amp#27;[0;39m &amp#27;[36mo.s.c.a.ClassPathBeanDefinitionScanner&amp#27;[0;39m - Ignored because not a concrete top-level class: file [C:\Users\user\Desktop\oopLabsTogether\LAB5\target\classes\com\example\LAB5\framework\repository\PointRepository.class]
20:39:10.757 [main] &amp#27;[39mDEBUG&amp#27;[0;39m &amp#27;[36mo.s.c.a.ClassPathBeanDefinitionScanner&amp#27;[0;39m - Ignored because not a concrete top-level class: file [C:\Users\user\Desktop\oopLabsTogether\LAB5\target\classes\com\example\LAB5\framework\repository\UserRepository.class]
20:39:10.758 [main] &amp#27;[39mDEBUG&amp#27;[0;39m &amp#27;[36mo.s.c.a.ClassPathBeanDefinitionScanner&amp#27;[0;39m - Identified candidate component class: file [C:\Users\user\Desktop\oopLabsTogether\LAB5\target\classes\com\example\LAB5\framework\service\FrameworkPerformanceComparisonService.class]
20:39:10.759 [main] &amp#27;[39mDEBUG&amp#27;[0;39m &amp#27;[36mo.s.c.a.ClassPathBeanDefinitionScanner&amp#27;[0;39m - Identified candidate component class: file [C:\Users\user\Desktop\oopLabsTogether\LAB5\target\classes\com\example\LAB5\framework\service\FunctionService.class]
20:39:10.760 [main] &amp#27;[39mDEBUG&amp#27;[0;39m &amp#27;[36mo.s.c.a.ClassPathBeanDefinitionScanner&amp#27;[0;39m - Identified candidate component class: file [C:\Users\user\Desktop\oopLabsTogether\LAB5\target\classes\com\example\LAB5\framework\service\PointService.class]
20:39:10.760 [main] &amp#27;[39mDEBUG&amp#27;[0;39m &amp#27;[36mo.s.c.a.ClassPathBeanDefinitionScanner&amp#27;[0;39m - Identified candidate component class: file [C:\Users\user\Desktop\oopLabsTogether\LAB5\target\classes\com\example\LAB5\framework\service\UserService.class]
20:39:10.762 [main] &amp#27;[39mDEBUG&amp#27;[0;39m &amp#27;[36mo.s.c.a.ClassPathBeanDefinitionScanner&amp#27;[0;39m - Identified candidate component class: file [C:\Users\user\Desktop\oopLabsTogether\LAB5\target\classes\com\example\LAB5\manual\service\DTOTransformationService.class]
20:39:10.763 [main] &amp#27;[39mDEBUG&amp#27;[0;39m &amp#27;[36mo.s.c.a.ClassPathBeanDefinitionScanner&amp#27;[0;39m - Identified candidate component class: file [C:\Users\user\Desktop\oopLabsTogether\LAB5\target\classes\com\example\LAB5\manual\service\ManualJdbcService.class]
20:39:10.828 [main] &amp#27;[34mINFO &amp#27;[0;39m &amp#27;[36mo.s.d.r.c.RepositoryConfigurationDelegate&amp#27;[0;39m - Bootstrapping Spring Data JPA repositories in DEFAULT mode.
20:39:10.829 [main] &amp#27;[39mDEBUG&amp#27;[0;39m &amp#27;[36mo.s.d.r.c.RepositoryConfigurationDelegate&amp#27;[0;39m - Scanning for JPA repositories in packages com.example.LAB5.framework.repository.
20:39:10.832 [main] &amp#27;[39mDEBUG&amp#27;[0;39m &amp#27;[36mo.s.d.r.c.RepositoryComponentProvider&amp#27;[0;39m - Identified candidate component class: file [C:\Users\user\Desktop\oopLabsTogether\LAB5\target\classes\com\example\LAB5\framework\repository\FunctionRepository.class]
20:39:10.832 [main] &amp#27;[39mDEBUG&amp#27;[0;39m &amp#27;[36mo.s.d.r.c.RepositoryComponentProvider&amp#27;[0;39m - Identified candidate component class: file [C:\Users\user\Desktop\oopLabsTogether\LAB5\target\classes\com\example\LAB5\framework\repository\PointRepository.class]
20:39:10.832 [main] &amp#27;[39mDEBUG&amp#27;[0;39m &amp#27;[36mo.s.d.r.c.RepositoryComponentProvider&amp#27;[0;39m - Identified candidate component class: file [C:\Users\user\Desktop\oopLabsTogether\LAB5\target\classes\com\example\LAB5\framework\repository\UserRepository.class]
20:39:10.836 [main] &amp#27;[34mINFO &amp#27;[0;39m &amp#27;[36mo.s.d.r.c.RepositoryConfigurationDelegate&amp#27;[0;39m - Finished Spring Data repository scanning in 6 ms. Found 3 JPA repository interfaces.
20:39:10.861 [main] &amp#27;[39mDEBUG&amp#27;[0;39m &amp#27;[36mo.s.c.a.ConfigurationClassUtils&amp#27;[0;39m - Failed to introspect @Bean methods on class [org.springframework.data.jpa.repository.support.DefaultJpaContext]: java.lang.IllegalStateException: Failed to introspect annotated methods on class org.springframework.data.jpa.repository.support.DefaultJpaContext
20:39:10.865 [main] &amp#27;[39mDEBUG&amp#27;[0;39m &amp#27;[36mo.s.b.f.s.DefaultListableBeanFactory&amp#27;[0;39m - Creating shared instance of singleton bean 'propertySourcesPlaceholderConfigurer'
20:39:10.866 [main] &amp#27;[39mDEBUG&amp#27;[0;39m &amp#27;[36mo.s.b.f.s.DefaultListableBeanFactory&amp#27;[0;39m - Creating shared instance of singleton bean 'org.springframework.boot.test.mock.mockito.MockitoPostProcessor'
20:39:10.866 [main] &amp#27;[39mDEBUG&amp#27;[0;39m &amp#27;[36mo.s.b.f.s.DefaultListableBeanFactory&amp#27;[0;39m - Creating shared instance of singleton bean 'emBeanDefinitionRegistrarPostProcessor'
20:39:10.866 [main] &amp#27;[39mDEBUG&amp#27;[0;39m &amp#27;[36mo.s.b.f.s.DefaultListableBeanFactory&amp#27;[0;39m - Creating shared instance of singleton bean 'org.springframework.boot.sql.init.dependency.DatabaseInitializationDependencyConfigurer$DependsOnDatabaseInitializationPostProcessor'
20:39:10.868 [main] &amp#27;[1;31mERROR&amp#27;[0;39m &amp#27;[36mo.s.boot.SpringApplication&amp#27;[0;39m - Application run failed
java.lang.NoClassDefFoundError: Could not initialize class org.springframework.data.jpa.util.BeanDefinitionUtils
	at org.springframework.data.jpa.repository.support.EntityManagerBeanDefinitionRegistrarPostProcessor.postProcessBeanFactory(EntityManagerBeanDefinitionRegistrarPostProcessor.java:72)
	at org.springframework.context.support.PostProcessorRegistrationDelegate.invokeBeanFactoryPostProcessors(PostProcessorRegistrationDelegate.java:325)
	at org.springframework.context.support.PostProcessorRegistrationDelegate.invokeBeanFactoryPostProcessors(PostProcessorRegistrationDelegate.java:191)
	at org.springframework.context.support.AbstractApplicationContext.invokeBeanFactoryPostProcessors(AbstractApplicationContext.java:756)
	at org.springframework.context.support.AbstractApplicationContext.refresh(AbstractApplicationContext.java:572)
	at org.springframework.boot.SpringApplication.refresh(SpringApplication.java:732)
	at org.springframework.boot.SpringApplication.refreshContext(SpringApplication.java:409)
	at org.springframework.boot.SpringApplication.run(SpringApplication.java:308)
	at org.springframework.boot.test.context.SpringBootContextLoader.loadContext(SpringBootContextLoader.java:136)
	at org.springframework.test.context.cache.DefaultCacheAwareContextLoaderDelegate.loadContextInternal(DefaultCacheAwareContextLoaderDelegate.java:141)
	at org.springframework.test.context.cache.DefaultCacheAwareContextLoaderDelegate.loadContext(DefaultCacheAwareContextLoaderDelegate.java:90)
	at org.springframework.test.context.support.DefaultTestContext.getApplicationContext(DefaultTestContext.java:124)
	at org.springframework.test.context.web.ServletTestExecutionListener.setUpRequestContextIfNecessary(ServletTestExecutionListener.java:190)
	at org.springframework.test.context.web.ServletTestExecutionListener.prepareTestInstance(ServletTestExecutionListener.java:132)
	at org.springframework.test.context.TestContextManager.prepareTestInstance(TestContextManager.java:248)
	at org.springframework.test.context.junit.jupiter.SpringExtension.postProcessTestInstance(SpringExtension.java:138)
	at org.junit.jupiter.engine.descriptor.ClassBasedTestDescriptor.lambda$invokeTestInstancePostProcessors$8(ClassBasedTestDescriptor.java:363)
	at org.junit.jupiter.engine.descriptor.ClassBasedTestDescriptor.executeAndMaskThrowable(ClassBasedTestDescriptor.java:368)
	at org.junit.jupiter.engine.descriptor.ClassBasedTestDescriptor.lambda$invokeTestInstancePostProcessors$9(ClassBasedTestDescriptor.java:363)
	at java.base/java.util.stream.ReferencePipeline$3$1.accept(ReferencePipeline.java:214)
	at java.base/java.util.stream.ReferencePipeline$2$1.accept(ReferencePipeline.java:197)
	at java.base/java.util.ArrayList$ArrayListSpliterator.forEachRemaining(ArrayList.java:1716)
	at java.base/java.util.stream.AbstractPipeline.copyInto(AbstractPipeline.java:570)
	at java.base/java.util.stream.AbstractPipeline.wrapAndCopyInto(AbstractPipeline.java:560)
	at java.base/java.util.stream.StreamSpliterators$WrappingSpliterator.forEachRemaining(StreamSpliterators.java:315)
	at java.base/java.util.stream.Streams$ConcatSpliterator.forEachRemaining(Streams.java:735)
	at java.base/java.util.stream.Streams$ConcatSpliterator.forEachRemaining(Streams.java:734)
	at java.base/java.util.stream.ReferencePipeline$Head.forEach(ReferencePipeline.java:803)
	at org.junit.jupiter.engine.descriptor.ClassBasedTestDescriptor.invokeTestInstancePostProcessors(ClassBasedTestDescriptor.java:362)
	at org.junit.jupiter.engine.descriptor.ClassBasedTestDescriptor.lambda$instantiateAndPostProcessTestInstance$6(ClassBasedTestDescriptor.java:283)
	at org.junit.platform.engine.support.hierarchical.ThrowableCollector.execute(ThrowableCollector.java:73)
	at org.junit.jupiter.engine.descriptor.ClassBasedTestDescriptor.instantiateAndPostProcessTestInstance(ClassBasedTestDescriptor.java:282)
	at org.junit.jupiter.engine.descriptor.ClassBasedTestDescriptor.lambda$testInstancesProvider$4(ClassBasedTestDescriptor.java:272)
	at java.base/java.util.Optional.orElseGet(Optional.java:364)
	at org.junit.jupiter.engine.descriptor.ClassBasedTestDescriptor.lambda$testInstancesProvider$5(ClassBasedTestDescriptor.java:271)
	at org.junit.jupiter.engine.execution.TestInstancesProvider.getTestInstances(TestInstancesProvider.java:31)
	at org.junit.jupiter.engine.descriptor.TestMethodTestDescriptor.lambda$prepare$0(TestMethodTestDescriptor.java:102)
	at org.junit.platform.engine.support.hierarchical.ThrowableCollector.execute(ThrowableCollector.java:73)
	at org.junit.jupiter.engine.descriptor.TestMethodTestDescriptor.prepare(TestMethodTestDescriptor.java:101)
	at org.junit.jupiter.engine.descriptor.TestMethodTestDescriptor.prepare(TestMethodTestDescriptor.java:66)
	at org.junit.platform.engine.support.hierarchical.NodeTestTask.lambda$prepare$2(NodeTestTask.java:123)
	at org.junit.platform.engine.support.hierarchical.ThrowableCollector.execute(ThrowableCollector.java:73)
	at org.junit.platform.engine.support.hierarchical.NodeTestTask.prepare(NodeTestTask.java:123)
	at org.junit.platform.engine.support.hierarchical.NodeTestTask.execute(NodeTestTask.java:90)
	at java.base/java.util.ArrayList.forEach(ArrayList.java:1604)
	at org.junit.platform.engine.support.hierarchical.SameThreadHierarchicalTestExecutorService.invokeAll(SameThreadHierarchicalTestExecutorService.java:41)
	at org.junit.platform.engine.support.hierarchical.NodeTestTask.lambda$executeRecursively$6(NodeTestTask.java:155)
	at org.junit.platform.engine.support.hierarchical.ThrowableCollector.execute(ThrowableCollector.java:73)
	at org.junit.platform.engine.support.hierarchical.NodeTestTask.lambda$executeRecursively$8(NodeTestTask.java:141)
	at org.junit.platform.engine.support.hierarchical.Node.around(Node.java:137)
	at org.junit.platform.engine.support.hierarchical.NodeTestTask.lambda$executeRecursively$9(NodeTestTask.java:139)
	at org.junit.platform.engine.support.hierarchical.ThrowableCollector.execute(ThrowableCollector.java:73)
	at org.junit.platform.engine.support.hierarchical.NodeTestTask.executeRecursively(NodeTestTask.java:138)
	at org.junit.platform.engine.support.hierarchical.NodeTestTask.execute(NodeTestTask.java:95)
	at java.base/java.util.ArrayList.forEach(ArrayList.java:1604)
	at org.junit.platform.engine.support.hierarchical.SameThreadHierarchicalTestExecutorService.invokeAll(SameThreadHierarchicalTestExecutorService.java:41)
	at org.junit.platform.engine.support.hierarchical.NodeTestTask.lambda$executeRecursively$6(NodeTestTask.java:155)
	at org.junit.platform.engine.support.hierarchical.ThrowableCollector.execute(ThrowableCollector.java:73)
	at org.junit.platform.engine.support.hierarchical.NodeTestTask.lambda$executeRecursively$8(NodeTestTask.java:141)
	at org.junit.platform.engine.support.hierarchical.Node.around(Node.java:137)
	at org.junit.platform.engine.support.hierarchical.NodeTestTask.lambda$executeRecursively$9(NodeTestTask.java:139)
	at org.junit.platform.engine.support.hierarchical.ThrowableCollector.execute(ThrowableCollector.java:73)
	at org.junit.platform.engine.support.hierarchical.NodeTestTask.executeRecursively(NodeTestTask.java:138)
	at org.junit.platform.engine.support.hierarchical.NodeTestTask.execute(NodeTestTask.java:95)
	at org.junit.platform.engine.support.hierarchical.SameThreadHierarchicalTestExecutorService.submit(SameThreadHierarchicalTestExecutorService.java:35)
	at org.junit.platform.engine.support.hierarchical.HierarchicalTestExecutor.execute(HierarchicalTestExecutor.java:57)
	at org.junit.platform.engine.support.hierarchical.HierarchicalTestEngine.execute(HierarchicalTestEngine.java:54)
	at org.junit.platform.launcher.core.DefaultLauncher.execute(DefaultLauncher.java:220)
	at org.junit.platform.launcher.core.DefaultLauncher.lambda$execute$6(DefaultLauncher.java:188)
	at org.junit.platform.launcher.core.DefaultLauncher.withInterceptedStreams(DefaultLauncher.java:202)
	at org.junit.platform.launcher.core.DefaultLauncher.execute(DefaultLauncher.java:181)
	at org.junit.platform.launcher.core.DefaultLauncher.execute(DefaultLauncher.java:128)
	at org.apache.maven.surefire.junitplatform.JUnitPlatformProvider.invokeAllTests(JUnitPlatformProvider.java:150)
	at org.apache.maven.surefire.junitplatform.JUnitPlatformProvider.invoke(JUnitPlatformProvider.java:124)
	at org.apache.maven.surefire.booter.ForkedBooter.invokeProviderInSameClassLoader(ForkedBooter.java:384)
	at org.apache.maven.surefire.booter.ForkedBooter.runSuitesInProcess(ForkedBooter.java:345)
	at org.apache.maven.surefire.booter.ForkedBooter.execute(ForkedBooter.java:126)
	at org.apache.maven.surefire.booter.ForkedBooter.main(ForkedBooter.java:418)
Caused by: java.lang.ExceptionInInitializerError: Exception java.lang.NoClassDefFoundError: javax/persistence/EntityManagerFactory [in thread "main"]
	at org.springframework.data.jpa.util.BeanDefinitionUtils.<clinit>(BeanDefinitionUtils.java:57)
	... 78 common frames omitted
20:39:10.869 [main] &amp#27;[39mDEBUG&amp#27;[0;39m &amp#27;[36mo.s.w.c.s.GenericWebApplicationContext&amp#27;[0;39m - Closing org.springframework.web.context.support.GenericWebApplicationContext@5875de6a, started on Sun Dec 07 20:39:10 GMT+04:00 2025
20:39:10.869 [main] &amp#27;[1;31mERROR&amp#27;[0;39m &amp#27;[36mo.s.test.context.TestContextManager&amp#27;[0;39m - Caught exception while allowing TestExecutionListener [org.springframework.test.context.web.ServletTestExecutionListener@2611b9a3] to prepare test instance [com.example.LAB5.framework.repository.FunctionRepositoryTest@141d3d43]
java.lang.NoClassDefFoundError: Could not initialize class org.springframework.data.jpa.util.BeanDefinitionUtils
	at org.springframework.data.jpa.repository.support.EntityManagerBeanDefinitionRegistrarPostProcessor.postProcessBeanFactory(EntityManagerBeanDefinitionRegistrarPostProcessor.java:72)
	at org.springframework.context.support.PostProcessorRegistrationDelegate.invokeBeanFactoryPostProcessors(PostProcessorRegistrationDelegate.java:325)
	at org.springframework.context.support.PostProcessorRegistrationDelegate.invokeBeanFactoryPostProcessors(PostProcessorRegistrationDelegate.java:191)
	at org.springframework.context.support.AbstractApplicationContext.invokeBeanFactoryPostProcessors(AbstractApplicationContext.java:756)
	at org.springframework.context.support.AbstractApplicationContext.refresh(AbstractApplicationContext.java:572)
	at org.springframework.boot.SpringApplication.refresh(SpringApplication.java:732)
	at org.springframework.boot.SpringApplication.refreshContext(SpringApplication.java:409)
	at org.springframework.boot.SpringApplication.run(SpringApplication.java:308)
	at org.springframework.boot.test.context.SpringBootContextLoader.loadContext(SpringBootContextLoader.java:136)
	at org.springframework.test.context.cache.DefaultCacheAwareContextLoaderDelegate.loadContextInternal(DefaultCacheAwareContextLoaderDelegate.java:141)
	at org.springframework.test.context.cache.DefaultCacheAwareContextLoaderDelegate.loadContext(DefaultCacheAwareContextLoaderDelegate.java:90)
	at org.springframework.test.context.support.DefaultTestContext.getApplicationContext(DefaultTestContext.java:124)
	at org.springframework.test.context.web.ServletTestExecutionListener.setUpRequestContextIfNecessary(ServletTestExecutionListener.java:190)
	at org.springframework.test.context.web.ServletTestExecutionListener.prepareTestInstance(ServletTestExecutionListener.java:132)
	at org.springframework.test.context.TestContextManager.prepareTestInstance(TestContextManager.java:248)
	at org.springframework.test.context.junit.jupiter.SpringExtension.postProcessTestInstance(SpringExtension.java:138)
	at org.junit.jupiter.engine.descriptor.ClassBasedTestDescriptor.lambda$invokeTestInstancePostProcessors$8(ClassBasedTestDescriptor.java:363)
	at org.junit.jupiter.engine.descriptor.ClassBasedTestDescriptor.executeAndMaskThrowable(ClassBasedTestDescriptor.java:368)
	at org.junit.jupiter.engine.descriptor.ClassBasedTestDescriptor.lambda$invokeTestInstancePostProcessors$9(ClassBasedTestDescriptor.java:363)
	at java.base/java.util.stream.ReferencePipeline$3$1.accept(ReferencePipeline.java:214)
	at java.base/java.util.stream.ReferencePipeline$2$1.accept(ReferencePipeline.java:197)
	at java.base/java.util.ArrayList$ArrayListSpliterator.forEachRemaining(ArrayList.java:1716)
	at java.base/java.util.stream.AbstractPipeline.copyInto(AbstractPipeline.java:570)
	at java.base/java.util.stream.AbstractPipeline.wrapAndCopyInto(AbstractPipeline.java:560)
	at java.base/java.util.stream.StreamSpliterators$WrappingSpliterator.forEachRemaining(StreamSpliterators.java:315)
	at java.base/java.util.stream.Streams$ConcatSpliterator.forEachRemaining(Streams.java:735)
	at java.base/java.util.stream.Streams$ConcatSpliterator.forEachRemaining(Streams.java:734)
	at java.base/java.util.stream.ReferencePipeline$Head.forEach(ReferencePipeline.java:803)
	at org.junit.jupiter.engine.descriptor.ClassBasedTestDescriptor.invokeTestInstancePostProcessors(ClassBasedTestDescriptor.java:362)
	at org.junit.jupiter.engine.descriptor.ClassBasedTestDescriptor.lambda$instantiateAndPostProcessTestInstance$6(ClassBasedTestDescriptor.java:283)
	at org.junit.platform.engine.support.hierarchical.ThrowableCollector.execute(ThrowableCollector.java:73)
	at org.junit.jupiter.engine.descriptor.ClassBasedTestDescriptor.instantiateAndPostProcessTestInstance(ClassBasedTestDescriptor.java:282)
	at org.junit.jupiter.engine.descriptor.ClassBasedTestDescriptor.lambda$testInstancesProvider$4(ClassBasedTestDescriptor.java:272)
	at java.base/java.util.Optional.orElseGet(Optional.java:364)
	at org.junit.jupiter.engine.descriptor.ClassBasedTestDescriptor.lambda$testInstancesProvider$5(ClassBasedTestDescriptor.java:271)
	at org.junit.jupiter.engine.execution.TestInstancesProvider.getTestInstances(TestInstancesProvider.java:31)
	at org.junit.jupiter.engine.descriptor.TestMethodTestDescriptor.lambda$prepare$0(TestMethodTestDescriptor.java:102)
	at org.junit.platform.engine.support.hierarchical.ThrowableCollector.execute(ThrowableCollector.java:73)
	at org.junit.jupiter.engine.descriptor.TestMethodTestDescriptor.prepare(TestMethodTestDescriptor.java:101)
	at org.junit.jupiter.engine.descriptor.TestMethodTestDescriptor.prepare(TestMethodTestDescriptor.java:66)
	at org.junit.platform.engine.support.hierarchical.NodeTestTask.lambda$prepare$2(NodeTestTask.java:123)
	at org.junit.platform.engine.support.hierarchical.ThrowableCollector.execute(ThrowableCollector.java:73)
	at org.junit.platform.engine.support.hierarchical.NodeTestTask.prepare(NodeTestTask.java:123)
	at org.junit.platform.engine.support.hierarchical.NodeTestTask.execute(NodeTestTask.java:90)
	at java.base/java.util.ArrayList.forEach(ArrayList.java:1604)
	at org.junit.platform.engine.support.hierarchical.SameThreadHierarchicalTestExecutorService.invokeAll(SameThreadHierarchicalTestExecutorService.java:41)
	at org.junit.platform.engine.support.hierarchical.NodeTestTask.lambda$executeRecursively$6(NodeTestTask.java:155)
	at org.junit.platform.engine.support.hierarchical.ThrowableCollector.execute(ThrowableCollector.java:73)
	at org.junit.platform.engine.support.hierarchical.NodeTestTask.lambda$executeRecursively$8(NodeTestTask.java:141)
	at org.junit.platform.engine.support.hierarchical.Node.around(Node.java:137)
	at org.junit.platform.engine.support.hierarchical.NodeTestTask.lambda$executeRecursively$9(NodeTestTask.java:139)
	at org.junit.platform.engine.support.hierarchical.ThrowableCollector.execute(ThrowableCollector.java:73)
	at org.junit.platform.engine.support.hierarchical.NodeTestTask.executeRecursively(NodeTestTask.java:138)
	at org.junit.platform.engine.support.hierarchical.NodeTestTask.execute(NodeTestTask.java:95)
	at java.base/java.util.ArrayList.forEach(ArrayList.java:1604)
	at org.junit.platform.engine.support.hierarchical.SameThreadHierarchicalTestExecutorService.invokeAll(SameThreadHierarchicalTestExecutorService.java:41)
	at org.junit.platform.engine.support.hierarchical.NodeTestTask.lambda$executeRecursively$6(NodeTestTask.java:155)
	at org.junit.platform.engine.support.hierarchical.ThrowableCollector.execute(ThrowableCollector.java:73)
	at org.junit.platform.engine.support.hierarchical.NodeTestTask.lambda$executeRecursively$8(NodeTestTask.java:141)
	at org.junit.platform.engine.support.hierarchical.Node.around(Node.java:137)
	at org.junit.platform.engine.support.hierarchical.NodeTestTask.lambda$executeRecursively$9(NodeTestTask.java:139)
	at org.junit.platform.engine.support.hierarchical.ThrowableCollector.execute(ThrowableCollector.java:73)
	at org.junit.platform.engine.support.hierarchical.NodeTestTask.executeRecursively(NodeTestTask.java:138)
	at org.junit.platform.engine.support.hierarchical.NodeTestTask.execute(NodeTestTask.java:95)
	at org.junit.platform.engine.support.hierarchical.SameThreadHierarchicalTestExecutorService.submit(SameThreadHierarchicalTestExecutorService.java:35)
	at org.junit.platform.engine.support.hierarchical.HierarchicalTestExecutor.execute(HierarchicalTestExecutor.java:57)
	at org.junit.platform.engine.support.hierarchical.HierarchicalTestEngine.execute(HierarchicalTestEngine.java:54)
	at org.junit.platform.launcher.core.DefaultLauncher.execute(DefaultLauncher.java:220)
	at org.junit.platform.launcher.core.DefaultLauncher.lambda$execute$6(DefaultLauncher.java:188)
	at org.junit.platform.launcher.core.DefaultLauncher.withInterceptedStreams(DefaultLauncher.java:202)
	at org.junit.platform.launcher.core.DefaultLauncher.execute(DefaultLauncher.java:181)
	at org.junit.platform.launcher.core.DefaultLauncher.execute(DefaultLauncher.java:128)
	at org.apache.maven.surefire.junitplatform.JUnitPlatformProvider.invokeAllTests(JUnitPlatformProvider.java:150)
	at org.apache.maven.surefire.junitplatform.JUnitPlatformProvider.invoke(JUnitPlatformProvider.java:124)
	at org.apache.maven.surefire.booter.ForkedBooter.invokeProviderInSameClassLoader(ForkedBooter.java:384)
	at org.apache.maven.surefire.booter.ForkedBooter.runSuitesInProcess(ForkedBooter.java:345)
	at org.apache.maven.surefire.booter.ForkedBooter.execute(ForkedBooter.java:126)
	at org.apache.maven.surefire.booter.ForkedBooter.main(ForkedBooter.java:418)
Caused by: java.lang.ExceptionInInitializerError: Exception java.lang.NoClassDefFoundError: javax/persistence/EntityManagerFactory [in thread "main"]
	at org.springframework.data.jpa.util.BeanDefinitionUtils.<clinit>(BeanDefinitionUtils.java:57)
	... 78 common frames omitted
]]></system-out>
  </testcase>
  <testcase name="testFindByUserId" classname="com.example.LAB5.framework.repository.FunctionRepositoryTest" time="0">
    <error message="Could not initialize class org.springframework.data.jpa.util.BeanDefinitionUtils" type="java.lang.NoClassDefFoundError">java.lang.NoClassDefFoundError: Could not initialize class org.springframework.data.jpa.util.BeanDefinitionUtils
Caused by: java.lang.ExceptionInInitializerError: Exception java.lang.NoClassDefFoundError: javax/persistence/EntityManagerFactory [in thread "main"]
</error>
    <system-out><![CDATA[20:39:10.874 [main] &amp#27;[39mDEBUG&amp#27;[0;39m &amp#27;[36mo.s.t.c.s.TestPropertySourceUtils&amp#27;[0;39m - Adding inlined properties to environment: {spring.jmx.enabled=false, org.springframework.boot.test.context.SpringBootTestContextBootstrapper=true}
20:39:10.885 [main] &amp#27;[39mDEBUG&amp#27;[0;39m &amp#27;[36mo.s.b.w.s.c.ApplicationServletEnvironment&amp#27;[0;39m - Activating profiles []

  .   ____          _            __ _ _
 /\\ / ___'_ __ _ _(_)_ __  __ _ \ \ \ \
( ( )\___ | '_ | '_| | '_ \/ _` | \ \ \ \
 \\/  ___)| |_)| | | | | || (_| |  ) ) ) )
  '  |____| .__|_| |_|_| |_\__, | / / / /
 =========|_|==============|___/=/_/_/_/
 :: Spring Boot ::               (v2.7.18)

20:39:10.892 [main] &amp#27;[34mINFO &amp#27;[0;39m &amp#27;[36mc.e.L.f.r.FunctionRepositoryTest&amp#27;[0;39m - Starting FunctionRepositoryTest using Java 25 on WIN-3P73ASE80P5 with PID 572 (started by user in C:\Users\user\Desktop\oopLabsTogether\LAB5)
20:39:10.893 [main] &amp#27;[39mDEBUG&amp#27;[0;39m &amp#27;[36mc.e.L.f.r.FunctionRepositoryTest&amp#27;[0;39m - Running with Spring Boot v2.7.18, Spring v5.3.31
20:39:10.893 [main] &amp#27;[34mINFO &amp#27;[0;39m &amp#27;[36mc.e.L.f.r.FunctionRepositoryTest&amp#27;[0;39m - No active profile set, falling back to 1 default profile: "default"
20:39:10.893 [main] &amp#27;[39mDEBUG&amp#27;[0;39m &amp#27;[36mo.s.boot.SpringApplication&amp#27;[0;39m - Loading source class com.example.LAB5.LAB5Application
20:39:10.895 [main] &amp#27;[39mDEBUG&amp#27;[0;39m &amp#27;[36mo.s.w.c.s.GenericWebApplicationContext&amp#27;[0;39m - Refreshing org.springframework.web.context.support.GenericWebApplicationContext@2dfb885e
20:39:10.896 [main] &amp#27;[39mDEBUG&amp#27;[0;39m &amp#27;[36mo.s.b.f.s.DefaultListableBeanFactory&amp#27;[0;39m - Creating shared instance of singleton bean 'org.springframework.context.annotation.internalConfigurationAnnotationProcessor'
20:39:10.896 [main] &amp#27;[39mDEBUG&amp#27;[0;39m &amp#27;[36mo.s.b.f.s.DefaultListableBeanFactory&amp#27;[0;39m - Creating shared instance of singleton bean 'org.springframework.boot.autoconfigure.internalCachingMetadataReaderFactory'
20:39:10.919 [main] &amp#27;[39mDEBUG&amp#27;[0;39m &amp#27;[36mo.s.c.a.ClassPathBeanDefinitionScanner&amp#27;[0;39m - Identified candidate component class: file [C:\Users\user\Desktop\oopLabsTogether\LAB5\target\classes\com\example\LAB5\comparsion\service\PerformanceComparisonService.class]
20:39:10.922 [main] &amp#27;[39mDEBUG&amp#27;[0;39m &amp#27;[36mo.s.c.a.ClassPathBeanDefinitionScanner&amp#27;[0;39m - Identified candidate component class: file [C:\Users\user\Desktop\oopLabsTogether\LAB5\target\classes\com\example\LAB5\framework\Search\FrameworkSearchService.class]
20:39:10.923 [main] &amp#27;[39mDEBUG&amp#27;[0;39m &amp#27;[36mo.s.c.a.ClassPathBeanDefinitionScanner&amp#27;[0;39m - Ignored because not a concrete top-level class: file [C:\Users\user\Desktop\oopLabsTogether\LAB5\target\classes\com\example\LAB5\framework\repository\FunctionRepository.class]
20:39:10.924 [main] &amp#27;[39mDEBUG&amp#27;[0;39m &amp#27;[36mo.s.c.a.ClassPathBeanDefinitionScanner&amp#27;[0;39m - Ignored because not a concrete top-level class: file [C:\Users\user\Desktop\oopLabsTogether\LAB5\target\classes\com\example\LAB5\framework\repository\PointRepository.class]
20:39:10.925 [main] &amp#27;[39mDEBUG&amp#27;[0;39m &amp#27;[36mo.s.c.a.ClassPathBeanDefinitionScanner&amp#27;[0;39m - Ignored because not a concrete top-level class: file [C:\Users\user\Desktop\oopLabsTogether\LAB5\target\classes\com\example\LAB5\framework\repository\UserRepository.class]
20:39:10.925 [main] &amp#27;[39mDEBUG&amp#27;[0;39m &amp#27;[36mo.s.c.a.ClassPathBeanDefinitionScanner&amp#27;[0;39m - Identified candidate component class: file [C:\Users\user\Desktop\oopLabsTogether\LAB5\target\classes\com\example\LAB5\framework\service\FrameworkPerformanceComparisonService.class]
20:39:10.926 [main] &amp#27;[39mDEBUG&amp#27;[0;39m &amp#27;[36mo.s.c.a.ClassPathBeanDefinitionScanner&amp#27;[0;39m - Identified candidate component class: file [C:\Users\user\Desktop\oopLabsTogether\LAB5\target\classes\com\example\LAB5\framework\service\FunctionService.class]
20:39:10.927 [main] &amp#27;[39mDEBUG&amp#27;[0;39m &amp#27;[36mo.s.c.a.ClassPathBeanDefinitionScanner&amp#27;[0;39m - Identified candidate component class: file [C:\Users\user\Desktop\oopLabsTogether\LAB5\target\classes\com\example\LAB5\framework\service\PointService.class]
20:39:10.928 [main] &amp#27;[39mDEBUG&amp#27;[0;39m &amp#27;[36mo.s.c.a.ClassPathBeanDefinitionScanner&amp#27;[0;39m - Identified candidate component class: file [C:\Users\user\Desktop\oopLabsTogether\LAB5\target\classes\com\example\LAB5\framework\service\UserService.class]
20:39:10.930 [main] &amp#27;[39mDEBUG&amp#27;[0;39m &amp#27;[36mo.s.c.a.ClassPathBeanDefinitionScanner&amp#27;[0;39m - Identified candidate component class: file [C:\Users\user\Desktop\oopLabsTogether\LAB5\target\classes\com\example\LAB5\manual\service\DTOTransformationService.class]
20:39:10.931 [main] &amp#27;[39mDEBUG&amp#27;[0;39m &amp#27;[36mo.s.c.a.ClassPathBeanDefinitionScanner&amp#27;[0;39m - Identified candidate component class: file [C:\Users\user\Desktop\oopLabsTogether\LAB5\target\classes\com\example\LAB5\manual\service\ManualJdbcService.class]
20:39:11.002 [main] &amp#27;[34mINFO &amp#27;[0;39m &amp#27;[36mo.s.d.r.c.RepositoryConfigurationDelegate&amp#27;[0;39m - Bootstrapping Spring Data JPA repositories in DEFAULT mode.
20:39:11.003 [main] &amp#27;[39mDEBUG&amp#27;[0;39m &amp#27;[36mo.s.d.r.c.RepositoryConfigurationDelegate&amp#27;[0;39m - Scanning for JPA repositories in packages com.example.LAB5.framework.repository.
20:39:11.004 [main] &amp#27;[39mDEBUG&amp#27;[0;39m &amp#27;[36mo.s.d.r.c.RepositoryComponentProvider&amp#27;[0;39m - Identified candidate component class: file [C:\Users\user\Desktop\oopLabsTogether\LAB5\target\classes\com\example\LAB5\framework\repository\FunctionRepository.class]
20:39:11.005 [main] &amp#27;[39mDEBUG&amp#27;[0;39m &amp#27;[36mo.s.d.r.c.RepositoryComponentProvider&amp#27;[0;39m - Identified candidate component class: file [C:\Users\user\Desktop\oopLabsTogether\LAB5\target\classes\com\example\LAB5\framework\repository\PointRepository.class]
20:39:11.005 [main] &amp#27;[39mDEBUG&amp#27;[0;39m &amp#27;[36mo.s.d.r.c.RepositoryComponentProvider&amp#27;[0;39m - Identified candidate component class: file [C:\Users\user\Desktop\oopLabsTogether\LAB5\target\classes\com\example\LAB5\framework\repository\UserRepository.class]
20:39:11.009 [main] &amp#27;[34mINFO &amp#27;[0;39m &amp#27;[36mo.s.d.r.c.RepositoryConfigurationDelegate&amp#27;[0;39m - Finished Spring Data repository scanning in 5 ms. Found 3 JPA repository interfaces.
20:39:11.035 [main] &amp#27;[39mDEBUG&amp#27;[0;39m &amp#27;[36mo.s.c.a.ConfigurationClassUtils&amp#27;[0;39m - Failed to introspect @Bean methods on class [org.springframework.data.jpa.repository.support.DefaultJpaContext]: java.lang.IllegalStateException: Failed to introspect annotated methods on class org.springframework.data.jpa.repository.support.DefaultJpaContext
20:39:11.038 [main] &amp#27;[39mDEBUG&amp#27;[0;39m &amp#27;[36mo.s.b.f.s.DefaultListableBeanFactory&amp#27;[0;39m - Creating shared instance of singleton bean 'propertySourcesPlaceholderConfigurer'
20:39:11.039 [main] &amp#27;[39mDEBUG&amp#27;[0;39m &amp#27;[36mo.s.b.f.s.DefaultListableBeanFactory&amp#27;[0;39m - Creating shared instance of singleton bean 'org.springframework.boot.test.mock.mockito.MockitoPostProcessor'
20:39:11.040 [main] &amp#27;[39mDEBUG&amp#27;[0;39m &amp#27;[36mo.s.b.f.s.DefaultListableBeanFactory&amp#27;[0;39m - Creating shared instance of singleton bean 'emBeanDefinitionRegistrarPostProcessor'
20:39:11.040 [main] &amp#27;[39mDEBUG&amp#27;[0;39m &amp#27;[36mo.s.b.f.s.DefaultListableBeanFactory&amp#27;[0;39m - Creating shared instance of singleton bean 'org.springframework.boot.sql.init.dependency.DatabaseInitializationDependencyConfigurer$DependsOnDatabaseInitializationPostProcessor'
20:39:11.042 [main] &amp#27;[1;31mERROR&amp#27;[0;39m &amp#27;[36mo.s.boot.SpringApplication&amp#27;[0;39m - Application run failed
java.lang.NoClassDefFoundError: Could not initialize class org.springframework.data.jpa.util.BeanDefinitionUtils
	at org.springframework.data.jpa.repository.support.EntityManagerBeanDefinitionRegistrarPostProcessor.postProcessBeanFactory(EntityManagerBeanDefinitionRegistrarPostProcessor.java:72)
	at org.springframework.context.support.PostProcessorRegistrationDelegate.invokeBeanFactoryPostProcessors(PostProcessorRegistrationDelegate.java:325)
	at org.springframework.context.support.PostProcessorRegistrationDelegate.invokeBeanFactoryPostProcessors(PostProcessorRegistrationDelegate.java:191)
	at org.springframework.context.support.AbstractApplicationContext.invokeBeanFactoryPostProcessors(AbstractApplicationContext.java:756)
	at org.springframework.context.support.AbstractApplicationContext.refresh(AbstractApplicationContext.java:572)
	at org.springframework.boot.SpringApplication.refresh(SpringApplication.java:732)
	at org.springframework.boot.SpringApplication.refreshContext(SpringApplication.java:409)
	at org.springframework.boot.SpringApplication.run(SpringApplication.java:308)
	at org.springframework.boot.test.context.SpringBootContextLoader.loadContext(SpringBootContextLoader.java:136)
	at org.springframework.test.context.cache.DefaultCacheAwareContextLoaderDelegate.loadContextInternal(DefaultCacheAwareContextLoaderDelegate.java:141)
	at org.springframework.test.context.cache.DefaultCacheAwareContextLoaderDelegate.loadContext(DefaultCacheAwareContextLoaderDelegate.java:90)
	at org.springframework.test.context.support.DefaultTestContext.getApplicationContext(DefaultTestContext.java:124)
	at org.springframework.test.context.web.ServletTestExecutionListener.setUpRequestContextIfNecessary(ServletTestExecutionListener.java:190)
	at org.springframework.test.context.web.ServletTestExecutionListener.prepareTestInstance(ServletTestExecutionListener.java:132)
	at org.springframework.test.context.TestContextManager.prepareTestInstance(TestContextManager.java:248)
	at org.springframework.test.context.junit.jupiter.SpringExtension.postProcessTestInstance(SpringExtension.java:138)
	at org.junit.jupiter.engine.descriptor.ClassBasedTestDescriptor.lambda$invokeTestInstancePostProcessors$8(ClassBasedTestDescriptor.java:363)
	at org.junit.jupiter.engine.descriptor.ClassBasedTestDescriptor.executeAndMaskThrowable(ClassBasedTestDescriptor.java:368)
	at org.junit.jupiter.engine.descriptor.ClassBasedTestDescriptor.lambda$invokeTestInstancePostProcessors$9(ClassBasedTestDescriptor.java:363)
	at java.base/java.util.stream.ReferencePipeline$3$1.accept(ReferencePipeline.java:214)
	at java.base/java.util.stream.ReferencePipeline$2$1.accept(ReferencePipeline.java:197)
	at java.base/java.util.ArrayList$ArrayListSpliterator.forEachRemaining(ArrayList.java:1716)
	at java.base/java.util.stream.AbstractPipeline.copyInto(AbstractPipeline.java:570)
	at java.base/java.util.stream.AbstractPipeline.wrapAndCopyInto(AbstractPipeline.java:560)
	at java.base/java.util.stream.StreamSpliterators$WrappingSpliterator.forEachRemaining(StreamSpliterators.java:315)
	at java.base/java.util.stream.Streams$ConcatSpliterator.forEachRemaining(Streams.java:735)
	at java.base/java.util.stream.Streams$ConcatSpliterator.forEachRemaining(Streams.java:734)
	at java.base/java.util.stream.ReferencePipeline$Head.forEach(ReferencePipeline.java:803)
	at org.junit.jupiter.engine.descriptor.ClassBasedTestDescriptor.invokeTestInstancePostProcessors(ClassBasedTestDescriptor.java:362)
	at org.junit.jupiter.engine.descriptor.ClassBasedTestDescriptor.lambda$instantiateAndPostProcessTestInstance$6(ClassBasedTestDescriptor.java:283)
	at org.junit.platform.engine.support.hierarchical.ThrowableCollector.execute(ThrowableCollector.java:73)
	at org.junit.jupiter.engine.descriptor.ClassBasedTestDescriptor.instantiateAndPostProcessTestInstance(ClassBasedTestDescriptor.java:282)
	at org.junit.jupiter.engine.descriptor.ClassBasedTestDescriptor.lambda$testInstancesProvider$4(ClassBasedTestDescriptor.java:272)
	at java.base/java.util.Optional.orElseGet(Optional.java:364)
	at org.junit.jupiter.engine.descriptor.ClassBasedTestDescriptor.lambda$testInstancesProvider$5(ClassBasedTestDescriptor.java:271)
	at org.junit.jupiter.engine.execution.TestInstancesProvider.getTestInstances(TestInstancesProvider.java:31)
	at org.junit.jupiter.engine.descriptor.TestMethodTestDescriptor.lambda$prepare$0(TestMethodTestDescriptor.java:102)
	at org.junit.platform.engine.support.hierarchical.ThrowableCollector.execute(ThrowableCollector.java:73)
	at org.junit.jupiter.engine.descriptor.TestMethodTestDescriptor.prepare(TestMethodTestDescriptor.java:101)
	at org.junit.jupiter.engine.descriptor.TestMethodTestDescriptor.prepare(TestMethodTestDescriptor.java:66)
	at org.junit.platform.engine.support.hierarchical.NodeTestTask.lambda$prepare$2(NodeTestTask.java:123)
[...]
20:39:13.078 [main] &amp#27;[39mDEBUG&amp#27;[0;39m &amp#27;[36mo.s.c.a.ConfigurationClassUtils&amp#27;[0;39m - Failed to introspect @Bean methods on class [org.springframework.data.jpa.repository.support.DefaultJpaContext]: java.lang.IllegalStateException: Failed to introspect annotated methods on class org.springframework.data.jpa.repository.support.DefaultJpaContext
20:39:13.080 [main] &amp#27;[39mDEBUG&amp#27;[0;39m &amp#27;[36mo.s.b.f.s.DefaultListableBeanFactory&amp#27;[0;39m - Creating shared instance of singleton bean 'propertySourcesPlaceholderConfigurer'
20:39:13.080 [main] &amp#27;[39mDEBUG&amp#27;[0;39m &amp#27;[36mo.s.b.f.s.DefaultListableBeanFactory&amp#27;[0;39m - Creating shared instance of singleton bean 'org.springframework.boot.test.mock.mockito.MockitoPostProcessor'
20:39:13.082 [main] &amp#27;[39mDEBUG&amp#27;[0;39m &amp#27;[36mo.s.b.f.s.DefaultListableBeanFactory&amp#27;[0;39m - Creating shared instance of singleton bean 'emBeanDefinitionRegistrarPostProcessor'
20:39:13.082 [main] &amp#27;[39mDEBUG&amp#27;[0;39m &amp#27;[36mo.s.b.f.s.DefaultListableBeanFactory&amp#27;[0;39m - Creating shared instance of singleton bean 'org.springframework.boot.sql.init.dependency.DatabaseInitializationDependencyConfigurer$DependsOnDatabaseInitializationPostProcessor'
20:39:13.083 [main] &amp#27;[1;31mERROR&amp#27;[0;39m &amp#27;[36mo.s.boot.SpringApplication&amp#27;[0;39m - Application run failed
java.lang.NoClassDefFoundError: Could not initialize class org.springframework.data.jpa.util.BeanDefinitionUtils
	at org.springframework.data.jpa.repository.support.EntityManagerBeanDefinitionRegistrarPostProcessor.postProcessBeanFactory(EntityManagerBeanDefinitionRegistrarPostProcessor.java:72)
	at org.springframework.context.support.PostProcessorRegistrationDelegate.invokeBeanFactoryPostProcessors(PostProcessorRegistrationDelegate.java:325)
	at org.springframework.context.support.PostProcessorRegistrationDelegate.invokeBeanFactoryPostProcessors(PostProcessorRegistrationDelegate.java:191)
	at org.springframework.context.support.AbstractApplicationContext.invokeBeanFactoryPostProcessors(AbstractApplicationContext.java:756)
	at org.springframework.context.support.AbstractApplicationContext.refresh(AbstractApplicationContext.java:572)
	at org.springframework.boot.SpringApplication.refresh(SpringApplication.java:732)
	at org.springframework.boot.SpringApplication.refreshContext(SpringApplication.java:409)
	at org.springframework.boot.SpringApplication.run(SpringApplication.java:308)
	at org.springframework.boot.test.context.SpringBootContextLoader.loadContext(SpringBootContextLoader.java:136)
	at org.springframework.test.context.cache.DefaultCacheAwareContextLoaderDelegate.loadContextInternal(DefaultCacheAwareContextLoaderDelegate.java:141)
	at org.springframework.test.context.cache.DefaultCacheAwareContextLoaderDelegate.loadContext(DefaultCacheAwareContextLoaderDelegate.java:90)
	at org.springframework.test.context.support.DefaultTestContext.getApplicationContext(DefaultTestContext.java:124)
	at org.springframework.test.context.web.ServletTestExecutionListener.setUpRequestContextIfNecessary(ServletTestExecutionListener.java:190)
	at org.springframework.test.context.web.ServletTestExecutionListener.prepareTestInstance(ServletTestExecutionListener.java:132)
	at org.springframework.test.context.TestContextManager.prepareTestInstance(TestContextManager.java:248)
	at org.springframework.test.context.junit.jupiter.SpringExtension.postProcessTestInstance(SpringExtension.java:138)
	at org.junit.jupiter.engine.descriptor.ClassBasedTestDescriptor.lambda$invokeTestInstancePostProcessors$8(ClassBasedTestDescriptor.java:363)
	at org.junit.jupiter.engine.descriptor.ClassBasedTestDescriptor.executeAndMaskThrowable(ClassBasedTestDescriptor.java:368)
	at org.junit.jupiter.engine.descriptor.ClassBasedTestDescriptor.lambda$invokeTestInstancePostProcessors$9(ClassBasedTestDescriptor.java:363)
	at java.base/java.util.stream.ReferencePipeline$3$1.accept(ReferencePipeline.java:214)
	at java.base/java.util.stream.ReferencePipeline$2$1.accept(ReferencePipeline.java:197)
	at java.base/java.util.ArrayList$ArrayListSpliterator.forEachRemaining(ArrayList.java:1716)
	at java.base/java.util.stream.AbstractPipeline.copyInto(AbstractPipeline.java:570)
	at java.base/java.util.stream.AbstractPipeline.wrapAndCopyInto(AbstractPipeline.java:560)
	at java.base/java.util.stream.StreamSpliterators$WrappingSpliterator.forEachRemaining(StreamSpliterators.java:315)
	at java.base/java.util.stream.Streams$ConcatSpliterator.forEachRemaining(Streams.java:735)
	at java.base/java.util.stream.Streams$ConcatSpliterator.forEachRemaining(Streams.java:734)
	at java.base/java.util.stream.ReferencePipeline$Head.forEach(ReferencePipeline.java:803)
	at org.junit.jupiter.engine.descriptor.ClassBasedTestDescriptor.invokeTestInstancePostProcessors(ClassBasedTestDescriptor.java:362)
	at org.junit.jupiter.engine.descriptor.ClassBasedTestDescriptor.lambda$instantiateAndPostProcessTestInstance$6(ClassBasedTestDescriptor.java:283)
	at org.junit.platform.engine.support.hierarchical.ThrowableCollector.execute(ThrowableCollector.java:73)
	at org.junit.jupiter.engine.descriptor.ClassBasedTestDescriptor.instantiateAndPostProcessTestInstance(ClassBasedTestDescriptor.java:282)
	at org.junit.jupiter.engine.descriptor.ClassBasedTestDescriptor.lambda$testInstancesProvider$4(ClassBasedTestDescriptor.java:272)
	at java.base/java.util.Optional.orElseGet(Optional.java:364)
	at org.junit.jupiter.engine.descriptor.ClassBasedTestDescriptor.lambda$testInstancesProvider$5(ClassBasedTestDescriptor.java:271)
	at org.junit.jupiter.engine.execution.TestInstancesProvider.getTestInstances(TestInstancesProvider.java:31)
	at org.junit.jupiter.engine.descriptor.TestMethodTestDescriptor.lambda$prepare$0(TestMethodTestDescriptor.java:102)
	at org.junit.platform.engine.support.hierarchical.ThrowableCollector.execute(ThrowableCollector.java:73)
	at org.junit.jupiter.engine.descriptor.TestMethodTestDescriptor.prepare(TestMethodTestDescriptor.java:101)
	at org.junit.jupiter.engine.descriptor.TestMethodTestDescriptor.prepare(TestMethodTestDescriptor.java:66)
	at org.junit.platform.engine.support.hierarchical.NodeTestTask.lambda$prepare$2(NodeTestTask.java:123)
	at org.junit.platform.engine.support.hierarchical.ThrowableCollector.execute(ThrowableCollector.java:73)
	at org.junit.platform.engine.support.hierarchical.NodeTestTask.prepare(NodeTestTask.java:123)
	at org.junit.platform.engine.support.hierarchical.NodeTestTask.execute(NodeTestTask.java:90)
	at java.base/java.util.ArrayList.forEach(ArrayList.java:1604)
	at org.junit.platform.engine.support.hierarchical.SameThreadHierarchicalTestExecutorService.invokeAll(SameThreadHierarchicalTestExecutorService.java:41)
	at org.junit.platform.engine.support.hierarchical.NodeTestTask.lambda$executeRecursively$6(NodeTestTask.java:155)
	at org.junit.platform.engine.support.hierarchical.ThrowableCollector.execute(ThrowableCollector.java:73)
	at org.junit.platform.engine.support.hierarchical.NodeTestTask.lambda$executeRecursively$8(NodeTestTask.java:141)
	at org.junit.platform.engine.support.hierarchical.Node.around(Node.java:137)
	at org.junit.platform.engine.support.hierarchical.NodeTestTask.lambda$executeRecursively$9(NodeTestTask.java:139)
	at org.junit.platform.engine.support.hierarchical.ThrowableCollector.execute(ThrowableCollector.java:73)
	at org.junit.platform.engine.support.hierarchical.NodeTestTask.executeRecursively(NodeTestTask.java:138)
	at org.junit.platform.engine.support.hierarchical.NodeTestTask.execute(NodeTestTask.java:95)
	at java.base/java.util.ArrayList.forEach(ArrayList.java:1604)
	at org.junit.platform.engine.support.hierarchical.SameThreadHierarchicalTestExecutorService.invokeAll(SameThreadHierarchicalTestExecutorService.java:41)
	at org.junit.platform.engine.support.hierarchical.NodeTestTask.lambda$executeRecursively$6(NodeTestTask.java:155)
	at org.junit.platform.engine.support.hierarchical.ThrowableCollector.execute(ThrowableCollector.java:73)
	at org.junit.platform.engine.support.hierarchical.NodeTestTask.lambda$executeRecursively$8(NodeTestTask.java:141)
	at org.junit.platform.engine.support.hierarchical.Node.around(Node.java:137)
	at org.junit.platform.engine.support.hierarchical.NodeTestTask.lambda$executeRecursively$9(NodeTestTask.java:139)
	at org.junit.platform.engine.support.hierarchical.ThrowableCollector.execute(ThrowableCollector.java:73)
	at org.junit.platform.engine.support.hierarchical.NodeTestTask.executeRecursively(NodeTestTask.java:138)
	at org.junit.platform.engine.support.hierarchical.NodeTestTask.execute(NodeTestTask.java:95)
	at org.junit.platform.engine.support.hierarchical.SameThreadHierarchicalTestExecutorService.submit(SameThreadHierarchicalTestExecutorService.java:35)
	at org.junit.platform.engine.support.hierarchical.HierarchicalTestExecutor.execute(HierarchicalTestExecutor.java:57)
	at org.junit.platform.engine.support.hierarchical.HierarchicalTestEngine.execute(HierarchicalTestEngine.java:54)
	at org.junit.platform.launcher.core.DefaultLauncher.execute(DefaultLauncher.java:220)
	at org.junit.platform.launcher.core.DefaultLauncher.lambda$execute$6(DefaultLauncher.java:188)
	at org.junit.platform.launcher.core.DefaultLauncher.withInterceptedStreams(DefaultLauncher.java:202)
	at org.junit.platform.launcher.core.DefaultLauncher.execute(DefaultLauncher.java:181)
	at org.junit.platform.launcher.core.DefaultLauncher.execute(DefaultLauncher.java:128)
	at org.apache.maven.surefire.junitplatform.JUnitPlatformProvider.invokeAllTests(JUnitPlatformProvider.java:150)
	at org.apache.maven.surefire.junitplatform.JUnitPlatformProvider.invoke(JUnitPlatformProvider.java:124)
	at org.apache.maven.surefire.booter.ForkedBooter.invokeProviderInSameClassLoader(ForkedBooter.java:384)
	at org.apache.maven.surefire.booter.ForkedBooter.runSuitesInProcess(ForkedBooter.java:345)
	at org.apache.maven.surefire.booter.ForkedBooter.execute(ForkedBooter.java:126)
	at org.apache.maven.surefire.booter.ForkedBooter.main(ForkedBooter.java:418)
Caused by: java.lang.ExceptionInInitializerError: Exception java.lang.NoClassDefFoundError: javax/persistence/EntityManagerFactory [in thread "main"]
	at org.springframework.data.jpa.util.BeanDefinitionUtils.<clinit>(BeanDefinitionUtils.java:57)
	... 78 common frames omitted
20:39:13.084 [main] &amp#27;[39mDEBUG&amp#27;[0;39m &amp#27;[36mo.s.w.c.s.GenericWebApplicationContext&amp#27;[0;39m - Closing org.springframework.web.context.support.GenericWebApplicationContext@52eca410, started on Sun Dec 07 20:39:13 GMT+04:00 2025
20:39:13.084 [main] &amp#27;[1;31mERROR&amp#27;[0;39m &amp#27;[36mo.s.test.context.TestContextManager&amp#27;[0;39m - Caught exception while allowing TestExecutionListener [org.springframework.test.context.web.ServletTestExecutionListener@2611b9a3] to prepare test instance [com.example.LAB5.framework.repository.FunctionRepositoryTest@65d6640]
java.lang.NoClassDefFoundError: Could not initialize class org.springframework.data.jpa.util.BeanDefinitionUtils
	at org.springframework.data.jpa.repository.support.EntityManagerBeanDefinitionRegistrarPostProcessor.postProcessBeanFactory(EntityManagerBeanDefinitionRegistrarPostProcessor.java:72)
	at org.springframework.context.support.PostProcessorRegistrationDelegate.invokeBeanFactoryPostProcessors(PostProcessorRegistrationDelegate.java:325)
	at org.springframework.context.support.PostProcessorRegistrationDelegate.invokeBeanFactoryPostProcessors(PostProcessorRegistrationDelegate.java:191)
	at org.springframework.context.support.AbstractApplicationContext.invokeBeanFactoryPostProcessors(AbstractApplicationContext.java:756)
	at org.springframework.context.support.AbstractApplicationContext.refresh(AbstractApplicationContext.java:572)
	at org.springframework.boot.SpringApplication.refresh(SpringApplication.java:732)
	at org.springframework.boot.SpringApplication.refreshContext(SpringApplication.java:409)
	at org.springframework.boot.SpringApplication.run(SpringApplication.java:308)
	at org.springframework.boot.test.context.SpringBootContextLoader.loadContext(SpringBootContextLoader.java:136)
	at org.springframework.test.context.cache.DefaultCacheAwareContextLoaderDelegate.loadContextInternal(DefaultCacheAwareContextLoaderDelegate.java:141)
	at org.springframework.test.context.cache.DefaultCacheAwareContextLoaderDelegate.loadContext(DefaultCacheAwareContextLoaderDelegate.java:90)
	at org.springframework.test.context.support.DefaultTestContext.getApplicationContext(DefaultTestContext.java:124)
	at org.springframework.test.context.web.ServletTestExecutionListener.setUpRequestContextIfNecessary(ServletTestExecutionListener.java:190)
	at org.springframework.test.context.web.ServletTestExecutionListener.prepareTestInstance(ServletTestExecutionListener.java:132)
	at org.springframework.test.context.TestContextManager.prepareTestInstance(TestContextManager.java:248)
	at org.springframework.test.context.junit.jupiter.SpringExtension.postProcessTestInstance(SpringExtension.java:138)
	at org.junit.jupiter.engine.descriptor.ClassBasedTestDescriptor.lambda$invokeTestInstancePostProcessors$8(ClassBasedTestDescriptor.java:363)
	at org.junit.jupiter.engine.descriptor.ClassBasedTestDescriptor.executeAndMaskThrowable(ClassBasedTestDescriptor.java:368)
	at org.junit.jupiter.engine.descriptor.ClassBasedTestDescriptor.lambda$invokeTestInstancePostProcessors$9(ClassBasedTestDescriptor.java:363)
	at java.base/java.util.stream.ReferencePipeline$3$1.accept(ReferencePipeline.java:214)
	at java.base/java.util.stream.ReferencePipeline$2$1.accept(ReferencePipeline.java:197)
	at java.base/java.util.ArrayList$ArrayListSpliterator.forEachRemaining(ArrayList.java:1716)
	at java.base/java.util.stream.AbstractPipeline.copyInto(AbstractPipeline.java:570)
	at java.base/java.util.stream.AbstractPipeline.wrapAndCopyInto(AbstractPipeline.java:560)
	at java.base/java.util.stream.StreamSpliterators$WrappingSpliterator.forEachRemaining(StreamSpliterators.java:315)
	at java.base/java.util.stream.Streams$ConcatSpliterator.forEachRemaining(Streams.java:735)
	at java.base/java.util.stream.Streams$ConcatSpliterator.forEachRemaining(Streams.java:734)
	at java.base/java.util.stream.ReferencePipeline$Head.forEach(ReferencePipeline.java:803)
	at org.junit.jupiter.engine.descriptor.ClassBasedTestDescriptor.invokeTestInstancePostProcessors(ClassBasedTestDescriptor.java:362)
	at org.junit.jupiter.engine.descriptor.ClassBasedTestDescriptor.lambda$instantiateAndPostProcessTestInstance$6(ClassBasedTestDescriptor.java:283)
	at org.junit.platform.engine.support.hierarchical.ThrowableCollector.execute(ThrowableCollector.java:73)
	at org.junit.jupiter.engine.descriptor.ClassBasedTestDescriptor.instantiateAndPostProcessTestInstance(ClassBasedTestDescriptor.java:282)
	at org.junit.jupiter.engine.descriptor.ClassBasedTestDescriptor.lambda$testInstancesProvider$4(ClassBasedTestDescriptor.java:272)
	at java.base/java.util.Optional.orElseGet(Optional.java:364)
	at org.junit.jupiter.engine.descriptor.ClassBasedTestDescriptor.lambda$testInstancesProvider$5(ClassBasedTestDescriptor.java:271)
	at org.junit.jupiter.engine.execution.TestInstancesProvider.getTestInstances(TestInstancesProvider.java:31)
	at org.junit.jupiter.engine.descriptor.TestMethodTestDescriptor.lambda$prepare$0(TestMethodTestDescriptor.java:102)
	at org.junit.platform.engine.support.hierarchical.ThrowableCollector.execute(ThrowableCollector.java:73)
	at org.junit.jupiter.engine.descriptor.TestMethodTestDescriptor.prepare(TestMethodTestDescriptor.java:101)
	at org.junit.jupiter.engine.descriptor.TestMethodTestDescriptor.prepare(TestMethodTestDescriptor.java:66)
	at org.junit.platform.engine.support.hierarchical.NodeTestTask.lambda$prepare$2(NodeTestTask.java:123)
	at org.junit.platform.engine.support.hierarchical.ThrowableCollector.execute(ThrowableCollector.java:73)
	at org.junit.platform.engine.support.hierarchical.NodeTestTask.prepare(NodeTestTask.java:123)
	at org.junit.platform.engine.support.hierarchical.NodeTestTask.execute(NodeTestTask.java:90)
	at java.base/java.util.ArrayList.forEach(ArrayList.java:1604)
	at org.junit.platform.engine.support.hierarchical.SameThreadHierarchicalTestExecutorService.invokeAll(SameThreadHierarchicalTestExecutorService.java:41)
	at org.junit.platform.engine.support.hierarchical.NodeTestTask.lambda$executeRecursively$6(NodeTestTask.java:155)
	at org.junit.platform.engine.support.hierarchical.ThrowableCollector.execute(ThrowableCollector.java:73)
	at org.junit.platform.engine.support.hierarchical.NodeTestTask.lambda$executeRecursively$8(NodeTestTask.java:141)
	at org.junit.platform.engine.support.hierarchical.Node.around(Node.java:137)
	at org.junit.platform.engine.support.hierarchical.NodeTestTask.lambda$executeRecursively$9(NodeTestTask.java:139)
	at org.junit.platform.engine.support.hierarchical.ThrowableCollector.execute(ThrowableCollector.java:73)
	at org.junit.platform.engine.support.hierarchical.NodeTestTask.executeRecursively(NodeTestTask.java:138)
	at org.junit.platform.engine.support.hierarchical.NodeTestTask.execute(NodeTestTask.java:95)
	at java.base/java.util.ArrayList.forEach(ArrayList.java:1604)
	at org.junit.platform.engine.support.hierarchical.SameThreadHierarchicalTestExecutorService.invokeAll(SameThreadHierarchicalTestExecutorService.java:41)
	at org.junit.platform.engine.support.hierarchical.NodeTestTask.lambda$executeRecursively$6(NodeTestTask.java:155)
	at org.junit.platform.engine.support.hierarchical.ThrowableCollector.execute(ThrowableCollector.java:73)
	at org.junit.platform.engine.support.hierarchical.NodeTestTask.lambda$executeRecursively$8(NodeTestTask.java:141)
	at org.junit.platform.engine.support.hierarchical.Node.around(Node.java:137)
	at org.junit.platform.engine.support.hierarchical.NodeTestTask.lambda$executeRecursively$9(NodeTestTask.java:139)
	at org.junit.platform.engine.support.hierarchical.ThrowableCollector.execute(ThrowableCollector.java:73)
	at org.junit.platform.engine.support.hierarchical.NodeTestTask.executeRecursively(NodeTestTask.java:138)
	at org.junit.platform.engine.support.hierarchical.NodeTestTask.execute(NodeTestTask.java:95)
	at org.junit.platform.engine.support.hierarchical.SameThreadHierarchicalTestExecutorService.submit(SameThreadHierarchicalTestExecutorService.java:35)
	at org.junit.platform.engine.support.hierarchical.HierarchicalTestExecutor.execute(HierarchicalTestExecutor.java:57)
	at org.junit.platform.engine.support.hierarchical.HierarchicalTestEngine.execute(HierarchicalTestEngine.java:54)
	at org.junit.platform.launcher.core.DefaultLauncher.execute(DefaultLauncher.java:220)
	at org.junit.platform.launcher.core.DefaultLauncher.lambda$execute$6(DefaultLauncher.java:188)
	at org.junit.platform.launcher.core.DefaultLauncher.withInterceptedStreams(DefaultLauncher.java:202)
	at org.junit.platform.launcher.core.DefaultLauncher.execute(DefaultLauncher.java:181)
	at org.junit.platform.launcher.core.DefaultLauncher.execute(DefaultLauncher.java:128)
	at org.apache.maven.surefire.junitplatform.JUnitPlatformProvider.invokeAllTests(JUnitPlatformProvider.java:150)
	at org.apache.maven.surefire.junitplatform.JUnitPlatformProvider.invoke(JUnitPlatformProvider.java:124)
	at org.apache.maven.surefire.booter.ForkedBooter.invokeProviderInSameClassLoader(ForkedBooter.java:384)
	at org.apache.maven.surefire.booter.ForkedBooter.runSuitesInProcess(ForkedBooter.java:345)
	at org.apache.maven.surefire.booter.ForkedBooter.execute(ForkedBooter.java:126)
	at org.apache.maven.surefire.booter.ForkedBooter.main(ForkedBooter.java:418)
Caused by: java.lang.ExceptionInInitializerError: Exception java.lang.NoClassDefFoundError: javax/persistence/EntityManagerFactory [in thread "main"]
	at org.springframework.data.jpa.util.BeanDefinitionUtils.<clinit>(BeanDefinitionUtils.java:57)
	... 78 common frames omitted
]]></system-out>
  </testcase>
</testsuite>